        {
            "Event": {
                "@xmlns": "http://schemas.microsoft.com/win/2004/08/events/event",
                "System": {
                    "Provider": {
                        "@Name": "Microsoft-Windows-Security-SPP",
                        "@Guid": "{E23B33B0-C8C9-472C-A5F9-F2BDFEA0F156}",
                        "@EventSourceName": "Software Protection Platform Service"
                    },
                    "EventID": {
                        "@Qualifiers": "49152",
                        "#text": "16394"
                    },
                    "Version": "0",
                    "Level": "4",
                    "Task": "0",
                    "Opcode": "0",
                    "Keywords": "0x0080000000000000",
                    "TimeCreated": {
                        "@SystemTime": "2024-07-26 19:53:53.501286"
                    },
                    "EventRecordID": "776",
                    "Correlation": {
                        "@ActivityID": "",
                        "@RelatedActivityID": ""
                    },
                    "Execution": {
                        "@ProcessID": "9172",
                        "@ThreadID": "0"
                    },
                    "Channel": "Application",
                    "Computer": "DESKTOP-U22SSQ0",
                    "Security": {
                        "@UserID": ""
                    }
                },
                "EventData": {
                    "Data": null,
                    "Binary": null
                }
            }
        },
        {
            "Event": {
                "@xmlns": "http://schemas.microsoft.com/win/2004/08/events/event",
                "System": {
                    "Provider": {
                        "@Name": "Microsoft-Windows-Security-SPP",
                        "@Guid": "{E23B33B0-C8C9-472C-A5F9-F2BDFEA0F156}",
                        "@EventSourceName": "Software Protection Platform Service"
                    },
                    "EventID": {
                        "@Qualifiers": "16384",
                        "#text": "16384"
                    },
                    "Version": "0",
                    "Level": "4",
                    "Task": "0",
                    "Opcode": "0",
                    "Keywords": "0x0080000000000000",
                    "TimeCreated": {
                        "@SystemTime": "2024-07-26 19:54:23.802471"
                    },
                    "EventRecordID": "777",
                    "Correlation": {
                        "@ActivityID": "",
                        "@RelatedActivityID": ""
                    },
                    "Execution": {
                        "@ProcessID": "9172",
                        "@ThreadID": "0"
                    },
                    "Channel": "Application",
                    "Computer": "DESKTOP-U22SSQ0",
                    "Security": {
                        "@UserID": ""
                    }
                },
                "EventData": {
                    "Data": "<string>2024-07-27T18:07:23Z</string>\n<string>RulesEngine</string>",
                    "Binary": null
                }
            }
        },
        {
            "Event": {
                "@xmlns": "http://schemas.microsoft.com/win/2004/08/events/event",
                "System": {
                    "Provider": {
                        "@Name": "Microsoft-Windows-Security-SPP",
                        "@Guid": "{E23B33B0-C8C9-472C-A5F9-F2BDFEA0F156}",
                        "@EventSourceName": "Software Protection Platform Service"
                    },
                    "EventID": {
                        "@Qualifiers": "49152",
                        "#text": "16394"
                    },
                    "Version": "0",
                    "Level": "4",
                    "Task": "0",
                    "Opcode": "0",
                    "Keywords": "0x0080000000000000",
                    "TimeCreated": {
                        "@SystemTime": "2024-07-26 19:55:39.152670"
                    },
                    "EventRecordID": "778",
                    "Correlation": {
                        "@ActivityID": "",
                        "@RelatedActivityID": ""
                    },
                    "Execution": {
                        "@ProcessID": "11424",
                        "@ThreadID": "0"
                    },
                    "Channel": "Application",
                    "Computer": "DESKTOP-U22SSQ0",
                    "Security": {
                        "@UserID": ""
                    }
                },
                "EventData": {
                    "Data": null,
                    "Binary": null
                }
            }
        },
        {
            "Event": {
                "@xmlns": "http://schemas.microsoft.com/win/2004/08/events/event",
                "System": {
                    "Provider": {
                        "@Name": "Microsoft-Windows-Security-SPP",
                        "@Guid": "{E23B33B0-C8C9-472C-A5F9-F2BDFEA0F156}",
                        "@EventSourceName": "Software Protection Platform Service"
                    },
                    "EventID": {
                        "@Qualifiers": "16384",
                        "#text": "16384"
                    },
                    "Version": "0",
                    "Level": "4",
                    "Task": "0",
                    "Opcode": "0",
                    "Keywords": "0x0080000000000000",
                    "TimeCreated": {
                        "@SystemTime": "2024-07-26 19:56:09.522293"
                    },
                    "EventRecordID": "779",
                    "Correlation": {
                        "@ActivityID": "",
                        "@RelatedActivityID": ""
                    },
                    "Execution": {
                        "@ProcessID": "11424",
                        "@ThreadID": "0"
                    },
                    "Channel": "Application",
                    "Computer": "DESKTOP-U22SSQ0",
                    "Security": {
                        "@UserID": ""
                    }
                },
                "EventData": {
                    "Data": "<string>2024-07-27T18:07:09Z</string>\n<string>RulesEngine</string>",
                    "Binary": null
                }
            }
        },
        {
            "Event": {
                "@xmlns": "http://schemas.microsoft.com/win/2004/08/events/event",
                "System": {
                    "Provider": {
                        "@Name": "Microsoft-Windows-Security-SPP",
                        "@Guid": "{E23B33B0-C8C9-472C-A5F9-F2BDFEA0F156}",
                        "@EventSourceName": "Software Protection Platform Service"
                    },
                    "EventID": {
                        "@Qualifiers": "49152",
                        "#text": "16394"
                    },
                    "Version": "0",
                    "Level": "4",
                    "Task": "0",
                    "Opcode": "0",
                    "Keywords": "0x0080000000000000",
                    "TimeCreated": {
                        "@SystemTime": "2024-07-26 20:14:01.470360"
                    },
                    "EventRecordID": "780",
                    "Correlation": {
                        "@ActivityID": "",
                        "@RelatedActivityID": ""
                    },
                    "Execution": {
                        "@ProcessID": "11300",
                        "@ThreadID": "0"
                    },
                    "Channel": "Application",
                    "Computer": "DESKTOP-U22SSQ0",
                    "Security": {
                        "@UserID": ""
                    }
                },
                "EventData": {
                    "Data": null,
                    "Binary": null
                }
            }
        },
        {
            "Event": {
                "@xmlns": "http://schemas.microsoft.com/win/2004/08/events/event",
                "System": {
                    "Provider": {
                        "@Name": "Microsoft-Windows-Security-SPP",
                        "@Guid": "{E23B33B0-C8C9-472C-A5F9-F2BDFEA0F156}",
                        "@EventSourceName": "Software Protection Platform Service"
                    },
                    "EventID": {
                        "@Qualifiers": "16384",
                        "#text": "16384"
                    },
                    "Version": "0",
                    "Level": "4",
                    "Task": "0",
                    "Opcode": "0",
                    "Keywords": "0x0080000000000000",
                    "TimeCreated": {
                        "@SystemTime": "2024-07-26 20:14:31.593321"
                    },
                    "EventRecordID": "781",
                    "Correlation": {
                        "@ActivityID": "",
                        "@RelatedActivityID": ""
                    },
                    "Execution": {
                        "@ProcessID": "11300",
                        "@ThreadID": "0"
                    },
                    "Channel": "Application",
                    "Computer": "DESKTOP-U22SSQ0",
                    "Security": {
                        "@UserID": ""
                    }
                },
                "EventData": {
                    "Data": "<string>2024-07-27T18:07:31Z</string>\n<string>RulesEngine</string>",
                    "Binary": null
                }
            }
        },
        {
            "Event": {
                "@xmlns": "http://schemas.microsoft.com/win/2004/08/events/event",
                "System": {
                    "Provider": {
                        "@Name": "Microsoft-Windows-Security-SPP",
                        "@Guid": "{E23B33B0-C8C9-472C-A5F9-F2BDFEA0F156}",
                        "@EventSourceName": "Software Protection Platform Service"
                    },
                    "EventID": {
                        "@Qualifiers": "49152",
                        "#text": "16394"
                    },
                    "Version": "0",
                    "Level": "4",
                    "Task": "0",
                    "Opcode": "0",
                    "Keywords": "0x0080000000000000",
                    "TimeCreated": {
                        "@SystemTime": "2024-07-26 20:28:10.058767"
                    },
                    "EventRecordID": "782",
                    "Correlation": {
                        "@ActivityID": "",
                        "@RelatedActivityID": ""
                    },
                    "Execution": {
                        "@ProcessID": "7832",
                        "@ThreadID": "0"
                    },
                    "Channel": "Application",
                    "Computer": "DESKTOP-U22SSQ0",
                    "Security": {
                        "@UserID": ""
                    }
                },
                "EventData": {
                    "Data": null,
                    "Binary": null
                }
            }
        },
        {
            "Event": {
                "@xmlns": "http://schemas.microsoft.com/win/2004/08/events/event",
                "System": {
                    "Provider": {
                        "@Name": "Microsoft-Windows-Security-SPP",
                        "@Guid": "{E23B33B0-C8C9-472C-A5F9-F2BDFEA0F156}",
                        "@EventSourceName": "Software Protection Platform Service"
                    },
                    "EventID": {
                        "@Qualifiers": "16384",
                        "#text": "16384"
                    },
                    "Version": "0",
                    "Level": "4",
                    "Task": "0",
                    "Opcode": "0",
                    "Keywords": "0x0080000000000000",
                    "TimeCreated": {
                        "@SystemTime": "2024-07-26 20:28:40.401237"
                    },
                    "EventRecordID": "783",
                    "Correlation": {
                        "@ActivityID": "",
                        "@RelatedActivityID": ""
                    },
                    "Execution": {
                        "@ProcessID": "7832",
                        "@ThreadID": "0"
                    },
                    "Channel": "Application",
                    "Computer": "DESKTOP-U22SSQ0",
                    "Security": {
                        "@UserID": ""
                    }
                },
                "EventData": {
                    "Data": "<string>2024-07-27T18:07:40Z</string>\n<string>RulesEngine</string>",
                    "Binary": null
                }
            }
        },
        {
            "Event": {
                "@xmlns": "http://schemas.microsoft.com/win/2004/08/events/event",
                "System": {
                    "Provider": {
                        "@Name": "Microsoft-Windows-Security-SPP",
                        "@Guid": "{E23B33B0-C8C9-472C-A5F9-F2BDFEA0F156}",
                        "@EventSourceName": "Software Protection Platform Service"
                    },
                    "EventID": {
                        "@Qualifiers": "49152",
                        "#text": "16394"
                    },
                    "Version": "0",
                    "Level": "4",
                    "Task": "0",
                    "Opcode": "0",
                    "Keywords": "0x0080000000000000",
                    "TimeCreated": {
                        "@SystemTime": "2024-07-26 20:42:16.571278"
                    },
                    "EventRecordID": "784",
                    "Correlation": {
                        "@ActivityID": "",
                        "@RelatedActivityID": ""
                    },
                    "Execution": {
                        "@ProcessID": "6284",
                        "@ThreadID": "0"
                    },
                    "Channel": "Application",
                    "Computer": "DESKTOP-U22SSQ0",
                    "Security": {
                        "@UserID": ""
                    }
                },
                "EventData": {
                    "Data": null,
                    "Binary": null
                }
            }
        },
        {
            "Event": {
                "@xmlns": "http://schemas.microsoft.com/win/2004/08/events/event",
                "System": {
                    "Provider": {
                        "@Name": "Microsoft-Windows-Security-SPP",
                        "@Guid": "{E23B33B0-C8C9-472C-A5F9-F2BDFEA0F156}",
                        "@EventSourceName": "Software Protection Platform Service"
                    },
                    "EventID": {
                        "@Qualifiers": "16384",
                        "#text": "16384"
                    },
                    "Version": "0",
                    "Level": "4",
                    "Task": "0",
                    "Opcode": "0",
                    "Keywords": "0x0080000000000000",
                    "TimeCreated": {
                        "@SystemTime": "2024-07-26 20:42:47.007605"
                    },
                    "EventRecordID": "785",
                    "Correlation": {
                        "@ActivityID": "",
                        "@RelatedActivityID": ""
                    },
                    "Execution": {
                        "@ProcessID": "6284",
                        "@ThreadID": "0"
                    },
                    "Channel": "Application",
                    "Computer": "DESKTOP-U22SSQ0",
                    "Security": {
                        "@UserID": ""
                    }
                },
                "EventData": {
                    "Data": "<string>2024-07-27T18:07:46Z</string>\n<string>RulesEngine</string>",
                    "Binary": null
                }
            }
        },
        {
            "Event": {
                "@xmlns": "http://schemas.microsoft.com/win/2004/08/events/event",
                "System": {
                    "Provider": {
                        "@Name": "Microsoft-Windows-Security-SPP",
                        "@Guid": "{E23B33B0-C8C9-472C-A5F9-F2BDFEA0F156}",
                        "@EventSourceName": "Software Protection Platform Service"
                    },
                    "EventID": {
                        "@Qualifiers": "49152",
                        "#text": "16394"
                    },
                    "Version": "0",
                    "Level": "4",
                    "Task": "0",
                    "Opcode": "0",
                    "Keywords": "0x0080000000000000",
                    "TimeCreated": {
                        "@SystemTime": "2024-07-26 21:30:49.066460"
                    },
                    "EventRecordID": "786",
                    "Correlation": {
                        "@ActivityID": "",
                        "@RelatedActivityID": ""
                    },
                    "Execution": {
                        "@ProcessID": "7784",
                        "@ThreadID": "0"
                    },
                    "Channel": "Application",
                    "Computer": "DESKTOP-U22SSQ0",
                    "Security": {
                        "@UserID": ""
                    }
                },
                "EventData": {
                    "Data": null,
                    "Binary": null
                }
            }
        },
        {
            "Event": {
                "@xmlns": "http://schemas.microsoft.com/win/2004/08/events/event",
                "System": {
                    "Provider": {
                        "@Name": "Microsoft-Windows-Security-SPP",
                        "@Guid": "{E23B33B0-C8C9-472C-A5F9-F2BDFEA0F156}",
                        "@EventSourceName": "Software Protection Platform Service"
                    },
                    "EventID": {
                        "@Qualifiers": "16384",
                        "#text": "16384"
                    },
                    "Version": "0",
                    "Level": "4",
                    "Task": "0",
                    "Opcode": "0",
                    "Keywords": "0x0080000000000000",
                    "TimeCreated": {
                        "@SystemTime": "2024-07-26 21:31:19.647240"
                    },
                    "EventRecordID": "787",
                    "Correlation": {
                        "@ActivityID": "",
                        "@RelatedActivityID": ""
                    },
                    "Execution": {
                        "@ProcessID": "7784",
                        "@ThreadID": "0"
                    },
                    "Channel": "Application",
                    "Computer": "DESKTOP-U22SSQ0",
                    "Security": {
                        "@UserID": ""
                    }
                },
                "EventData": {
                    "Data": "<string>2024-07-27T18:07:19Z</string>\n<string>RulesEngine</string>",
                    "Binary": null
                }
            }
        },
        {
            "Event": {
                "@xmlns": "http://schemas.microsoft.com/win/2004/08/events/event",
                "System": {
                    "Provider": {
                        "@Name": "Microsoft-Windows-Security-SPP",
                        "@Guid": "{E23B33B0-C8C9-472C-A5F9-F2BDFEA0F156}",
                        "@EventSourceName": "Software Protection Platform Service"
                    },
                    "EventID": {
                        "@Qualifiers": "49152",
                        "#text": "16394"
                    },
                    "Version": "0",
                    "Level": "4",
                    "Task": "0",
                    "Opcode": "0",
                    "Keywords": "0x0080000000000000",
                    "TimeCreated": {
                        "@SystemTime": "2024-07-26 22:11:35.219788"
                    },
                    "EventRecordID": "788",
                    "Correlation": {
                        "@ActivityID": "",
                        "@RelatedActivityID": ""
                    },
                    "Execution": {
                        "@ProcessID": "11612",
                        "@ThreadID": "0"
                    },
                    "Channel": "Application",
                    "Computer": "DESKTOP-U22SSQ0",
                    "Security": {
                        "@UserID": ""
                    }
                },
                "EventData": {
                    "Data": null,
                    "Binary": null
                }
            }
        },
        {
            "Event": {
                "@xmlns": "http://schemas.microsoft.com/win/2004/08/events/event",
                "System": {
                    "Provider": {
                        "@Name": "Microsoft-Windows-Security-SPP",
                        "@Guid": "{E23B33B0-C8C9-472C-A5F9-F2BDFEA0F156}",
                        "@EventSourceName": "Software Protection Platform Service"
                    },
                    "EventID": {
                        "@Qualifiers": "16384",
                        "#text": "16384"
                    },
                    "Version": "0",
                    "Level": "4",
                    "Task": "0",
                    "Opcode": "0",
                    "Keywords": "0x0080000000000000",
                    "TimeCreated": {
                        "@SystemTime": "2024-07-26 22:12:05.611731"
                    },
                    "EventRecordID": "789",
                    "Correlation": {
                        "@ActivityID": "",
                        "@RelatedActivityID": ""
                    },
                    "Execution": {
                        "@ProcessID": "11612",
                        "@ThreadID": "0"
                    },
                    "Channel": "Application",
                    "Computer": "DESKTOP-U22SSQ0",
                    "Security": {
                        "@UserID": ""
                    }
                },
                "EventData": {
                    "Data": "<string>2024-07-27T18:07:05Z</string>\n<string>RulesEngine</string>",
                    "Binary": null
                }
            }
        },
        {
            "Event": {
                "@xmlns": "http://schemas.microsoft.com/win/2004/08/events/event",
                "System": {
                    "Provider": {
                        "@Name": "SecurityCenter"
                    },
                    "EventID": {
                        "@Qualifiers": "0",
                        "#text": "15"
                    },
                    "Version": "0",
                    "Level": "4",
                    "Task": "0",
                    "Opcode": "0",
                    "Keywords": "0x0080000000000000",
                    "TimeCreated": {
                        "@SystemTime": "2024-07-26 22:40:21.959814"
                    },
                    "EventRecordID": "790",
                    "Correlation": {
                        "@ActivityID": "",
                        "@RelatedActivityID": ""
                    },
                    "Execution": {
                        "@ProcessID": "3916",
                        "@ThreadID": "0"
                    },
                    "Channel": "Application",
                    "Computer": "DESKTOP-U22SSQ0",
                    "Security": {
                        "@UserID": ""
                    }
                },
                "EventData": {
                    "Data": "<string>Windows Defender</string>\n<string>SECURITY_PRODUCT_STATE_ON</string>",
                    "Binary": null
                }
            }
        },
        {
            "Event": {
                "@xmlns": "http://schemas.microsoft.com/win/2004/08/events/event",
                "System": {
                    "Provider": {
                        "@Name": "Microsoft-Windows-Security-SPP",
                        "@Guid": "{E23B33B0-C8C9-472C-A5F9-F2BDFEA0F156}",
                        "@EventSourceName": "Software Protection Platform Service"
                    },
                    "EventID": {
                        "@Qualifiers": "49152",
                        "#text": "16394"
                    },
                    "Version": "0",
                    "Level": "4",
                    "Task": "0",
                    "Opcode": "0",
                    "Keywords": "0x0080000000000000",
                    "TimeCreated": {
                        "@SystemTime": "2024-07-26 23:06:59.876162"
                    },
                    "EventRecordID": "791",
                    "Correlation": {
                        "@ActivityID": "",
                        "@RelatedActivityID": ""
                    },
                    "Execution": {
                        "@ProcessID": "2976",
                        "@ThreadID": "0"
                    },
                    "Channel": "Application",
                    "Computer": "DESKTOP-U22SSQ0",
                    "Security": {
                        "@UserID": ""
                    }
                },
                "EventData": {
                    "Data": null,
                    "Binary": null
                }
            }
        },
        {
            "Event": {
                "@xmlns": "http://schemas.microsoft.com/win/2004/08/events/event",
                "System": {
                    "Provider": {
                        "@Name": "Microsoft-Windows-Security-SPP",
                        "@Guid": "{E23B33B0-C8C9-472C-A5F9-F2BDFEA0F156}",
                        "@EventSourceName": "Software Protection Platform Service"
                    },
                    "EventID": {
                        "@Qualifiers": "16384",
                        "#text": "16384"
                    },
                    "Version": "0",
                    "Level": "4",
                    "Task": "0",
                    "Opcode": "0",
                    "Keywords": "0x0080000000000000",
                    "TimeCreated": {
                        "@SystemTime": "2024-07-26 23:07:30.236151"
                    },
                    "EventRecordID": "792",
                    "Correlation": {
                        "@ActivityID": "",
                        "@RelatedActivityID": ""
                    },
                    "Execution": {
                        "@ProcessID": "2976",
                        "@ThreadID": "0"
                    },
                    "Channel": "Application",
                    "Computer": "DESKTOP-U22SSQ0",
                    "Security": {
                        "@UserID": ""
                    }
                },
                "EventData": {
                    "Data": "<string>2024-07-27T18:07:30Z</string>\n<string>RulesEngine</string>",
                    "Binary": null
                }
            }
        },
        {
            "Event": {
                "@xmlns": "http://schemas.microsoft.com/win/2004/08/events/event",
                "System": {
                    "Provider": {
                        "@Name": "VSS"
                    },
                    "EventID": {
                        "@Qualifiers": "0",
                        "#text": "8224"
                    },
                    "Version": "0",
                    "Level": "4",
                    "Task": "0",
                    "Opcode": "0",
                    "Keywords": "0x0080000000000000",
                    "TimeCreated": {
                        "@SystemTime": "2024-07-26 23:34:57.332541"
                    },
                    "EventRecordID": "793",
                    "Correlation": {
                        "@ActivityID": "",
                        "@RelatedActivityID": ""
                    },
                    "Execution": {
                        "@ProcessID": "8248",
                        "@ThreadID": "0"
                    },
                    "Channel": "Application",
                    "Computer": "DESKTOP-U22SSQ0",
                    "Security": {
                        "@UserID": ""
                    }
                },
                "EventData": {
                    "Data": "<string></string>",
                    "Binary": "LSBDb2RlOiAgQ09SU1ZDQzAwMDAwNzcyLSBDYWxsOiAgQ09SU1ZDQzAwMDAwNzU0LSBQSUQ6ICAwMDAwODI0OC0gVElEOiAgMDAwMDUwMDAtIENNRDogIEM6XFdpbmRvd3Ncc3lzdGVtMzJcdnNzdmMuZXhlICAgLSBVc2VyOiBOYW1lOiBOVCBBVVRIT1JJVFlcU1lTVEVNLCBTSUQ6Uy0xLTUtMTgg"
                }
            }
        },
        {
            "Event": {
                "@xmlns": "http://schemas.microsoft.com/win/2004/08/events/event",
                "System": {
                    "Provider": {
                        "@Name": "Microsoft-Windows-Security-SPP",
                        "@Guid": "{E23B33B0-C8C9-472C-A5F9-F2BDFEA0F156}",
                        "@EventSourceName": "Software Protection Platform Service"
                    },
                    "EventID": {
                        "@Qualifiers": "49152",
                        "#text": "16394"
                    },
                    "Version": "0",
                    "Level": "4",
                    "Task": "0",
                    "Opcode": "0",
                    "Keywords": "0x0080000000000000",
                    "TimeCreated": {
                        "@SystemTime": "2024-07-26 23:57:24.930880"
                    },
                    "EventRecordID": "794",
                    "Correlation": {
                        "@ActivityID": "",
                        "@RelatedActivityID": ""
                    },
                    "Execution": {
                        "@ProcessID": "5740",
                        "@ThreadID": "0"
                    },
                    "Channel": "Application",
                    "Computer": "DESKTOP-U22SSQ0",
                    "Security": {
                        "@UserID": ""
                    }
                },
                "EventData": {
                    "Data": null,
                    "Binary": null
                }
            }
        },
        {
            "Event": {
                "@xmlns": "http://schemas.microsoft.com/win/2004/08/events/event",
                "System": {
                    "Provider": {
                        "@Name": "Microsoft-Windows-Security-SPP",
                        "@Guid": "{E23B33B0-C8C9-472C-A5F9-F2BDFEA0F156}",
                        "@EventSourceName": "Software Protection Platform Service"
                    },
                    "EventID": {
                        "@Qualifiers": "16384",
                        "#text": "16384"
                    },
                    "Version": "0",
                    "Level": "4",
                    "Task": "0",
                    "Opcode": "0",
                    "Keywords": "0x0080000000000000",
                    "TimeCreated": {
                        "@SystemTime": "2024-07-26 23:57:55.070856"
                    },
                    "EventRecordID": "795",
                    "Correlation": {
                        "@ActivityID": "",
                        "@RelatedActivityID": ""
                    },
                    "Execution": {
                        "@ProcessID": "5740",
                        "@ThreadID": "0"
                    },
                    "Channel": "Application",
                    "Computer": "DESKTOP-U22SSQ0",
                    "Security": {
                        "@UserID": ""
                    }
                },
                "EventData": {
                    "Data": "<string>2024-07-27T18:06:55Z</string>\n<string>RulesEngine</string>",
                    "Binary": null
                }
            }
        },
        {
            "Event": {
                "@xmlns": "http://schemas.microsoft.com/win/2004/08/events/event",
                "System": {
                    "Provider": {
                        "@Name": "Microsoft-Windows-Security-SPP",
                        "@Guid": "{E23B33B0-C8C9-472C-A5F9-F2BDFEA0F156}",
                        "@EventSourceName": "Software Protection Platform Service"
                    },
                    "EventID": {
                        "@Qualifiers": "49152",
                        "#text": "16394"
                    },
                    "Version": "0",
                    "Level": "4",
                    "Task": "0",
                    "Opcode": "0",
                    "Keywords": "0x0080000000000000",
                    "TimeCreated": {
                        "@SystemTime": "2024-07-27 00:02:45.960903"
                    },
                    "EventRecordID": "796",
                    "Correlation": {
                        "@ActivityID": "",
                        "@RelatedActivityID": ""
                    },
                    "Execution": {
                        "@ProcessID": "10976",
                        "@ThreadID": "0"
                    },
                    "Channel": "Application",
                    "Computer": "DESKTOP-U22SSQ0",
                    "Security": {
                        "@UserID": ""
                    }
                },
                "EventData": {
                    "Data": null,
                    "Binary": null
                }
            }
        },
        {
            "Event": {
                "@xmlns": "http://schemas.microsoft.com/win/2004/08/events/event",
                "System": {
                    "Provider": {
                        "@Name": "Microsoft-Windows-Security-SPP",
                        "@Guid": "{E23B33B0-C8C9-472C-A5F9-F2BDFEA0F156}",
                        "@EventSourceName": "Software Protection Platform Service"
                    },
                    "EventID": {
                        "@Qualifiers": "16384",
                        "#text": "16384"
                    },
                    "Version": "0",
                    "Level": "4",
                    "Task": "0",
                    "Opcode": "0",
                    "Keywords": "0x0080000000000000",
                    "TimeCreated": {
                        "@SystemTime": "2024-07-27 00:03:16.361448"
                    },
                    "EventRecordID": "797",
                    "Correlation": {
                        "@ActivityID": "",
                        "@RelatedActivityID": ""
                    },
                    "Execution": {
                        "@ProcessID": "10976",
                        "@ThreadID": "0"
                    },
                    "Channel": "Application",
                    "Computer": "DESKTOP-U22SSQ0",
                    "Security": {
                        "@UserID": ""
                    }
                },
                "EventData": {
                    "Data": "<string>2024-07-27T18:07:16Z</string>\n<string>RulesEngine</string>",
                    "Binary": null
                }
            }
        },
        {
            "Event": {
                "@xmlns": "http://schemas.microsoft.com/win/2004/08/events/event",
                "System": {
                    "Provider": {
                        "@Name": "Microsoft-Windows-Security-SPP",
                        "@Guid": "{E23B33B0-C8C9-472C-A5F9-F2BDFEA0F156}",
                        "@EventSourceName": "Software Protection Platform Service"
                    },
                    "EventID": {
                        "@Qualifiers": "49152",
                        "#text": "16394"
                    },
                    "Version": "0",
                    "Level": "4",
                    "Task": "0",
                    "Opcode": "0",
                    "Keywords": "0x0080000000000000",
                    "TimeCreated": {
                        "@SystemTime": "2024-07-27 00:45:37.347248"
                    },
                    "EventRecordID": "798",
                    "Correlation": {
                        "@ActivityID": "",
                        "@RelatedActivityID": ""
                    },
                    "Execution": {
                        "@ProcessID": "11032",
                        "@ThreadID": "0"
                    },
                    "Channel": "Application",
                    "Computer": "DESKTOP-U22SSQ0",
                    "Security": {
                        "@UserID": ""
                    }
                },
                "EventData": {
                    "Data": null,
                    "Binary": null
                }
            }
        },
        {
            "Event": {
                "@xmlns": "http://schemas.microsoft.com/win/2004/08/events/event",
                "System": {
                    "Provider": {
                        "@Name": "Microsoft-Windows-Security-SPP",
                        "@Guid": "{E23B33B0-C8C9-472C-A5F9-F2BDFEA0F156}",
                        "@EventSourceName": "Software Protection Platform Service"
                    },
                    "EventID": {
                        "@Qualifiers": "16384",
                        "#text": "16384"
                    },
                    "Version": "0",
                    "Level": "4",
                    "Task": "0",
                    "Opcode": "0",
                    "Keywords": "0x0080000000000000",
                    "TimeCreated": {
                        "@SystemTime": "2024-07-27 00:46:07.706650"
                    },
                    "EventRecordID": "799",
                    "Correlation": {
                        "@ActivityID": "",
                        "@RelatedActivityID": ""
                    },
                    "Execution": {
                        "@ProcessID": "11032",
                        "@ThreadID": "0"
                    },
                    "Channel": "Application",
                    "Computer": "DESKTOP-U22SSQ0",
                    "Security": {
                        "@UserID": ""
                    }
                },
                "EventData": {
                    "Data": "<string>2024-07-27T18:07:07Z</string>\n<string>RulesEngine</string>",
                    "Binary": null
                }
            }
        },
        {
            "Event": {
                "@xmlns": "http://schemas.microsoft.com/win/2004/08/events/event",
                "System": {
                    "Provider": {
                        "@Name": "edgeupdate"
                    },
                    "EventID": {
                        "@Qualifiers": "0",
                        "#text": "0"
                    },
                    "Version": "0",
                    "Level": "4",
                    "Task": "0",
                    "Opcode": "0",
                    "Keywords": "0x0080000000000000",
                    "TimeCreated": {
                        "@SystemTime": "2024-07-27 00:48:05.241014"
                    },
                    "EventRecordID": "800",
                    "Correlation": {
                        "@ActivityID": "",
                        "@RelatedActivityID": ""
                    },
                    "Execution": {
                        "@ProcessID": "3776",
                        "@ThreadID": "0"
                    },
                    "Channel": "Application",
                    "Computer": "DESKTOP-U22SSQ0",
                    "Security": {
                        "@UserID": ""
                    }
                },
                "EventData": {
                    "Data": "<string>Service stopped</string>",
                    "Binary": null
                }
            }
        },
        {
            "Event": {
                "@xmlns": "http://schemas.microsoft.com/win/2004/08/events/event",
                "System": {
                    "Provider": {
                        "@Name": "Microsoft-Windows-Security-SPP",
                        "@Guid": "{E23B33B0-C8C9-472C-A5F9-F2BDFEA0F156}",
                        "@EventSourceName": "Software Protection Platform Service"
                    },
                    "EventID": {
                        "@Qualifiers": "49152",
                        "#text": "16394"
                    },
                    "Version": "0",
                    "Level": "4",
                    "Task": "0",
                    "Opcode": "0",
                    "Keywords": "0x0080000000000000",
                    "TimeCreated": {
                        "@SystemTime": "2024-07-27 00:51:06.973236"
                    },
                    "EventRecordID": "801",
                    "Correlation": {
                        "@ActivityID": "",
                        "@RelatedActivityID": ""
                    },
                    "Execution": {
                        "@ProcessID": "5940",
                        "@ThreadID": "0"
                    },
                    "Channel": "Application",
                    "Computer": "DESKTOP-U22SSQ0",
                    "Security": {
                        "@UserID": ""
                    }
                },
                "EventData": {
                    "Data": null,
                    "Binary": null
                }
            }
        },
        {
            "Event": {
                "@xmlns": "http://schemas.microsoft.com/win/2004/08/events/event",
                "System": {
                    "Provider": {
                        "@Name": "Microsoft-Windows-Security-SPP",
                        "@Guid": "{E23B33B0-C8C9-472C-A5F9-F2BDFEA0F156}",
                        "@EventSourceName": "Software Protection Platform Service"
                    },
                    "EventID": {
                        "@Qualifiers": "16384",
                        "#text": "16384"
                    },
                    "Version": "0",
                    "Level": "4",
                    "Task": "0",
                    "Opcode": "0",
                    "Keywords": "0x0080000000000000",
                    "TimeCreated": {
                        "@SystemTime": "2024-07-27 00:51:37.269871"
                    },
                    "EventRecordID": "802",
                    "Correlation": {
                        "@ActivityID": "",
                        "@RelatedActivityID": ""
                    },
                    "Execution": {
                        "@ProcessID": "5940",
                        "@ThreadID": "0"
                    },
                    "Channel": "Application",
                    "Computer": "DESKTOP-U22SSQ0",
                    "Security": {
                        "@UserID": ""
                    }
                },
                "EventData": {
                    "Data": "<string>2024-07-27T18:07:37Z</string>\n<string>RulesEngine</string>",
                    "Binary": null
                }
            }
        },
        {
            "Event": {
                "@xmlns": "http://schemas.microsoft.com/win/2004/08/events/event",
                "System": {
                    "Provider": {
                        "@Name": "Microsoft-Windows-Security-SPP",
                        "@Guid": "{E23B33B0-C8C9-472C-A5F9-F2BDFEA0F156}",
                        "@EventSourceName": "Software Protection Platform Service"
                    },
                    "EventID": {
                        "@Qualifiers": "49152",
                        "#text": "16394"
                    },
                    "Version": "0",
                    "Level": "4",
                    "Task": "0",
                    "Opcode": "0",
                    "Keywords": "0x0080000000000000",
                    "TimeCreated": {
                        "@SystemTime": "2024-07-28 04:54:44.400782"
                    },
                    "EventRecordID": "803",
                    "Correlation": {
                        "@ActivityID": "",
                        "@RelatedActivityID": ""
                    },
                    "Execution": {
                        "@ProcessID": "12564",
                        "@ThreadID": "0"
                    },
                    "Channel": "Application",
                    "Computer": "DESKTOP-U22SSQ0",
                    "Security": {
                        "@UserID": ""
                    }
                },
                "EventData": {
                    "Data": null,
                    "Binary": null
                }
            }
        },
        {
            "Event": {
                "@xmlns": "http://schemas.microsoft.com/win/2004/08/events/event",
                "System": {
                    "Provider": {
                        "@Name": "SecurityCenter"
                    },
                    "EventID": {
                        "@Qualifiers": "0",
                        "#text": "15"
                    },
                    "Version": "0",
                    "Level": "4",
                    "Task": "0",
                    "Opcode": "0",
                    "Keywords": "0x0080000000000000",
                    "TimeCreated": {
                        "@SystemTime": "2024-07-28 04:54:46.999430"
                    },
                    "EventRecordID": "804",
                    "Correlation": {
                        "@ActivityID": "",
                        "@RelatedActivityID": ""
                    },
                    "Execution": {
                        "@ProcessID": "3916",
                        "@ThreadID": "0"
                    },
                    "Channel": "Application",
                    "Computer": "DESKTOP-U22SSQ0",
                    "Security": {
                        "@UserID": ""
                    }
                },
                "EventData": {
                    "Data": "<string>Windows Defender</string>\n<string>SECURITY_PRODUCT_STATE_ON</string>",
                    "Binary": null
                }
            }
        },
