        {
            "Event": {
                "@xmlns": "http://schemas.microsoft.com/win/2004/08/events/event",
                "System": {
                    "Provider": {
                        "@Name": "Microsoft-Windows-Security-SPP",
                        "@Guid": "{E23B33B0-C8C9-472C-A5F9-F2BDFEA0F156}",
                        "@EventSourceName": "Software Protection Platform Service"
                    },
                    "EventID": {
                        "@Qualifiers": "16384",
                        "#text": "1034"
                    },
                    "Version": "0",
                    "Level": "4",
                    "Task": "0",
                    "Opcode": "0",
                    "Keywords": "0x0080000000000000",
                    "TimeCreated": {
                        "@SystemTime": "2024-07-24 16:25:32.482578"
                    },
                    "EventRecordID": "645",
                    "Correlation": {
                        "@ActivityID": "",
                        "@RelatedActivityID": ""
                    },
                    "Execution": {
                        "@ProcessID": "9492",
                        "@ThreadID": "0"
                    },
                    "Channel": "Application",
                    "Computer": "DESKTOP-U22SSQ0",
                    "Security": {
                        "@UserID": ""
                    }
                },
                "EventData": {
                    "Data": "<string>AAD-AddDeviceJoinUserToAdminGroup-Policy</string>\n<string>100</string>",
                    "Binary": null
                }
            }
        },
        {
            "Event": {
                "@xmlns": "http://schemas.microsoft.com/win/2004/08/events/event",
                "System": {
                    "Provider": {
                        "@Name": "Microsoft-Windows-Security-SPP",
                        "@Guid": "{E23B33B0-C8C9-472C-A5F9-F2BDFEA0F156}",
                        "@EventSourceName": "Software Protection Platform Service"
                    },
                    "EventID": {
                        "@Qualifiers": "16384",
                        "#text": "1034"
                    },
                    "Version": "0",
                    "Level": "4",
                    "Task": "0",
                    "Opcode": "0",
                    "Keywords": "0x0080000000000000",
                    "TimeCreated": {
                        "@SystemTime": "2024-07-24 16:25:32.495424"
                    },
                    "EventRecordID": "646",
                    "Correlation": {
                        "@ActivityID": "",
                        "@RelatedActivityID": ""
                    },
                    "Execution": {
                        "@ProcessID": "9492",
                        "@ThreadID": "0"
                    },
                    "Channel": "Application",
                    "Computer": "DESKTOP-U22SSQ0",
                    "Security": {
                        "@UserID": ""
                    }
                },
                "EventData": {
                    "Data": "<string>AAD-AddDeviceJoinUserToAdminGroup-Policy</string>\n<string>100</string>",
                    "Binary": null
                }
            }
        },
        {
            "Event": {
                "@xmlns": "http://schemas.microsoft.com/win/2004/08/events/event",
                "System": {
                    "Provider": {
                        "@Name": "Microsoft-Windows-Security-SPP",
                        "@Guid": "{E23B33B0-C8C9-472C-A5F9-F2BDFEA0F156}",
                        "@EventSourceName": "Software Protection Platform Service"
                    },
                    "EventID": {
                        "@Qualifiers": "16384",
                        "#text": "1034"
                    },
                    "Version": "0",
                    "Level": "4",
                    "Task": "0",
                    "Opcode": "0",
                    "Keywords": "0x0080000000000000",
                    "TimeCreated": {
                        "@SystemTime": "2024-07-24 16:25:32.509317"
                    },
                    "EventRecordID": "647",
                    "Correlation": {
                        "@ActivityID": "",
                        "@RelatedActivityID": ""
                    },
                    "Execution": {
                        "@ProcessID": "9492",
                        "@ThreadID": "0"
                    },
                    "Channel": "Application",
                    "Computer": "DESKTOP-U22SSQ0",
                    "Security": {
                        "@UserID": ""
                    }
                },
                "EventData": {
                    "Data": "<string>AAD-AddDeviceJoinUserToAdminGroup-Policy</string>\n<string>100</string>",
                    "Binary": null
                }
            }
        },
        {
            "Event": {
                "@xmlns": "http://schemas.microsoft.com/win/2004/08/events/event",
                "System": {
                    "Provider": {
                        "@Name": "Microsoft-Windows-Security-SPP",
                        "@Guid": "{E23B33B0-C8C9-472C-A5F9-F2BDFEA0F156}",
                        "@EventSourceName": "Software Protection Platform Service"
                    },
                    "EventID": {
                        "@Qualifiers": "16384",
                        "#text": "1034"
                    },
                    "Version": "0",
                    "Level": "4",
                    "Task": "0",
                    "Opcode": "0",
                    "Keywords": "0x0080000000000000",
                    "TimeCreated": {
                        "@SystemTime": "2024-07-24 16:25:32.521791"
                    },
                    "EventRecordID": "648",
                    "Correlation": {
                        "@ActivityID": "",
                        "@RelatedActivityID": ""
                    },
                    "Execution": {
                        "@ProcessID": "9492",
                        "@ThreadID": "0"
                    },
                    "Channel": "Application",
                    "Computer": "DESKTOP-U22SSQ0",
                    "Security": {
                        "@UserID": ""
                    }
                },
                "EventData": {
                    "Data": "<string>AAD-AddDeviceJoinUserToAdminGroup-Policy</string>\n<string>100</string>",
                    "Binary": null
                }
            }
        },
        {
            "Event": {
                "@xmlns": "http://schemas.microsoft.com/win/2004/08/events/event",
                "System": {
                    "Provider": {
                        "@Name": "Microsoft-Windows-Security-SPP",
                        "@Guid": "{E23B33B0-C8C9-472C-A5F9-F2BDFEA0F156}",
                        "@EventSourceName": "Software Protection Platform Service"
                    },
                    "EventID": {
                        "@Qualifiers": "16384",
                        "#text": "1034"
                    },
                    "Version": "0",
                    "Level": "4",
                    "Task": "0",
                    "Opcode": "0",
                    "Keywords": "0x0080000000000000",
                    "TimeCreated": {
                        "@SystemTime": "2024-07-24 16:25:32.536757"
                    },
                    "EventRecordID": "649",
                    "Correlation": {
                        "@ActivityID": "",
                        "@RelatedActivityID": ""
                    },
                    "Execution": {
                        "@ProcessID": "9492",
                        "@ThreadID": "0"
                    },
                    "Channel": "Application",
                    "Computer": "DESKTOP-U22SSQ0",
                    "Security": {
                        "@UserID": ""
                    }
                },
                "EventData": {
                    "Data": "<string>AAD-AddDeviceJoinUserToAdminGroup-Policy</string>\n<string>100</string>",
                    "Binary": null
                }
            }
        },
        {
            "Event": {
                "@xmlns": "http://schemas.microsoft.com/win/2004/08/events/event",
                "System": {
                    "Provider": {
                        "@Name": "Microsoft-Windows-Security-SPP",
                        "@Guid": "{E23B33B0-C8C9-472C-A5F9-F2BDFEA0F156}",
                        "@EventSourceName": "Software Protection Platform Service"
                    },
                    "EventID": {
                        "@Qualifiers": "16384",
                        "#text": "1034"
                    },
                    "Version": "0",
                    "Level": "4",
                    "Task": "0",
                    "Opcode": "0",
                    "Keywords": "0x0080000000000000",
                    "TimeCreated": {
                        "@SystemTime": "2024-07-24 16:25:32.550051"
                    },
                    "EventRecordID": "650",
                    "Correlation": {
                        "@ActivityID": "",
                        "@RelatedActivityID": ""
                    },
                    "Execution": {
                        "@ProcessID": "9492",
                        "@ThreadID": "0"
                    },
                    "Channel": "Application",
                    "Computer": "DESKTOP-U22SSQ0",
                    "Security": {
                        "@UserID": ""
                    }
                },
                "EventData": {
                    "Data": "<string>AAD-AddDeviceJoinUserToAdminGroup-Policy</string>\n<string>100</string>",
                    "Binary": null
                }
            }
        },
        {
            "Event": {
                "@xmlns": "http://schemas.microsoft.com/win/2004/08/events/event",
                "System": {
                    "Provider": {
                        "@Name": "Microsoft-Windows-Security-SPP",
                        "@Guid": "{E23B33B0-C8C9-472C-A5F9-F2BDFEA0F156}",
                        "@EventSourceName": "Software Protection Platform Service"
                    },
                    "EventID": {
                        "@Qualifiers": "16384",
                        "#text": "1034"
                    },
                    "Version": "0",
                    "Level": "4",
                    "Task": "0",
                    "Opcode": "0",
                    "Keywords": "0x0080000000000000",
                    "TimeCreated": {
                        "@SystemTime": "2024-07-24 16:25:32.562876"
                    },
                    "EventRecordID": "651",
                    "Correlation": {
                        "@ActivityID": "",
                        "@RelatedActivityID": ""
                    },
                    "Execution": {
                        "@ProcessID": "9492",
                        "@ThreadID": "0"
                    },
                    "Channel": "Application",
                    "Computer": "DESKTOP-U22SSQ0",
                    "Security": {
                        "@UserID": ""
                    }
                },
                "EventData": {
                    "Data": "<string>AAD-AddDeviceJoinUserToAdminGroup-Policy</string>\n<string>100</string>",
                    "Binary": null
                }
            }
        },
        {
            "Event": {
                "@xmlns": "http://schemas.microsoft.com/win/2004/08/events/event",
                "System": {
                    "Provider": {
                        "@Name": "Microsoft-Windows-Security-SPP",
                        "@Guid": "{E23B33B0-C8C9-472C-A5F9-F2BDFEA0F156}",
                        "@EventSourceName": "Software Protection Platform Service"
                    },
                    "EventID": {
                        "@Qualifiers": "16384",
                        "#text": "1034"
                    },
                    "Version": "0",
                    "Level": "4",
                    "Task": "0",
                    "Opcode": "0",
                    "Keywords": "0x0080000000000000",
                    "TimeCreated": {
                        "@SystemTime": "2024-07-24 16:25:32.575335"
                    },
                    "EventRecordID": "652",
                    "Correlation": {
                        "@ActivityID": "",
                        "@RelatedActivityID": ""
                    },
                    "Execution": {
                        "@ProcessID": "9492",
                        "@ThreadID": "0"
                    },
                    "Channel": "Application",
                    "Computer": "DESKTOP-U22SSQ0",
                    "Security": {
                        "@UserID": ""
                    }
                },
                "EventData": {
                    "Data": "<string>AAD-AddDeviceJoinUserToAdminGroup-Policy</string>\n<string>100</string>",
                    "Binary": null
                }
            }
        },
        {
            "Event": {
                "@xmlns": "http://schemas.microsoft.com/win/2004/08/events/event",
                "System": {
                    "Provider": {
                        "@Name": "Microsoft-Windows-Security-SPP",
                        "@Guid": "{E23B33B0-C8C9-472C-A5F9-F2BDFEA0F156}",
                        "@EventSourceName": "Software Protection Platform Service"
                    },
                    "EventID": {
                        "@Qualifiers": "16384",
                        "#text": "1034"
                    },
                    "Version": "0",
                    "Level": "4",
                    "Task": "0",
                    "Opcode": "0",
                    "Keywords": "0x0080000000000000",
                    "TimeCreated": {
                        "@SystemTime": "2024-07-24 16:25:32.588062"
                    },
                    "EventRecordID": "653",
                    "Correlation": {
                        "@ActivityID": "",
                        "@RelatedActivityID": ""
                    },
                    "Execution": {
                        "@ProcessID": "9492",
                        "@ThreadID": "0"
                    },
                    "Channel": "Application",
                    "Computer": "DESKTOP-U22SSQ0",
                    "Security": {
                        "@UserID": ""
                    }
                },
                "EventData": {
                    "Data": "<string>AAD-AddDeviceJoinUserToAdminGroup-Policy</string>\n<string>100</string>",
                    "Binary": null
                }
            }
        },
        {
            "Event": {
                "@xmlns": "http://schemas.microsoft.com/win/2004/08/events/event",
                "System": {
                    "Provider": {
                        "@Name": "Microsoft-Windows-Security-SPP",
                        "@Guid": "{E23B33B0-C8C9-472C-A5F9-F2BDFEA0F156}",
                        "@EventSourceName": "Software Protection Platform Service"
                    },
                    "EventID": {
                        "@Qualifiers": "16384",
                        "#text": "1034"
                    },
                    "Version": "0",
                    "Level": "4",
                    "Task": "0",
                    "Opcode": "0",
                    "Keywords": "0x0080000000000000",
                    "TimeCreated": {
                        "@SystemTime": "2024-07-24 16:25:32.601467"
                    },
                    "EventRecordID": "654",
                    "Correlation": {
                        "@ActivityID": "",
                        "@RelatedActivityID": ""
                    },
                    "Execution": {
                        "@ProcessID": "9492",
                        "@ThreadID": "0"
                    },
                    "Channel": "Application",
                    "Computer": "DESKTOP-U22SSQ0",
                    "Security": {
                        "@UserID": ""
                    }
                },
                "EventData": {
                    "Data": "<string>AAD-AddDeviceJoinUserToAdminGroup-Policy</string>\n<string>100</string>",
                    "Binary": null
                }
            }
        },
        {
            "Event": {
                "@xmlns": "http://schemas.microsoft.com/win/2004/08/events/event",
                "System": {
                    "Provider": {
                        "@Name": "Microsoft-Windows-Security-SPP",
                        "@Guid": "{E23B33B0-C8C9-472C-A5F9-F2BDFEA0F156}",
                        "@EventSourceName": "Software Protection Platform Service"
                    },
                    "EventID": {
                        "@Qualifiers": "16384",
                        "#text": "1034"
                    },
                    "Version": "0",
                    "Level": "4",
                    "Task": "0",
                    "Opcode": "0",
                    "Keywords": "0x0080000000000000",
                    "TimeCreated": {
                        "@SystemTime": "2024-07-24 16:25:32.606571"
                    },
                    "EventRecordID": "655",
                    "Correlation": {
                        "@ActivityID": "",
                        "@RelatedActivityID": ""
                    },
                    "Execution": {
                        "@ProcessID": "9492",
                        "@ThreadID": "0"
                    },
                    "Channel": "Application",
                    "Computer": "DESKTOP-U22SSQ0",
                    "Security": {
                        "@UserID": ""
                    }
                },
                "EventData": {
                    "Data": "<string>Security-SPP-WriteWauMarker</string>\n<string>500</string>",
                    "Binary": null
                }
            }
        },
        {
            "Event": {
                "@xmlns": "http://schemas.microsoft.com/win/2004/08/events/event",
                "System": {
                    "Provider": {
                        "@Name": "Microsoft-Windows-Security-SPP",
                        "@Guid": "{E23B33B0-C8C9-472C-A5F9-F2BDFEA0F156}",
                        "@EventSourceName": "Software Protection Platform Service"
                    },
                    "EventID": {
                        "@Qualifiers": "16384",
                        "#text": "16384"
                    },
                    "Version": "0",
                    "Level": "4",
                    "Task": "0",
                    "Opcode": "0",
                    "Keywords": "0x0080000000000000",
                    "TimeCreated": {
                        "@SystemTime": "2024-07-24 16:26:02.742332"
                    },
                    "EventRecordID": "656",
                    "Correlation": {
                        "@ActivityID": "",
                        "@RelatedActivityID": ""
                    },
                    "Execution": {
                        "@ProcessID": "9492",
                        "@ThreadID": "0"
                    },
                    "Channel": "Application",
                    "Computer": "DESKTOP-U22SSQ0",
                    "Security": {
                        "@UserID": ""
                    }
                },
                "EventData": {
                    "Data": "<string>2024-07-25T16:23:02Z</string>\n<string>RulesEngine</string>",
                    "Binary": null
                }
            }
        },
        {
            "Event": {
                "@xmlns": "http://schemas.microsoft.com/win/2004/08/events/event",
                "System": {
                    "Provider": {
                        "@Name": "Microsoft-Windows-Security-SPP",
                        "@Guid": "{E23B33B0-C8C9-472C-A5F9-F2BDFEA0F156}",
                        "@EventSourceName": "Software Protection Platform Service"
                    },
                    "EventID": {
                        "@Qualifiers": "49152",
                        "#text": "16394"
                    },
                    "Version": "0",
                    "Level": "4",
                    "Task": "0",
                    "Opcode": "0",
                    "Keywords": "0x0080000000000000",
                    "TimeCreated": {
                        "@SystemTime": "2024-07-24 16:26:40.628576"
                    },
                    "EventRecordID": "657",
                    "Correlation": {
                        "@ActivityID": "",
                        "@RelatedActivityID": ""
                    },
                    "Execution": {
                        "@ProcessID": "6476",
                        "@ThreadID": "0"
                    },
                    "Channel": "Application",
                    "Computer": "DESKTOP-U22SSQ0",
                    "Security": {
                        "@UserID": ""
                    }
                },
                "EventData": {
                    "Data": null,
                    "Binary": null
                }
            }
        },
        {
            "Event": {
                "@xmlns": "http://schemas.microsoft.com/win/2004/08/events/event",
                "System": {
                    "Provider": {
                        "@Name": "Microsoft-Windows-Security-SPP",
                        "@Guid": "{E23B33B0-C8C9-472C-A5F9-F2BDFEA0F156}",
                        "@EventSourceName": "Software Protection Platform Service"
                    },
                    "EventID": {
                        "@Qualifiers": "16384",
                        "#text": "16384"
                    },
                    "Version": "0",
                    "Level": "4",
                    "Task": "0",
                    "Opcode": "0",
                    "Keywords": "0x0080000000000000",
                    "TimeCreated": {
                        "@SystemTime": "2024-07-24 16:27:29.964136"
                    },
                    "EventRecordID": "658",
                    "Correlation": {
                        "@ActivityID": "",
                        "@RelatedActivityID": ""
                    },
                    "Execution": {
                        "@ProcessID": "6476",
                        "@ThreadID": "0"
                    },
                    "Channel": "Application",
                    "Computer": "DESKTOP-U22SSQ0",
                    "Security": {
                        "@UserID": ""
                    }
                },
                "EventData": {
                    "Data": "<string>2024-07-25T16:23:29Z</string>\n<string>RulesEngine</string>",
                    "Binary": null
                }
            }
        },
        {
            "Event": {
                "@xmlns": "http://schemas.microsoft.com/win/2004/08/events/event",
                "System": {
                    "Provider": {
                        "@Name": "Microsoft-Windows-Security-SPP",
                        "@Guid": "{E23B33B0-C8C9-472C-A5F9-F2BDFEA0F156}",
                        "@EventSourceName": "Software Protection Platform Service"
                    },
                    "EventID": {
                        "@Qualifiers": "49152",
                        "#text": "16394"
                    },
                    "Version": "0",
                    "Level": "4",
                    "Task": "0",
                    "Opcode": "0",
                    "Keywords": "0x0080000000000000",
                    "TimeCreated": {
                        "@SystemTime": "2024-07-24 16:27:54.943968"
                    },
                    "EventRecordID": "659",
                    "Correlation": {
                        "@ActivityID": "",
                        "@RelatedActivityID": ""
                    },
                    "Execution": {
                        "@ProcessID": "3988",
                        "@ThreadID": "0"
                    },
                    "Channel": "Application",
                    "Computer": "DESKTOP-U22SSQ0",
                    "Security": {
                        "@UserID": ""
                    }
                },
                "EventData": {
                    "Data": null,
                    "Binary": null
                }
            }
        },
        {
            "Event": {
                "@xmlns": "http://schemas.microsoft.com/win/2004/08/events/event",
                "System": {
                    "Provider": {
                        "@Name": "Microsoft-Windows-Security-SPP",
                        "@Guid": "{E23B33B0-C8C9-472C-A5F9-F2BDFEA0F156}",
                        "@EventSourceName": "Software Protection Platform Service"
                    },
                    "EventID": {
                        "@Qualifiers": "16384",
                        "#text": "16384"
                    },
                    "Version": "0",
                    "Level": "4",
                    "Task": "0",
                    "Opcode": "0",
                    "Keywords": "0x0080000000000000",
                    "TimeCreated": {
                        "@SystemTime": "2024-07-24 16:28:25.391369"
                    },
                    "EventRecordID": "660",
                    "Correlation": {
                        "@ActivityID": "",
                        "@RelatedActivityID": ""
                    },
                    "Execution": {
                        "@ProcessID": "3988",
                        "@ThreadID": "0"
                    },
                    "Channel": "Application",
                    "Computer": "DESKTOP-U22SSQ0",
                    "Security": {
                        "@UserID": ""
                    }
                },
                "EventData": {
                    "Data": "<string>2024-07-25T16:23:25Z</string>\n<string>RulesEngine</string>",
                    "Binary": null
                }
            }
        },
        {
            "Event": {
                "@xmlns": "http://schemas.microsoft.com/win/2004/08/events/event",
                "System": {
                    "Provider": {
                        "@Name": "SecurityCenter"
                    },
                    "EventID": {
                        "@Qualifiers": "0",
                        "#text": "15"
                    },
                    "Version": "0",
                    "Level": "4",
                    "Task": "0",
                    "Opcode": "0",
                    "Keywords": "0x0080000000000000",
                    "TimeCreated": {
                        "@SystemTime": "2024-07-24 16:34:09.725113"
                    },
                    "EventRecordID": "661",
                    "Correlation": {
                        "@ActivityID": "",
                        "@RelatedActivityID": ""
                    },
                    "Execution": {
                        "@ProcessID": "3916",
                        "@ThreadID": "0"
                    },
                    "Channel": "Application",
                    "Computer": "DESKTOP-U22SSQ0",
                    "Security": {
                        "@UserID": ""
                    }
                },
                "EventData": {
                    "Data": "<string>Windows Defender</string>\n<string>SECURITY_PRODUCT_STATE_ON</string>",
                    "Binary": null
                }
            }
        },
        {
            "Event": {
                "@xmlns": "http://schemas.microsoft.com/win/2004/08/events/event",
                "System": {
                    "Provider": {
                        "@Name": "ESENT"
                    },
                    "EventID": {
                        "@Qualifiers": "0",
                        "#text": "102"
                    },
                    "Version": "0",
                    "Level": "4",
                    "Task": "1",
                    "Opcode": "0",
                    "Keywords": "0x0080000000000000",
                    "TimeCreated": {
                        "@SystemTime": "2024-07-24 16:34:40.446297"
                    },
                    "EventRecordID": "662",
                    "Correlation": {
                        "@ActivityID": "",
                        "@RelatedActivityID": ""
                    },
                    "Execution": {
                        "@ProcessID": "3788",
                        "@ThreadID": "0"
                    },
                    "Channel": "Application",
                    "Computer": "DESKTOP-U22SSQ0",
                    "Security": {
                        "@UserID": ""
                    }
                },
                "EventData": {
                    "Data": "<string>svchost</string>\n<string>3788,P,98,0</string>\n<string>DS_Token_DB: </string>\n<string>0</string>\n<string>10</string>\n<string>00</string>\n<string>26100</string>\n<string>0000</string>",
                    "Binary": null
                }
            }
        },
        {
            "Event": {
                "@xmlns": "http://schemas.microsoft.com/win/2004/08/events/event",
                "System": {
                    "Provider": {
                        "@Name": "ESENT"
                    },
                    "EventID": {
                        "@Qualifiers": "0",
                        "#text": "105"
                    },
                    "Version": "0",
                    "Level": "4",
                    "Task": "1",
                    "Opcode": "0",
                    "Keywords": "0x0080000000000000",
                    "TimeCreated": {
                        "@SystemTime": "2024-07-24 16:34:40.473967"
                    },
                    "EventRecordID": "663",
                    "Correlation": {
                        "@ActivityID": "",
                        "@RelatedActivityID": ""
                    },
                    "Execution": {
                        "@ProcessID": "3788",
                        "@ThreadID": "0"
                    },
                    "Channel": "Application",
                    "Computer": "DESKTOP-U22SSQ0",
                    "Security": {
                        "@UserID": ""
                    }
                },
                "EventData": {
                    "Data": "<string>svchost</string>\n<string>3788,D,0,0</string>\n<string>DS_Token_DB: </string>\n<string>0</string>\n<string>0.047</string>\n<string>\n[1] 0.004974 +J(0) +M(C:0K, Fs:180, WS:708K # 708K, PF:2660K # 2660K, P:2660K)\n[2] 0.004848 +J(0) +M(C:8K, Fs:259, WS:1028K # 1028K, PF:1240K # 1240K, P:1240K)\n[3] 0.000027 +J(0) +M(C:0K, Fs:3, WS:4K # 4K, PF:72K # 72K, P:72K)\n[4] 0.000317 +J(0) +M(C:0K, Fs:33, WS:132K # 132K, PF:176K # 176K, P:176K)\n[5] 0.002600 +J(0) +M(C:0K, Fs:19, WS:76K # 76K, PF:20K # 20K, P:20K)\n[6] 0.009877 +J(0) +M(C:0K, Fs:34, WS:136K # 136K, PF:12K # 12K, P:12K)\n[7] -\n[8] -\n[9] -\n[10] -\n[11] -\n[12] -\n[13] 0.015820 -0.001078 (4) WT +J(CM:0, PgRf:0, Rd:0/0, Dy:0/0, Lg:616/1) +M(C:0K, Fs:90, WS:296K # 344K, PF:24K # 84K, P:24K)\n[14] 0.000028 +J(0) +M(C:0K, Fs:6, WS:24K # 0K, PF:0K # 0K, P:0K)\n[15] 0.000176 +J(0) +M(C:0K, Fs:23, WS:92K # 68K, PF:64K # 4K, P:64K)\n[16] 0.007898 -0.000224 (3) WT +J(0) +M(C:0K, Fs:10, WS:32K # 32K, PF:4K # 8K, P:4K).</string>\n<string>RBSOn = 0\n</string>",
                    "Binary": null
                }
            }
        },
        {
            "Event": {
                "@xmlns": "http://schemas.microsoft.com/win/2004/08/events/event",
                "System": {
                    "Provider": {
                        "@Name": "ESENT"
                    },
                    "EventID": {
                        "@Qualifiers": "0",
                        "#text": "325"
                    },
                    "Version": "0",
                    "Level": "4",
                    "Task": "1",
                    "Opcode": "0",
                    "Keywords": "0x0080000000000000",
                    "TimeCreated": {
                        "@SystemTime": "2024-07-24 16:34:40.568819"
                    },
                    "EventRecordID": "664",
                    "Correlation": {
                        "@ActivityID": "",
                        "@RelatedActivityID": ""
                    },
                    "Execution": {
                        "@ProcessID": "3788",
                        "@ThreadID": "0"
                    },
                    "Channel": "Application",
                    "Computer": "DESKTOP-U22SSQ0",
                    "Security": {
                        "@UserID": ""
                    }
                },
                "EventData": {
                    "Data": "<string>svchost</string>\n<string>3788,D,35,0</string>\n<string>DS_Token_DB: </string>\n<string>1</string>\n<string>C:\\Windows\\system32\\config\\systemprofile\\AppData\\Local\\DataSharing\\Storage\\DSTokenDB2.dat</string>\n<string>0</string>\n<string>\n[1] 0.000087 +J(0) +M(C:0K, Fs:2, WS:8K # 8K, PF:4K # 4K, P:4K)\n[2] 0.002217 -0.000424 (1) WT +J(CM:0, PgRf:0, Rd:0/0, Dy:0/0, Lg:3480/2) +M(C:0K, Fs:2, WS:8K # 8K, PF:0K # 0K, P:0K)\n[3] 0.008554 -0.000142 (3) WT +J(0) +M(C:0K, Fs:16, WS:60K # 64K, PF:20K # 24K, P:20K)\n[4] 0.013760 -0.010888 (1) WT +J(0) +M(C:0K, Fs:56, WS:224K # 220K, PF:88K # 84K, P:88K)\n[5] 0.004927 -0.001700 (3) WT +J(CM:0, PgRf:3, Rd:0/0, Dy:3/6, Lg:122/4) +M(C:8K, Fs:71, WS:280K # 280K, PF:172K # 176K, P:172K)\n[6] 0.010471 -0.005567 (1) WT +J(CM:0, PgRf:259, Rd:0/0, Dy:16/440, Lg:28550/479) +M(C:64K, Fs:161, WS:636K # 636K, PF:556K # 552K, P:556K)\n[7] 0.002629 -0.001510 (3) WT +J(CM:0, PgRf:0, Rd:0/0, Dy:0/0, Lg:4096/3) +M(C:0K, Fs:2, WS:4K # 8K, PF:0K # 4K, P:0K)\n[8] 0.000004 +J(0)\n[9] 0.003843 -0.002275 (4) WT +J(0) +M(C:0K, Fs:4, WS:12K # 8K, PF:0K # 0K, P:0K)\n[10] 0.046966 -0.019440 (32) CM -0.021565 (44) WT +J(CM:32, PgRf:428, Rd:0/32, Dy:10/106, Lg:17039/155) +M(C:-24K, Fs:79, WS:260K # 264K, PF:132K # 132K, P:132K)\n[11] 0.000003 +J(0).</string>\n<string>0 0</string>\n<string>lgposCreate = 00000001:0001:0268,\ndbv = 1568.300.620 (9620)</string>",
                    "Binary": null
                }
            }
        },
        {
            "Event": {
                "@xmlns": "http://schemas.microsoft.com/win/2004/08/events/event",
                "System": {
                    "Provider": {
                        "@Name": "SecurityCenter"
                    },
                    "EventID": {
                        "@Qualifiers": "0",
                        "#text": "15"
                    },
                    "Version": "0",
                    "Level": "4",
                    "Task": "0",
                    "Opcode": "0",
                    "Keywords": "0x0080000000000000",
                    "TimeCreated": {
                        "@SystemTime": "2024-07-24 16:34:42.172155"
                    },
                    "EventRecordID": "665",
                    "Correlation": {
                        "@ActivityID": "",
                        "@RelatedActivityID": ""
                    },
                    "Execution": {
                        "@ProcessID": "3916",
                        "@ThreadID": "0"
                    },
                    "Channel": "Application",
                    "Computer": "DESKTOP-U22SSQ0",
                    "Security": {
                        "@UserID": ""
                    }
                },
                "EventData": {
                    "Data": "<string>Windows Defender</string>\n<string>SECURITY_PRODUCT_STATE_ON</string>",
                    "Binary": null
                }
            }
        },
        {
            "Event": {
                "@xmlns": "http://schemas.microsoft.com/win/2004/08/events/event",
                "System": {
                    "Provider": {
                        "@Name": "VSS"
                    },
                    "EventID": {
                        "@Qualifiers": "0",
                        "#text": "8224"
                    },
                    "Version": "0",
                    "Level": "4",
                    "Task": "0",
                    "Opcode": "0",
                    "Keywords": "0x0080000000000000",
                    "TimeCreated": {
                        "@SystemTime": "2024-07-24 16:37:40.638773"
                    },
                    "EventRecordID": "666",
                    "Correlation": {
                        "@ActivityID": "",
                        "@RelatedActivityID": ""
                    },
                    "Execution": {
                        "@ProcessID": "3772",
                        "@ThreadID": "0"
                    },
                    "Channel": "Application",
                    "Computer": "DESKTOP-U22SSQ0",
                    "Security": {
                        "@UserID": ""
                    }
                },
                "EventData": {
                    "Data": "<string></string>",
                    "Binary": "LSBDb2RlOiAgQ09SU1ZDQzAwMDAwNzcyLSBDYWxsOiAgQ09SU1ZDQzAwMDAwNzU0LSBQSUQ6ICAwMDAwMzc3Mi0gVElEOiAgMDAwMDE2NzYtIENNRDogIEM6XFdpbmRvd3Ncc3lzdGVtMzJcdnNzdmMuZXhlICAgLSBVc2VyOiBOYW1lOiBOVCBBVVRIT1JJVFlcU1lTVEVNLCBTSUQ6Uy0xLTUtMTgg"
                }
            }
        },
        {
            "Event": {
                "@xmlns": "http://schemas.microsoft.com/win/2004/08/events/event",
                "System": {
                    "Provider": {
                        "@Name": "Microsoft-Windows-Security-SPP",
                        "@Guid": "{E23B33B0-C8C9-472C-A5F9-F2BDFEA0F156}",
                        "@EventSourceName": "Software Protection Platform Service"
                    },
                    "EventID": {
                        "@Qualifiers": "49152",
                        "#text": "16394"
                    },
                    "Version": "0",
                    "Level": "4",
                    "Task": "0",
                    "Opcode": "0",
                    "Keywords": "0x0080000000000000",
                    "TimeCreated": {
                        "@SystemTime": "2024-07-24 16:39:52.733845"
                    },
                    "EventRecordID": "667",
                    "Correlation": {
                        "@ActivityID": "",
                        "@RelatedActivityID": ""
                    },
                    "Execution": {
                        "@ProcessID": "1436",
                        "@ThreadID": "0"
                    },
                    "Channel": "Application",
                    "Computer": "DESKTOP-U22SSQ0",
                    "Security": {
                        "@UserID": ""
                    }
                },
                "EventData": {
                    "Data": null,
                    "Binary": null
                }
            }
        },
        {
            "Event": {
                "@xmlns": "http://schemas.microsoft.com/win/2004/08/events/event",
                "System": {
                    "Provider": {
                        "@Name": "Microsoft-Windows-Security-SPP",
                        "@Guid": "{E23B33B0-C8C9-472C-A5F9-F2BDFEA0F156}",
                        "@EventSourceName": "Software Protection Platform Service"
                    },
                    "EventID": {
                        "@Qualifiers": "16384",
                        "#text": "16384"
                    },
                    "Version": "0",
                    "Level": "4",
                    "Task": "0",
                    "Opcode": "0",
                    "Keywords": "0x0080000000000000",
                    "TimeCreated": {
                        "@SystemTime": "2024-07-24 16:40:58.483643"
                    },
                    "EventRecordID": "668",
                    "Correlation": {
                        "@ActivityID": "",
                        "@RelatedActivityID": ""
                    },
                    "Execution": {
                        "@ProcessID": "1436",
                        "@ThreadID": "0"
                    },
                    "Channel": "Application",
                    "Computer": "DESKTOP-U22SSQ0",
                    "Security": {
                        "@UserID": ""
                    }
                },
                "EventData": {
                    "Data": "<string>2024-07-25T16:22:58Z</string>\n<string>RulesEngine</string>",
                    "Binary": null
                }
            }
        },
        {
            "Event": {
                "@xmlns": "http://schemas.microsoft.com/win/2004/08/events/event",
                "System": {
                    "Provider": {
                        "@Name": "SecurityCenter"
                    },
                    "EventID": {
                        "@Qualifiers": "0",
                        "#text": "15"
                    },
                    "Version": "0",
                    "Level": "4",
                    "Task": "0",
                    "Opcode": "0",
                    "Keywords": "0x0080000000000000",
                    "TimeCreated": {
                        "@SystemTime": "2024-07-24 16:43:49.232239"
                    },
                    "EventRecordID": "669",
                    "Correlation": {
                        "@ActivityID": "",
                        "@RelatedActivityID": ""
                    },
                    "Execution": {
                        "@ProcessID": "3916",
                        "@ThreadID": "0"
                    },
                    "Channel": "Application",
                    "Computer": "DESKTOP-U22SSQ0",
                    "Security": {
                        "@UserID": ""
                    }
                },
                "EventData": {
                    "Data": "<string>Windows Defender</string>\n<string>SECURITY_PRODUCT_STATE_ON</string>",
                    "Binary": null
                }
            }
        },
        {
            "Event": {
                "@xmlns": "http://schemas.microsoft.com/win/2004/08/events/event",
                "System": {
                    "Provider": {
                        "@Name": "Windows Error Reporting",
                        "@Guid": "{0ead09bd-2157-539a-8d6d-c87f95b64d70}"
                    },
                    "EventID": {
                        "@Qualifiers": "",
                        "#text": "1001"
                    },
                    "Version": "0",
                    "Level": "4",
                    "Task": "0",
                    "Opcode": "0",
                    "Keywords": "0x8000000000000000",
                    "TimeCreated": {
                        "@SystemTime": "2024-07-24 16:46:17.240110"
                    },
                    "EventRecordID": "670",
                    "Correlation": {
                        "@ActivityID": "",
                        "@RelatedActivityID": ""
                    },
                    "Execution": {
                        "@ProcessID": "3452",
                        "@ThreadID": "7948"
                    },
                    "Channel": "Application",
                    "Computer": "DESKTOP-U22SSQ0",
                    "Security": {
                        "@UserID": "S-1-5-18"
                    }
                },
                "EventData": {
                    "Data": [
                        {
                            "@Name": "Bucket",
                            "#text": "2206787632545153662"
                        },
                        {
                            "@Name": "BucketType",
                            "#text": "5"
                        },
                        {
                            "@Name": "EventName",
                            "#text": "crashpad_log"
                        },
                        {
                            "@Name": "Response",
                            "#text": "Not available"
                        },
                        {
                            "@Name": "CabId",
                            "#text": "0"
                        },
                        {
                            "@Name": "P1",
                            "#text": "MicrosoftEdgeUpdate.exe"
                        },
                        {
                            "@Name": "P2",
                            "#text": "1.3.193.5"
                        },
                        {
                            "@Name": "P3",
                            "#text": "PostOOBEDiagnostics_2"
                        },
                        {
                            "@Name": "P4",
                            "#text": "0x80040827"
                        },
                        {
                            "@Name": "P5"
                        },
                        {
                            "@Name": "P6"
                        },
                        {
                            "@Name": "P7"
                        },
                        {
                            "@Name": "P8"
                        },
                        {
                            "@Name": "P9"
                        },
                        {
                            "@Name": "P10"
                        },
                        {
                            "@Name": "AttachedFiles",
                            "#text": "\\\\?\\C:\\ProgramData\\Microsoft\\EdgeUpdate\\Log\\MicrosoftEdgeUpdate.log\n\\\\?\\C:\\Windows\\Temp\\msedge_installer.log\n\\\\?\\C:\\ProgramData\\Microsoft\\Windows\\WER\\Temp\\WER.cd890f98-a3ba-4ae3-be70-11740fe72260.tmp.WERInternalMetadata.xml\nWPR_initiated_DiagTrackMiniLogger_OneTrace_User_Logger_20240719_1_EC_0_inject.etl\n\\\\?\\C:\\ProgramData\\Microsoft\\Windows\\WER\\Temp\\WER.c252f5fb-b566-4f7c-be88-e369fcff8127.tmp.etl\nWPR_initiated_DiagTrackMiniLogger_WPR System Collector_inject.etl\n\\\\?\\C:\\ProgramData\\Microsoft\\Windows\\WER\\Temp\\WER.f6274147-1943-4762-8036-a1578f7e1d6c.tmp.etl\n\\\\?\\C:\\ProgramData\\Microsoft\\Windows\\WER\\Temp\\WER.38b3e5ee-4bc3-45ea-8df3-9a0874d92792.tmp.csv\n\\\\?\\C:\\ProgramData\\Microsoft\\Windows\\WER\\Temp\\WER.01ff0f1e-181e-4656-a79e-477f2812bcfc.tmp.txt\n\\\\?\\C:\\ProgramData\\Microsoft\\Windows\\WER\\Temp\\WER.72e93005-095a-4837-a713-5e5dfeef42e9.tmp.xml"
                        },
                        {
                            "@Name": "StorePath",
                            "#text": "\\\\?\\C:\\ProgramData\\Microsoft\\Windows\\WER\\ReportArchive\\NonCritical_MicrosoftEdgeUpd_748016c9ccc563f44922d21f9f71fe23cc20e58a_00000000_59078f75-1fa1-4279-a908-a4c401289679"
                        },
                        {
                            "@Name": "AnalysisSymbol"
                        },
                        {
                            "@Name": "Rechecking",
                            "#text": "0"
                        },
                        {
                            "@Name": "ReportId",
                            "#text": "59078f75-1fa1-4279-a908-a4c401289679"
                        },
                        {
                            "@Name": "ReportStatus",
                            "#text": "268435456"
                        },
                        {
                            "@Name": "HashedBucket",
                            "#text": "af5c5578946fcb6fcea015a8e494427e"
                        },
                        {
                            "@Name": "CabGuid",
                            "#text": "0"
                        }
                    ]
                }
            }
        },
