        {
            "Event": {
                "@xmlns": "http://schemas.microsoft.com/win/2004/08/events/event",
                "System": {
                    "Provider": {
                        "@Name": "Microsoft-Windows-Security-SPP",
                        "@Guid": "{E23B33B0-C8C9-472C-A5F9-F2BDFEA0F156}",
                        "@EventSourceName": "Software Protection Platform Service"
                    },
                    "EventID": {
                        "@Qualifiers": "16384",
                        "#text": "16384"
                    },
                    "Version": "0",
                    "Level": "4",
                    "Task": "0",
                    "Opcode": "0",
                    "Keywords": "0x0080000000000000",
                    "TimeCreated": {
                        "@SystemTime": "2024-07-29 15:54:02.284214"
                    },
                    "EventRecordID": "886",
                    "Correlation": {
                        "@ActivityID": "",
                        "@RelatedActivityID": ""
                    },
                    "Execution": {
                        "@ProcessID": "7596",
                        "@ThreadID": "0"
                    },
                    "Channel": "Application",
                    "Computer": "DESKTOP-U22SSQ0",
                    "Security": {
                        "@UserID": ""
                    }
                },
                "EventData": {
                    "Data": "<string>2024-07-30T15:51:02Z</string>\n<string>RulesEngine</string>",
                    "Binary": null
                }
            }
        },
        {
            "Event": {
                "@xmlns": "http://schemas.microsoft.com/win/2004/08/events/event",
                "System": {
                    "Provider": {
                        "@Name": "Microsoft-Windows-CAPI2",
                        "@Guid": "{5bbca4a8-b209-48dc-a8c7-b23d3e5216fb}",
                        "@EventSourceName": "Microsoft-Windows-CAPI2"
                    },
                    "EventID": {
                        "@Qualifiers": "0",
                        "#text": "4097"
                    },
                    "Version": "0",
                    "Level": "4",
                    "Task": "0",
                    "Opcode": "0",
                    "Keywords": "0x8080000000000000",
                    "TimeCreated": {
                        "@SystemTime": "2024-07-29 15:58:01.623384"
                    },
                    "EventRecordID": "887",
                    "Correlation": {
                        "@ActivityID": "",
                        "@RelatedActivityID": ""
                    },
                    "Execution": {
                        "@ProcessID": "1268",
                        "@ThreadID": "1444"
                    },
                    "Channel": "Application",
                    "Computer": "DESKTOP-U22SSQ0",
                    "Security": {
                        "@UserID": ""
                    }
                },
                "EventData": {
                    "Data": "<string>CN=AddTrust External CA Root, OU=AddTrust External TTP Network, O=AddTrust AB, C=SE</string>\n<string>02FAF3E291435468607857694DF5E45B68851868</string>",
                    "Binary": null
                }
            }
        },
        {
            "Event": {
                "@xmlns": "http://schemas.microsoft.com/win/2004/08/events/event",
                "System": {
                    "Provider": {
                        "@Name": "Microsoft-Windows-CAPI2",
                        "@Guid": "{5bbca4a8-b209-48dc-a8c7-b23d3e5216fb}",
                        "@EventSourceName": "Microsoft-Windows-CAPI2"
                    },
                    "EventID": {
                        "@Qualifiers": "0",
                        "#text": "4097"
                    },
                    "Version": "0",
                    "Level": "4",
                    "Task": "0",
                    "Opcode": "0",
                    "Keywords": "0x8080000000000000",
                    "TimeCreated": {
                        "@SystemTime": "2024-07-29 15:58:01.639061"
                    },
                    "EventRecordID": "888",
                    "Correlation": {
                        "@ActivityID": "",
                        "@RelatedActivityID": ""
                    },
                    "Execution": {
                        "@ProcessID": "1268",
                        "@ThreadID": "1444"
                    },
                    "Channel": "Application",
                    "Computer": "DESKTOP-U22SSQ0",
                    "Security": {
                        "@UserID": ""
                    }
                },
                "EventData": {
                    "Data": "<string>CN=UTN-USERFirst-Object, OU=http://www.usertrust.com, O=The USERTRUST Network, L=Salt Lake City, S=UT, C=US</string>\n<string>E12DFB4B41D7D9C32B30514BAC1D81D8385E2D46</string>",
                    "Binary": null
                }
            }
        },
        {
            "Event": {
                "@xmlns": "http://schemas.microsoft.com/win/2004/08/events/event",
                "System": {
                    "Provider": {
                        "@Name": "Microsoft-Windows-CAPI2",
                        "@Guid": "{5bbca4a8-b209-48dc-a8c7-b23d3e5216fb}",
                        "@EventSourceName": "Microsoft-Windows-CAPI2"
                    },
                    "EventID": {
                        "@Qualifiers": "0",
                        "#text": "4097"
                    },
                    "Version": "0",
                    "Level": "4",
                    "Task": "0",
                    "Opcode": "0",
                    "Keywords": "0x8080000000000000",
                    "TimeCreated": {
                        "@SystemTime": "2024-07-29 15:58:01.655746"
                    },
                    "EventRecordID": "889",
                    "Correlation": {
                        "@ActivityID": "",
                        "@RelatedActivityID": ""
                    },
                    "Execution": {
                        "@ProcessID": "1268",
                        "@ThreadID": "1444"
                    },
                    "Channel": "Application",
                    "Computer": "DESKTOP-U22SSQ0",
                    "Security": {
                        "@UserID": ""
                    }
                },
                "EventData": {
                    "Data": "<string>CN=COMODO RSA Certification Authority, O=COMODO CA Limited, L=Salford, S=Greater Manchester, C=GB</string>\n<string>AFE5D244A8D1194230FF479FE2F897BBCD7A8CB4</string>",
                    "Binary": null
                }
            }
        },
        {
            "Event": {
                "@xmlns": "http://schemas.microsoft.com/win/2004/08/events/event",
                "System": {
                    "Provider": {
                        "@Name": "Microsoft-Windows-Security-SPP",
                        "@Guid": "{E23B33B0-C8C9-472C-A5F9-F2BDFEA0F156}",
                        "@EventSourceName": "Software Protection Platform Service"
                    },
                    "EventID": {
                        "@Qualifiers": "49152",
                        "#text": "16394"
                    },
                    "Version": "0",
                    "Level": "4",
                    "Task": "0",
                    "Opcode": "0",
                    "Keywords": "0x0080000000000000",
                    "TimeCreated": {
                        "@SystemTime": "2024-07-29 15:59:56.018490"
                    },
                    "EventRecordID": "890",
                    "Correlation": {
                        "@ActivityID": "",
                        "@RelatedActivityID": ""
                    },
                    "Execution": {
                        "@ProcessID": "6696",
                        "@ThreadID": "0"
                    },
                    "Channel": "Application",
                    "Computer": "DESKTOP-U22SSQ0",
                    "Security": {
                        "@UserID": ""
                    }
                },
                "EventData": {
                    "Data": null,
                    "Binary": null
                }
            }
        },
        {
            "Event": {
                "@xmlns": "http://schemas.microsoft.com/win/2004/08/events/event",
                "System": {
                    "Provider": {
                        "@Name": "Microsoft-Windows-Security-SPP",
                        "@Guid": "{E23B33B0-C8C9-472C-A5F9-F2BDFEA0F156}",
                        "@EventSourceName": "Software Protection Platform Service"
                    },
                    "EventID": {
                        "@Qualifiers": "16384",
                        "#text": "16384"
                    },
                    "Version": "0",
                    "Level": "4",
                    "Task": "0",
                    "Opcode": "0",
                    "Keywords": "0x0080000000000000",
                    "TimeCreated": {
                        "@SystemTime": "2024-07-29 16:00:29.348209"
                    },
                    "EventRecordID": "891",
                    "Correlation": {
                        "@ActivityID": "",
                        "@RelatedActivityID": ""
                    },
                    "Execution": {
                        "@ProcessID": "6696",
                        "@ThreadID": "0"
                    },
                    "Channel": "Application",
                    "Computer": "DESKTOP-U22SSQ0",
                    "Security": {
                        "@UserID": ""
                    }
                },
                "EventData": {
                    "Data": "<string>2024-07-30T15:51:29Z</string>\n<string>RulesEngine</string>",
                    "Binary": null
                }
            }
        },
        {
            "Event": {
                "@xmlns": "http://schemas.microsoft.com/win/2004/08/events/event",
                "System": {
                    "Provider": {
                        "@Name": "SecurityCenter"
                    },
                    "EventID": {
                        "@Qualifiers": "0",
                        "#text": "15"
                    },
                    "Version": "0",
                    "Level": "4",
                    "Task": "0",
                    "Opcode": "0",
                    "Keywords": "0x0080000000000000",
                    "TimeCreated": {
                        "@SystemTime": "2024-07-29 16:02:06.360523"
                    },
                    "EventRecordID": "892",
                    "Correlation": {
                        "@ActivityID": "",
                        "@RelatedActivityID": ""
                    },
                    "Execution": {
                        "@ProcessID": "5364",
                        "@ThreadID": "0"
                    },
                    "Channel": "Application",
                    "Computer": "DESKTOP-U22SSQ0",
                    "Security": {
                        "@UserID": ""
                    }
                },
                "EventData": {
                    "Data": "<string>Windows Defender</string>\n<string>SECURITY_PRODUCT_STATE_ON</string>",
                    "Binary": null
                }
            }
        },
        {
            "Event": {
                "@xmlns": "http://schemas.microsoft.com/win/2004/08/events/event",
                "System": {
                    "Provider": {
                        "@Name": "Microsoft-Windows-CAPI2",
                        "@Guid": "{5bbca4a8-b209-48dc-a8c7-b23d3e5216fb}",
                        "@EventSourceName": "Microsoft-Windows-CAPI2"
                    },
                    "EventID": {
                        "@Qualifiers": "0",
                        "#text": "4097"
                    },
                    "Version": "0",
                    "Level": "4",
                    "Task": "0",
                    "Opcode": "0",
                    "Keywords": "0x8080000000000000",
                    "TimeCreated": {
                        "@SystemTime": "2024-07-29 16:05:00.162773"
                    },
                    "EventRecordID": "893",
                    "Correlation": {
                        "@ActivityID": "",
                        "@RelatedActivityID": ""
                    },
                    "Execution": {
                        "@ProcessID": "1268",
                        "@ThreadID": "1444"
                    },
                    "Channel": "Application",
                    "Computer": "DESKTOP-U22SSQ0",
                    "Security": {
                        "@UserID": ""
                    }
                },
                "EventData": {
                    "Data": "<string>CN=ISRG Root X1, O=Internet Security Research Group, C=US</string>\n<string>CABD2A79A1076A31F21D253635CB039D4329A5E8</string>",
                    "Binary": null
                }
            }
        },
        {
            "Event": {
                "@xmlns": "http://schemas.microsoft.com/win/2004/08/events/event",
                "System": {
                    "Provider": {
                        "@Name": "Windows Error Reporting",
                        "@Guid": "{0ead09bd-2157-539a-8d6d-c87f95b64d70}"
                    },
                    "EventID": {
                        "@Qualifiers": "",
                        "#text": "1001"
                    },
                    "Version": "0",
                    "Level": "4",
                    "Task": "0",
                    "Opcode": "0",
                    "Keywords": "0x8000000000000000",
                    "TimeCreated": {
                        "@SystemTime": "2024-07-29 16:06:33.289570"
                    },
                    "EventRecordID": "894",
                    "Correlation": {
                        "@ActivityID": "{971670ca-3ff3-42bf-bf5b-46ab1ca37d25}",
                        "@RelatedActivityID": ""
                    },
                    "Execution": {
                        "@ProcessID": "9868",
                        "@ThreadID": "10448"
                    },
                    "Channel": "Application",
                    "Computer": "DESKTOP-U22SSQ0",
                    "Security": {
                        "@UserID": "S-1-5-21-1835899131-2478691454-1335663275-1001"
                    }
                },
                "EventData": {
                    "Data": [
                        {
                            "@Name": "Bucket",
                            "#text": "1404093610170442060"
                        },
                        {
                            "@Name": "BucketType",
                            "#text": "5"
                        },
                        {
                            "@Name": "EventName",
                            "#text": "RADAR_PRE_LEAK_64"
                        },
                        {
                            "@Name": "Response",
                            "#text": "Not available"
                        },
                        {
                            "@Name": "CabId",
                            "#text": "0"
                        },
                        {
                            "@Name": "P1",
                            "#text": "java.exe"
                        },
                        {
                            "@Name": "P2",
                            "#text": "8.52.0.23"
                        },
                        {
                            "@Name": "P3",
                            "#text": "10.0.26100.2.0.0"
                        },
                        {
                            "@Name": "P4"
                        },
                        {
                            "@Name": "P5"
                        },
                        {
                            "@Name": "P6"
                        },
                        {
                            "@Name": "P7"
                        },
                        {
                            "@Name": "P8"
                        },
                        {
                            "@Name": "P9"
                        },
                        {
                            "@Name": "P10"
                        },
                        {
                            "@Name": "AttachedFiles",
                            "#text": "\\\\?\\C:\\Users\\Rohith\\AppData\\Local\\Temp\\RDR5D8.tmp\\empty.txt\n\\\\?\\C:\\ProgramData\\Microsoft\\Windows\\WER\\Temp\\WER.9e9843d4-0b58-42c5-8504-0496cff934ef.tmp.WERInternalMetadata.xml\nWPR_initiated_DiagTrackMiniLogger_OneTrace_User_Logger_20240716_1_EC_0_inject.etl\n\\\\?\\C:\\ProgramData\\Microsoft\\Windows\\WER\\Temp\\WER.5724b3c2-416a-468b-9854-8c9eab8175c8.tmp.etl\nWPR_initiated_DiagTrackMiniLogger_WPR System Collector_inject.etl\n\\\\?\\C:\\ProgramData\\Microsoft\\Windows\\WER\\Temp\\WER.6f71d0f9-28c0-49ba-9b10-b6f98da3bfb8.tmp.etl\n\\\\?\\C:\\ProgramData\\Microsoft\\Windows\\WER\\Temp\\WER.32afefe7-d1d1-4f00-9339-6516ac0b864b.tmp.csv\n\\\\?\\C:\\ProgramData\\Microsoft\\Windows\\WER\\Temp\\WER.bed09c2d-b02e-4045-a76e-1edb1bb92159.tmp.txt\n\\\\?\\C:\\ProgramData\\Microsoft\\Windows\\WER\\Temp\\WER.f3b9df3e-313e-49d0-b933-6d2ab7069141.tmp.xml"
                        },
                        {
                            "@Name": "StorePath",
                            "#text": "NULL"
                        },
                        {
                            "@Name": "AnalysisSymbol"
                        },
                        {
                            "@Name": "Rechecking",
                            "#text": "0"
                        },
                        {
                            "@Name": "ReportId",
                            "#text": "c13256d4-43f9-46e5-ab1d-5157d4829296"
                        },
                        {
                            "@Name": "ReportStatus",
                            "#text": "268435456"
                        },
                        {
                            "@Name": "HashedBucket",
                            "#text": "112dcaed9d832ef7c37c57b3019ae14c"
                        },
                        {
                            "@Name": "CabGuid",
                            "#text": "0"
                        }
                    ]
                }
            }
        },
        {
            "Event": {
                "@xmlns": "http://schemas.microsoft.com/win/2004/08/events/event",
                "System": {
                    "Provider": {
                        "@Name": "Microsoft-Windows-Security-SPP",
                        "@Guid": "{E23B33B0-C8C9-472C-A5F9-F2BDFEA0F156}",
                        "@EventSourceName": "Software Protection Platform Service"
                    },
                    "EventID": {
                        "@Qualifiers": "49152",
                        "#text": "16394"
                    },
                    "Version": "0",
                    "Level": "4",
                    "Task": "0",
                    "Opcode": "0",
                    "Keywords": "0x0080000000000000",
                    "TimeCreated": {
                        "@SystemTime": "2024-07-29 16:15:56.356110"
                    },
                    "EventRecordID": "895",
                    "Correlation": {
                        "@ActivityID": "",
                        "@RelatedActivityID": ""
                    },
                    "Execution": {
                        "@ProcessID": "3424",
                        "@ThreadID": "0"
                    },
                    "Channel": "Application",
                    "Computer": "DESKTOP-U22SSQ0",
                    "Security": {
                        "@UserID": ""
                    }
                },
                "EventData": {
                    "Data": null,
                    "Binary": null
                }
            }
        },
        {
            "Event": {
                "@xmlns": "http://schemas.microsoft.com/win/2004/08/events/event",
                "System": {
                    "Provider": {
                        "@Name": "Microsoft-Windows-Security-SPP",
                        "@Guid": "{E23B33B0-C8C9-472C-A5F9-F2BDFEA0F156}",
                        "@EventSourceName": "Software Protection Platform Service"
                    },
                    "EventID": {
                        "@Qualifiers": "16384",
                        "#text": "16384"
                    },
                    "Version": "0",
                    "Level": "4",
                    "Task": "0",
                    "Opcode": "0",
                    "Keywords": "0x0080000000000000",
                    "TimeCreated": {
                        "@SystemTime": "2024-07-29 16:16:26.729534"
                    },
                    "EventRecordID": "896",
                    "Correlation": {
                        "@ActivityID": "",
                        "@RelatedActivityID": ""
                    },
                    "Execution": {
                        "@ProcessID": "3424",
                        "@ThreadID": "0"
                    },
                    "Channel": "Application",
                    "Computer": "DESKTOP-U22SSQ0",
                    "Security": {
                        "@UserID": ""
                    }
                },
                "EventData": {
                    "Data": "<string>2024-07-30T15:51:26Z</string>\n<string>RulesEngine</string>",
                    "Binary": null
                }
            }
        },
        {
            "Event": {
                "@xmlns": "http://schemas.microsoft.com/win/2004/08/events/event",
                "System": {
                    "Provider": {
                        "@Name": "Microsoft-Windows-Security-SPP",
                        "@Guid": "{E23B33B0-C8C9-472C-A5F9-F2BDFEA0F156}",
                        "@EventSourceName": "Software Protection Platform Service"
                    },
                    "EventID": {
                        "@Qualifiers": "49152",
                        "#text": "16394"
                    },
                    "Version": "0",
                    "Level": "4",
                    "Task": "0",
                    "Opcode": "0",
                    "Keywords": "0x0080000000000000",
                    "TimeCreated": {
                        "@SystemTime": "2024-07-29 16:29:49.508541"
                    },
                    "EventRecordID": "897",
                    "Correlation": {
                        "@ActivityID": "",
                        "@RelatedActivityID": ""
                    },
                    "Execution": {
                        "@ProcessID": "6716",
                        "@ThreadID": "0"
                    },
                    "Channel": "Application",
                    "Computer": "DESKTOP-U22SSQ0",
                    "Security": {
                        "@UserID": ""
                    }
                },
                "EventData": {
                    "Data": null,
                    "Binary": null
                }
            }
        },
        {
            "Event": {
                "@xmlns": "http://schemas.microsoft.com/win/2004/08/events/event",
                "System": {
                    "Provider": {
                        "@Name": "Microsoft-Windows-Security-SPP",
                        "@Guid": "{E23B33B0-C8C9-472C-A5F9-F2BDFEA0F156}",
                        "@EventSourceName": "Software Protection Platform Service"
                    },
                    "EventID": {
                        "@Qualifiers": "16384",
                        "#text": "16384"
                    },
                    "Version": "0",
                    "Level": "4",
                    "Task": "0",
                    "Opcode": "0",
                    "Keywords": "0x0080000000000000",
                    "TimeCreated": {
                        "@SystemTime": "2024-07-29 16:30:19.907785"
                    },
                    "EventRecordID": "898",
                    "Correlation": {
                        "@ActivityID": "",
                        "@RelatedActivityID": ""
                    },
                    "Execution": {
                        "@ProcessID": "6716",
                        "@ThreadID": "0"
                    },
                    "Channel": "Application",
                    "Computer": "DESKTOP-U22SSQ0",
                    "Security": {
                        "@UserID": ""
                    }
                },
                "EventData": {
                    "Data": "<string>2024-07-30T15:51:19Z</string>\n<string>RulesEngine</string>",
                    "Binary": null
                }
            }
        },
        {
            "Event": {
                "@xmlns": "http://schemas.microsoft.com/win/2004/08/events/event",
                "System": {
                    "Provider": {
                        "@Name": "VSS"
                    },
                    "EventID": {
                        "@Qualifiers": "0",
                        "#text": "8224"
                    },
                    "Version": "0",
                    "Level": "4",
                    "Task": "0",
                    "Opcode": "0",
                    "Keywords": "0x0080000000000000",
                    "TimeCreated": {
                        "@SystemTime": "2024-07-29 16:56:32.520727"
                    },
                    "EventRecordID": "899",
                    "Correlation": {
                        "@ActivityID": "",
                        "@RelatedActivityID": ""
                    },
                    "Execution": {
                        "@ProcessID": "5460",
                        "@ThreadID": "0"
                    },
                    "Channel": "Application",
                    "Computer": "DESKTOP-U22SSQ0",
                    "Security": {
                        "@UserID": ""
                    }
                },
                "EventData": {
                    "Data": "<string></string>",
                    "Binary": "LSBDb2RlOiAgQ09SU1ZDQzAwMDAwNzcyLSBDYWxsOiAgQ09SU1ZDQzAwMDAwNzU0LSBQSUQ6ICAwMDAwNTQ2MC0gVElEOiAgMDAwMDA2MjgtIENNRDogIEM6XFdpbmRvd3Ncc3lzdGVtMzJcdnNzdmMuZXhlICAgLSBVc2VyOiBOYW1lOiBOVCBBVVRIT1JJVFlcU1lTVEVNLCBTSUQ6Uy0xLTUtMTgg"
                }
            }
        },
        {
            "Event": {
                "@xmlns": "http://schemas.microsoft.com/win/2004/08/events/event",
                "System": {
                    "Provider": {
                        "@Name": "Microsoft-Windows-Security-SPP",
                        "@Guid": "{E23B33B0-C8C9-472C-A5F9-F2BDFEA0F156}",
                        "@EventSourceName": "Software Protection Platform Service"
                    },
                    "EventID": {
                        "@Qualifiers": "49152",
                        "#text": "16394"
                    },
                    "Version": "0",
                    "Level": "4",
                    "Task": "0",
                    "Opcode": "0",
                    "Keywords": "0x0080000000000000",
                    "TimeCreated": {
                        "@SystemTime": "2024-07-29 17:25:48.268888"
                    },
                    "EventRecordID": "900",
                    "Correlation": {
                        "@ActivityID": "",
                        "@RelatedActivityID": ""
                    },
                    "Execution": {
                        "@ProcessID": "11496",
                        "@ThreadID": "0"
                    },
                    "Channel": "Application",
                    "Computer": "DESKTOP-U22SSQ0",
                    "Security": {
                        "@UserID": ""
                    }
                },
                "EventData": {
                    "Data": null,
                    "Binary": null
                }
            }
        },
        {
            "Event": {
                "@xmlns": "http://schemas.microsoft.com/win/2004/08/events/event",
                "System": {
                    "Provider": {
                        "@Name": "Microsoft-Windows-Security-SPP",
                        "@Guid": "{E23B33B0-C8C9-472C-A5F9-F2BDFEA0F156}",
                        "@EventSourceName": "Software Protection Platform Service"
                    },
                    "EventID": {
                        "@Qualifiers": "16384",
                        "#text": "16384"
                    },
                    "Version": "0",
                    "Level": "4",
                    "Task": "0",
                    "Opcode": "0",
                    "Keywords": "0x0080000000000000",
                    "TimeCreated": {
                        "@SystemTime": "2024-07-29 17:26:18.589010"
                    },
                    "EventRecordID": "901",
                    "Correlation": {
                        "@ActivityID": "",
                        "@RelatedActivityID": ""
                    },
                    "Execution": {
                        "@ProcessID": "11496",
                        "@ThreadID": "0"
                    },
                    "Channel": "Application",
                    "Computer": "DESKTOP-U22SSQ0",
                    "Security": {
                        "@UserID": ""
                    }
                },
                "EventData": {
                    "Data": "<string>2024-07-30T15:51:18Z</string>\n<string>RulesEngine</string>",
                    "Binary": null
                }
            }
        },
        {
            "Event": {
                "@xmlns": "http://schemas.microsoft.com/win/2004/08/events/event",
                "System": {
                    "Provider": {
                        "@Name": "Microsoft-Windows-Security-SPP",
                        "@Guid": "{E23B33B0-C8C9-472C-A5F9-F2BDFEA0F156}",
                        "@EventSourceName": "Software Protection Platform Service"
                    },
                    "EventID": {
                        "@Qualifiers": "49152",
                        "#text": "16394"
                    },
                    "Version": "0",
                    "Level": "4",
                    "Task": "0",
                    "Opcode": "0",
                    "Keywords": "0x0080000000000000",
                    "TimeCreated": {
                        "@SystemTime": "2024-07-29 18:16:51.589800"
                    },
                    "EventRecordID": "902",
                    "Correlation": {
                        "@ActivityID": "",
                        "@RelatedActivityID": ""
                    },
                    "Execution": {
                        "@ProcessID": "4200",
                        "@ThreadID": "0"
                    },
                    "Channel": "Application",
                    "Computer": "DESKTOP-U22SSQ0",
                    "Security": {
                        "@UserID": ""
                    }
                },
                "EventData": {
                    "Data": null,
                    "Binary": null
                }
            }
        },
        {
            "Event": {
                "@xmlns": "http://schemas.microsoft.com/win/2004/08/events/event",
                "System": {
                    "Provider": {
                        "@Name": "Microsoft-Windows-Security-SPP",
                        "@Guid": "{E23B33B0-C8C9-472C-A5F9-F2BDFEA0F156}",
                        "@EventSourceName": "Software Protection Platform Service"
                    },
                    "EventID": {
                        "@Qualifiers": "16384",
                        "#text": "16384"
                    },
                    "Version": "0",
                    "Level": "4",
                    "Task": "0",
                    "Opcode": "0",
                    "Keywords": "0x0080000000000000",
                    "TimeCreated": {
                        "@SystemTime": "2024-07-29 18:17:21.913836"
                    },
                    "EventRecordID": "903",
                    "Correlation": {
                        "@ActivityID": "",
                        "@RelatedActivityID": ""
                    },
                    "Execution": {
                        "@ProcessID": "4200",
                        "@ThreadID": "0"
                    },
                    "Channel": "Application",
                    "Computer": "DESKTOP-U22SSQ0",
                    "Security": {
                        "@UserID": ""
                    }
                },
                "EventData": {
                    "Data": "<string>2024-07-30T15:51:21Z</string>\n<string>RulesEngine</string>",
                    "Binary": null
                }
            }
        },
        {
            "Event": {
                "@xmlns": "http://schemas.microsoft.com/win/2004/08/events/event",
                "System": {
                    "Provider": {
                        "@Name": "Microsoft-Windows-Security-SPP",
                        "@Guid": "{E23B33B0-C8C9-472C-A5F9-F2BDFEA0F156}",
                        "@EventSourceName": "Software Protection Platform Service"
                    },
                    "EventID": {
                        "@Qualifiers": "49152",
                        "#text": "16394"
                    },
                    "Version": "0",
                    "Level": "4",
                    "Task": "0",
                    "Opcode": "0",
                    "Keywords": "0x0080000000000000",
                    "TimeCreated": {
                        "@SystemTime": "2024-07-29 18:25:51.193802"
                    },
                    "EventRecordID": "904",
                    "Correlation": {
                        "@ActivityID": "",
                        "@RelatedActivityID": ""
                    },
                    "Execution": {
                        "@ProcessID": "5780",
                        "@ThreadID": "0"
                    },
                    "Channel": "Application",
                    "Computer": "DESKTOP-U22SSQ0",
                    "Security": {
                        "@UserID": ""
                    }
                },
                "EventData": {
                    "Data": null,
                    "Binary": null
                }
            }
        },
        {
            "Event": {
                "@xmlns": "http://schemas.microsoft.com/win/2004/08/events/event",
                "System": {
                    "Provider": {
                        "@Name": "Microsoft-Windows-Security-SPP",
                        "@Guid": "{E23B33B0-C8C9-472C-A5F9-F2BDFEA0F156}",
                        "@EventSourceName": "Software Protection Platform Service"
                    },
                    "EventID": {
                        "@Qualifiers": "16384",
                        "#text": "16384"
                    },
                    "Version": "0",
                    "Level": "4",
                    "Task": "0",
                    "Opcode": "0",
                    "Keywords": "0x0080000000000000",
                    "TimeCreated": {
                        "@SystemTime": "2024-07-29 18:26:21.326529"
                    },
                    "EventRecordID": "905",
                    "Correlation": {
                        "@ActivityID": "",
                        "@RelatedActivityID": ""
                    },
                    "Execution": {
                        "@ProcessID": "5780",
                        "@ThreadID": "0"
                    },
                    "Channel": "Application",
                    "Computer": "DESKTOP-U22SSQ0",
                    "Security": {
                        "@UserID": ""
                    }
                },
                "EventData": {
                    "Data": "<string>2024-07-30T15:51:21Z</string>\n<string>RulesEngine</string>",
                    "Binary": null
                }
            }
        },
        {
            "Event": {
                "@xmlns": "http://schemas.microsoft.com/win/2004/08/events/event",
                "System": {
                    "Provider": {
                        "@Name": "Microsoft-Windows-Security-SPP",
                        "@Guid": "{E23B33B0-C8C9-472C-A5F9-F2BDFEA0F156}",
                        "@EventSourceName": "Software Protection Platform Service"
                    },
                    "EventID": {
                        "@Qualifiers": "49152",
                        "#text": "16394"
                    },
                    "Version": "0",
                    "Level": "4",
                    "Task": "0",
                    "Opcode": "0",
                    "Keywords": "0x0080000000000000",
                    "TimeCreated": {
                        "@SystemTime": "2024-07-29 18:36:16.981176"
                    },
                    "EventRecordID": "906",
                    "Correlation": {
                        "@ActivityID": "",
                        "@RelatedActivityID": ""
                    },
                    "Execution": {
                        "@ProcessID": "9464",
                        "@ThreadID": "0"
                    },
                    "Channel": "Application",
                    "Computer": "DESKTOP-U22SSQ0",
                    "Security": {
                        "@UserID": ""
                    }
                },
                "EventData": {
                    "Data": null,
                    "Binary": null
                }
            }
        },
        {
            "Event": {
                "@xmlns": "http://schemas.microsoft.com/win/2004/08/events/event",
                "System": {
                    "Provider": {
                        "@Name": "Microsoft-Windows-Security-SPP",
                        "@Guid": "{E23B33B0-C8C9-472C-A5F9-F2BDFEA0F156}",
                        "@EventSourceName": "Software Protection Platform Service"
                    },
                    "EventID": {
                        "@Qualifiers": "16384",
                        "#text": "16384"
                    },
                    "Version": "0",
                    "Level": "4",
                    "Task": "0",
                    "Opcode": "0",
                    "Keywords": "0x0080000000000000",
                    "TimeCreated": {
                        "@SystemTime": "2024-07-29 18:36:47.361828"
                    },
                    "EventRecordID": "907",
                    "Correlation": {
                        "@ActivityID": "",
                        "@RelatedActivityID": ""
                    },
                    "Execution": {
                        "@ProcessID": "9464",
                        "@ThreadID": "0"
                    },
                    "Channel": "Application",
                    "Computer": "DESKTOP-U22SSQ0",
                    "Security": {
                        "@UserID": ""
                    }
                },
                "EventData": {
                    "Data": "<string>2024-07-30T15:50:47Z</string>\n<string>RulesEngine</string>",
                    "Binary": null
                }
            }
        },
        {
            "Event": {
                "@xmlns": "http://schemas.microsoft.com/win/2004/08/events/event",
                "System": {
                    "Provider": {
                        "@Name": "Microsoft-Windows-Security-SPP",
                        "@Guid": "{E23B33B0-C8C9-472C-A5F9-F2BDFEA0F156}",
                        "@EventSourceName": "Software Protection Platform Service"
                    },
                    "EventID": {
                        "@Qualifiers": "49152",
                        "#text": "16394"
                    },
                    "Version": "0",
                    "Level": "4",
                    "Task": "0",
                    "Opcode": "0",
                    "Keywords": "0x0080000000000000",
                    "TimeCreated": {
                        "@SystemTime": "2024-07-29 19:07:48.612684"
                    },
                    "EventRecordID": "908",
                    "Correlation": {
                        "@ActivityID": "",
                        "@RelatedActivityID": ""
                    },
                    "Execution": {
                        "@ProcessID": "5612",
                        "@ThreadID": "0"
                    },
                    "Channel": "Application",
                    "Computer": "DESKTOP-U22SSQ0",
                    "Security": {
                        "@UserID": ""
                    }
                },
                "EventData": {
                    "Data": null,
                    "Binary": null
                }
            }
        },
        {
            "Event": {
                "@xmlns": "http://schemas.microsoft.com/win/2004/08/events/event",
                "System": {
                    "Provider": {
                        "@Name": "Microsoft-Windows-Security-SPP",
                        "@Guid": "{E23B33B0-C8C9-472C-A5F9-F2BDFEA0F156}",
                        "@EventSourceName": "Software Protection Platform Service"
                    },
                    "EventID": {
                        "@Qualifiers": "16384",
                        "#text": "16384"
                    },
                    "Version": "0",
                    "Level": "4",
                    "Task": "0",
                    "Opcode": "0",
                    "Keywords": "0x0080000000000000",
                    "TimeCreated": {
                        "@SystemTime": "2024-07-29 19:08:18.987839"
                    },
                    "EventRecordID": "909",
                    "Correlation": {
                        "@ActivityID": "",
                        "@RelatedActivityID": ""
                    },
                    "Execution": {
                        "@ProcessID": "5612",
                        "@ThreadID": "0"
                    },
                    "Channel": "Application",
                    "Computer": "DESKTOP-U22SSQ0",
                    "Security": {
                        "@UserID": ""
                    }
                },
                "EventData": {
                    "Data": "<string>2024-07-30T15:51:18Z</string>\n<string>RulesEngine</string>",
                    "Binary": null
                }
            }
        },
        {
            "Event": {
                "@xmlns": "http://schemas.microsoft.com/win/2004/08/events/event",
                "System": {
                    "Provider": {
                        "@Name": "Microsoft-Windows-Security-SPP",
                        "@Guid": "{E23B33B0-C8C9-472C-A5F9-F2BDFEA0F156}",
                        "@EventSourceName": "Software Protection Platform Service"
                    },
                    "EventID": {
                        "@Qualifiers": "49152",
                        "#text": "16394"
                    },
                    "Version": "0",
                    "Level": "4",
                    "Task": "0",
                    "Opcode": "0",
                    "Keywords": "0x0080000000000000",
                    "TimeCreated": {
                        "@SystemTime": "2024-07-29 19:29:41.708965"
                    },
                    "EventRecordID": "910",
                    "Correlation": {
                        "@ActivityID": "",
                        "@RelatedActivityID": ""
                    },
                    "Execution": {
                        "@ProcessID": "9260",
                        "@ThreadID": "0"
                    },
                    "Channel": "Application",
                    "Computer": "DESKTOP-U22SSQ0",
                    "Security": {
                        "@UserID": ""
                    }
                },
                "EventData": {
                    "Data": null,
                    "Binary": null
                }
            }
        },
        {
            "Event": {
                "@xmlns": "http://schemas.microsoft.com/win/2004/08/events/event",
                "System": {
                    "Provider": {
                        "@Name": "Microsoft-Windows-Security-SPP",
                        "@Guid": "{E23B33B0-C8C9-472C-A5F9-F2BDFEA0F156}",
                        "@EventSourceName": "Software Protection Platform Service"
                    },
                    "EventID": {
                        "@Qualifiers": "16384",
                        "#text": "16384"
                    },
                    "Version": "0",
                    "Level": "4",
                    "Task": "0",
                    "Opcode": "0",
                    "Keywords": "0x0080000000000000",
                    "TimeCreated": {
                        "@SystemTime": "2024-07-29 19:30:12.033434"
                    },
                    "EventRecordID": "911",
                    "Correlation": {
                        "@ActivityID": "",
                        "@RelatedActivityID": ""
                    },
                    "Execution": {
                        "@ProcessID": "9260",
                        "@ThreadID": "0"
                    },
                    "Channel": "Application",
                    "Computer": "DESKTOP-U22SSQ0",
                    "Security": {
                        "@UserID": ""
                    }
                },
                "EventData": {
                    "Data": "<string>2024-07-30T15:51:12Z</string>\n<string>RulesEngine</string>",
                    "Binary": null
                }
            }
        },
        {
            "Event": {
                "@xmlns": "http://schemas.microsoft.com/win/2004/08/events/event",
                "System": {
                    "Provider": {
                        "@Name": "Microsoft-Windows-Security-SPP",
                        "@Guid": "{E23B33B0-C8C9-472C-A5F9-F2BDFEA0F156}",
                        "@EventSourceName": "Software Protection Platform Service"
                    },
                    "EventID": {
                        "@Qualifiers": "49152",
                        "#text": "16394"
                    },
                    "Version": "0",
                    "Level": "4",
                    "Task": "0",
                    "Opcode": "0",
                    "Keywords": "0x0080000000000000",
                    "TimeCreated": {
                        "@SystemTime": "2024-07-29 20:06:25.688456"
                    },
                    "EventRecordID": "912",
                    "Correlation": {
                        "@ActivityID": "",
                        "@RelatedActivityID": ""
                    },
                    "Execution": {
                        "@ProcessID": "5476",
                        "@ThreadID": "0"
                    },
                    "Channel": "Application",
                    "Computer": "DESKTOP-U22SSQ0",
                    "Security": {
                        "@UserID": ""
                    }
                },
                "EventData": {
                    "Data": null,
                    "Binary": null
                }
            }
        },
        {
            "Event": {
                "@xmlns": "http://schemas.microsoft.com/win/2004/08/events/event",
                "System": {
                    "Provider": {
                        "@Name": "Microsoft-Windows-Security-SPP",
                        "@Guid": "{E23B33B0-C8C9-472C-A5F9-F2BDFEA0F156}",
                        "@EventSourceName": "Software Protection Platform Service"
                    },
                    "EventID": {
                        "@Qualifiers": "16384",
                        "#text": "16384"
                    },
                    "Version": "0",
                    "Level": "4",
                    "Task": "0",
                    "Opcode": "0",
                    "Keywords": "0x0080000000000000",
                    "TimeCreated": {
                        "@SystemTime": "2024-07-29 20:06:56.012827"
                    },
                    "EventRecordID": "913",
                    "Correlation": {
                        "@ActivityID": "",
                        "@RelatedActivityID": ""
                    },
                    "Execution": {
                        "@ProcessID": "5476",
                        "@ThreadID": "0"
                    },
                    "Channel": "Application",
                    "Computer": "DESKTOP-U22SSQ0",
                    "Security": {
                        "@UserID": ""
                    }
                },
                "EventData": {
                    "Data": "<string>2024-07-30T15:50:55Z</string>\n<string>RulesEngine</string>",
                    "Binary": null
                }
            }
        },
