{
    "hostname": "192.168.64.38",
    "username": "Rohith",
    "password": "3855",
    "application": [
        {
            "Event": {
                "@xmlns": "http://schemas.microsoft.com/win/2004/08/events/event",
                "System": {
                    "Provider": {
                        "@Name": "Microsoft-Windows-Security-SPP",
                        "@Guid": "{E23B33B0-C8C9-472C-A5F9-F2BDFEA0F156}",
                        "@EventSourceName": "Software Protection Platform Service"
                    },
                    "EventID": {
                        "@Qualifiers": "16384",
                        "#text": "1004"
                    },
                    "Version": "0",
                    "Level": "4",
                    "Task": "0",
                    "Opcode": "0",
                    "Keywords": "0x0080000000000000",
                    "TimeCreated": {
                        "@SystemTime": "2024-07-23 00:35:22.409554"
                    },
                    "EventRecordID": "1",
                    "Correlation": {
                        "@ActivityID": "",
                        "@RelatedActivityID": ""
                    },
                    "Execution": {
                        "@ProcessID": "1056",
                        "@ThreadID": "0"
                    },
                    "Channel": "Application",
                    "Computer": "WIN-8FV0I6RARRF",
                    "Security": {
                        "@UserID": ""
                    }
                },
                "EventData": {
                    "Data": "<string>Windows(R) UL store License (Private)</string>\n<string>1ab956cf-3d07-43d3-aedb-7aaabd614780</string>",
                    "Binary": null
                }
            }
        },
        {
            "Event": {
                "@xmlns": "http://schemas.microsoft.com/win/2004/08/events/event",
                "System": {
                    "Provider": {
                        "@Name": "Microsoft-Windows-Security-SPP",
                        "@Guid": "{E23B33B0-C8C9-472C-A5F9-F2BDFEA0F156}",
                        "@EventSourceName": "Software Protection Platform Service"
                    },
                    "EventID": {
                        "@Qualifiers": "16384",
                        "#text": "1004"
                    },
                    "Version": "0",
                    "Level": "4",
                    "Task": "0",
                    "Opcode": "0",
                    "Keywords": "0x0080000000000000",
                    "TimeCreated": {
                        "@SystemTime": "2024-07-23 00:35:22.470943"
                    },
                    "EventRecordID": "2",
                    "Correlation": {
                        "@ActivityID": "",
                        "@RelatedActivityID": ""
                    },
                    "Execution": {
                        "@ProcessID": "1056",
                        "@ThreadID": "0"
                    },
                    "Channel": "Application",
                    "Computer": "WIN-8FV0I6RARRF",
                    "Security": {
                        "@UserID": ""
                    }
                },
                "EventData": {
                    "Data": "<string>Windows(R) Publishing License (Public)</string>\n<string>1f19a175-6fe6-466b-b477-8f718d3b2396</string>",
                    "Binary": null
                }
            }
        },
        {
            "Event": {
                "@xmlns": "http://schemas.microsoft.com/win/2004/08/events/event",
                "System": {
                    "Provider": {
                        "@Name": "Microsoft-Windows-Security-SPP",
                        "@Guid": "{E23B33B0-C8C9-472C-A5F9-F2BDFEA0F156}",
                        "@EventSourceName": "Software Protection Platform Service"
                    },
                    "EventID": {
                        "@Qualifiers": "16384",
                        "#text": "1004"
                    },
                    "Version": "0",
                    "Level": "4",
                    "Task": "0",
                    "Opcode": "0",
                    "Keywords": "0x0080000000000000",
                    "TimeCreated": {
                        "@SystemTime": "2024-07-23 00:35:22.477661"
                    },
                    "EventRecordID": "3",
                    "Correlation": {
                        "@ActivityID": "",
                        "@RelatedActivityID": ""
                    },
                    "Execution": {
                        "@ProcessID": "1056",
                        "@ThreadID": "0"
                    },
                    "Channel": "Application",
                    "Computer": "WIN-8FV0I6RARRF",
                    "Security": {
                        "@UserID": ""
                    }
                },
                "EventData": {
                    "Data": "<string>Windows(R) Publishing License (Private)</string>\n<string>4c4e9d29-9e7e-4fbc-b548-f3f8f2646c2c</string>",
                    "Binary": null
                }
            }
        },
        {
            "Event": {
                "@xmlns": "http://schemas.microsoft.com/win/2004/08/events/event",
                "System": {
                    "Provider": {
                        "@Name": "Microsoft-Windows-User Profiles Service",
                        "@Guid": "{89b1e9f0-5aff-44a6-9b44-0a07a7ce5845}"
                    },
                    "EventID": {
                        "@Qualifiers": "",
                        "#text": "1531"
                    },
                    "Version": "0",
                    "Level": "4",
                    "Task": "0",
                    "Opcode": "0",
                    "Keywords": "0x8000000000000000",
                    "TimeCreated": {
                        "@SystemTime": "2024-07-23 00:35:16.525629"
                    },
                    "EventRecordID": "4",
                    "Correlation": {
                        "@ActivityID": "",
                        "@RelatedActivityID": ""
                    },
                    "Execution": {
                        "@ProcessID": "1340",
                        "@ThreadID": "1372"
                    },
                    "Channel": "Application",
                    "Computer": "WIN-8FV0I6RARRF",
                    "Security": {
                        "@UserID": "S-1-5-18"
                    }
                },
                "EventData": null
            }
        },
        {
            "Event": {
                "@xmlns": "http://schemas.microsoft.com/win/2004/08/events/event",
                "System": {
                    "Provider": {
                        "@Name": "Microsoft-Windows-Security-SPP",
                        "@Guid": "{E23B33B0-C8C9-472C-A5F9-F2BDFEA0F156}",
                        "@EventSourceName": "Software Protection Platform Service"
                    },
                    "EventID": {
                        "@Qualifiers": "16384",
                        "#text": "1004"
                    },
                    "Version": "0",
                    "Level": "4",
                    "Task": "0",
                    "Opcode": "0",
                    "Keywords": "0x0080000000000000",
                    "TimeCreated": {
                        "@SystemTime": "2024-07-23 00:35:22.536144"
                    },
                    "EventRecordID": "5",
                    "Correlation": {
                        "@ActivityID": "",
                        "@RelatedActivityID": ""
                    },
                    "Execution": {
                        "@ProcessID": "1056",
                        "@ThreadID": "0"
                    },
                    "Channel": "Application",
                    "Computer": "WIN-8FV0I6RARRF",
                    "Security": {
                        "@UserID": ""
                    }
                },
                "EventData": {
                    "Data": "<string>Windows(R) UL oob License (Public)</string>\n<string>b171be84-cd39-4c46-a8cc-44b7099c3fe1</string>",
                    "Binary": null
                }
            }
        },
        {
            "Event": {
                "@xmlns": "http://schemas.microsoft.com/win/2004/08/events/event",
                "System": {
                    "Provider": {
                        "@Name": "Microsoft-Windows-Security-SPP",
                        "@Guid": "{E23B33B0-C8C9-472C-A5F9-F2BDFEA0F156}",
                        "@EventSourceName": "Software Protection Platform Service"
                    },
                    "EventID": {
                        "@Qualifiers": "16384",
                        "#text": "1004"
                    },
                    "Version": "0",
                    "Level": "4",
                    "Task": "0",
                    "Opcode": "0",
                    "Keywords": "0x0080000000000000",
                    "TimeCreated": {
                        "@SystemTime": "2024-07-23 00:35:22.541737"
                    },
                    "EventRecordID": "6",
                    "Correlation": {
                        "@ActivityID": "",
                        "@RelatedActivityID": ""
                    },
                    "Execution": {
                        "@ProcessID": "1056",
                        "@ThreadID": "0"
                    },
                    "Channel": "Application",
                    "Computer": "WIN-8FV0I6RARRF",
                    "Security": {
                        "@UserID": ""
                    }
                },
                "EventData": {
                    "Data": "<string>Windows(R) UL oob License (Private)</string>\n<string>8b3556d9-abf9-4796-8afa-9c092d7ac24c</string>",
                    "Binary": null
                }
            }
        },
        {
            "Event": {
                "@xmlns": "http://schemas.microsoft.com/win/2004/08/events/event",
                "System": {
                    "Provider": {
                        "@Name": "Microsoft-Windows-Security-SPP",
                        "@Guid": "{E23B33B0-C8C9-472C-A5F9-F2BDFEA0F156}",
                        "@EventSourceName": "Software Protection Platform Service"
                    },
                    "EventID": {
                        "@Qualifiers": "16384",
                        "#text": "1004"
                    },
                    "Version": "0",
                    "Level": "4",
                    "Task": "0",
                    "Opcode": "0",
                    "Keywords": "0x0080000000000000",
                    "TimeCreated": {
                        "@SystemTime": "2024-07-23 00:35:22.593365"
                    },
                    "EventRecordID": "7",
                    "Correlation": {
                        "@ActivityID": "",
                        "@RelatedActivityID": ""
                    },
                    "Execution": {
                        "@ProcessID": "1056",
                        "@ThreadID": "0"
                    },
                    "Channel": "Application",
                    "Computer": "WIN-8FV0I6RARRF",
                    "Security": {
                        "@UserID": ""
                    }
                },
                "EventData": {
                    "Data": "<string>Windows(R) UL phone License (Public)</string>\n<string>801917a1-8ae6-44ac-afa8-528fe288ce0c</string>",
                    "Binary": null
                }
            }
        },
        {
            "Event": {
                "@xmlns": "http://schemas.microsoft.com/win/2004/08/events/event",
                "System": {
                    "Provider": {
                        "@Name": "Microsoft-Windows-Security-SPP",
                        "@Guid": "{E23B33B0-C8C9-472C-A5F9-F2BDFEA0F156}",
                        "@EventSourceName": "Software Protection Platform Service"
                    },
                    "EventID": {
                        "@Qualifiers": "16384",
                        "#text": "1004"
                    },
                    "Version": "0",
                    "Level": "4",
                    "Task": "0",
                    "Opcode": "0",
                    "Keywords": "0x0080000000000000",
                    "TimeCreated": {
                        "@SystemTime": "2024-07-23 00:35:22.594957"
                    },
                    "EventRecordID": "8",
                    "Correlation": {
                        "@ActivityID": "",
                        "@RelatedActivityID": ""
                    },
                    "Execution": {
                        "@ProcessID": "1056",
                        "@ThreadID": "0"
                    },
                    "Channel": "Application",
                    "Computer": "WIN-8FV0I6RARRF",
                    "Security": {
                        "@UserID": ""
                    }
                },
                "EventData": {
                    "Data": "<string>Windows(R) UL phone License (Private)</string>\n<string>b3b02137-55b1-403a-aec1-369c886b92e9</string>",
                    "Binary": null
                }
            }
        },
        {
            "Event": {
                "@xmlns": "http://schemas.microsoft.com/win/2004/08/events/event",
                "System": {
                    "Provider": {
                        "@Name": "Microsoft-Windows-Security-SPP",
                        "@Guid": "{E23B33B0-C8C9-472C-A5F9-F2BDFEA0F156}",
                        "@EventSourceName": "Software Protection Platform Service"
                    },
                    "EventID": {
                        "@Qualifiers": "16384",
                        "#text": "1004"
                    },
                    "Version": "0",
                    "Level": "4",
                    "Task": "0",
                    "Opcode": "0",
                    "Keywords": "0x0080000000000000",
                    "TimeCreated": {
                        "@SystemTime": "2024-07-23 00:35:22.664627"
                    },
                    "EventRecordID": "9",
                    "Correlation": {
                        "@ActivityID": "",
                        "@RelatedActivityID": ""
                    },
                    "Execution": {
                        "@ProcessID": "1056",
                        "@ThreadID": "0"
                    },
                    "Channel": "Application",
                    "Computer": "WIN-8FV0I6RARRF",
                    "Security": {
                        "@UserID": ""
                    }
                },
                "EventData": {
                    "Data": "<string>Windows(R) UL store License (Public)</string>\n<string>3060f756-c5d7-4fde-bae1-2f436c6d591e</string>",
                    "Binary": null
                }
            }
        },
        {
            "Event": {
                "@xmlns": "http://schemas.microsoft.com/win/2004/08/events/event",
                "System": {
                    "Provider": {
                        "@Name": "Microsoft-Windows-Security-SPP",
                        "@Guid": "{E23B33B0-C8C9-472C-A5F9-F2BDFEA0F156}",
                        "@EventSourceName": "Software Protection Platform Service"
                    },
                    "EventID": {
                        "@Qualifiers": "16384",
                        "#text": "1004"
                    },
                    "Version": "0",
                    "Level": "4",
                    "Task": "0",
                    "Opcode": "0",
                    "Keywords": "0x0080000000000000",
                    "TimeCreated": {
                        "@SystemTime": "2024-07-23 00:35:22.668005"
                    },
                    "EventRecordID": "10",
                    "Correlation": {
                        "@ActivityID": "",
                        "@RelatedActivityID": ""
                    },
                    "Execution": {
                        "@ProcessID": "1056",
                        "@ThreadID": "0"
                    },
                    "Channel": "Application",
                    "Computer": "WIN-8FV0I6RARRF",
                    "Security": {
                        "@UserID": ""
                    }
                },
                "EventData": {
                    "Data": "<string>Windows(R) UL store License (Private)</string>\n<string>728c385a-af1a-4289-9a6c-657612cc8ba8</string>",
                    "Binary": null
                }
            }
        },
        {
            "Event": {
                "@xmlns": "http://schemas.microsoft.com/win/2004/08/events/event",
                "System": {
                    "Provider": {
                        "@Name": "Microsoft-Windows-Security-SPP",
                        "@Guid": "{E23B33B0-C8C9-472C-A5F9-F2BDFEA0F156}",
                        "@EventSourceName": "Software Protection Platform Service"
                    },
                    "EventID": {
                        "@Qualifiers": "16384",
                        "#text": "1004"
                    },
                    "Version": "0",
                    "Level": "4",
                    "Task": "0",
                    "Opcode": "0",
                    "Keywords": "0x0080000000000000",
                    "TimeCreated": {
                        "@SystemTime": "2024-07-23 00:35:22.727545"
                    },
                    "EventRecordID": "11",
                    "Correlation": {
                        "@ActivityID": "",
                        "@RelatedActivityID": ""
                    },
                    "Execution": {
                        "@ProcessID": "1056",
                        "@ThreadID": "0"
                    },
                    "Channel": "Application",
                    "Computer": "WIN-8FV0I6RARRF",
                    "Security": {
                        "@UserID": ""
                    }
                },
                "EventData": {
                    "Data": "<string>Windows(R) UL oob License (Public)</string>\n<string>2fc185a7-2a43-4833-ba73-6ae0fb807f0d</string>",
                    "Binary": null
                }
            }
        },
        {
            "Event": {
                "@xmlns": "http://schemas.microsoft.com/win/2004/08/events/event",
                "System": {
                    "Provider": {
                        "@Name": "Microsoft-Windows-Security-SPP",
                        "@Guid": "{E23B33B0-C8C9-472C-A5F9-F2BDFEA0F156}",
                        "@EventSourceName": "Software Protection Platform Service"
                    },
                    "EventID": {
                        "@Qualifiers": "16384",
                        "#text": "1004"
                    },
                    "Version": "0",
                    "Level": "4",
                    "Task": "0",
                    "Opcode": "0",
                    "Keywords": "0x0080000000000000",
                    "TimeCreated": {
                        "@SystemTime": "2024-07-23 00:35:22.743435"
                    },
                    "EventRecordID": "12",
                    "Correlation": {
                        "@ActivityID": "",
                        "@RelatedActivityID": ""
                    },
                    "Execution": {
                        "@ProcessID": "1056",
                        "@ThreadID": "0"
                    },
                    "Channel": "Application",
                    "Computer": "WIN-8FV0I6RARRF",
                    "Security": {
                        "@UserID": ""
                    }
                },
                "EventData": {
                    "Data": "<string>Windows(R) UL oob License (Private)</string>\n<string>cce2f119-383a-4414-a34a-9758ce6e2518</string>",
                    "Binary": null
                }
            }
        },
        {
            "Event": {
                "@xmlns": "http://schemas.microsoft.com/win/2004/08/events/event",
                "System": {
                    "Provider": {
                        "@Name": "Microsoft-Windows-Security-SPP",
                        "@Guid": "{E23B33B0-C8C9-472C-A5F9-F2BDFEA0F156}",
                        "@EventSourceName": "Software Protection Platform Service"
                    },
                    "EventID": {
                        "@Qualifiers": "16384",
                        "#text": "1004"
                    },
                    "Version": "0",
                    "Level": "4",
                    "Task": "0",
                    "Opcode": "0",
                    "Keywords": "0x0080000000000000",
                    "TimeCreated": {
                        "@SystemTime": "2024-07-23 00:35:22.825827"
                    },
                    "EventRecordID": "13",
                    "Correlation": {
                        "@ActivityID": "",
                        "@RelatedActivityID": ""
                    },
                    "Execution": {
                        "@ProcessID": "1056",
                        "@ThreadID": "0"
                    },
                    "Channel": "Application",
                    "Computer": "WIN-8FV0I6RARRF",
                    "Security": {
                        "@UserID": ""
                    }
                },
                "EventData": {
                    "Data": "<string>Windows(R) UL volume License (Public)</string>\n<string>36589a0e-6583-4c15-8c3f-56270786f954</string>",
                    "Binary": null
                }
            }
        },
        {
            "Event": {
                "@xmlns": "http://schemas.microsoft.com/win/2004/08/events/event",
                "System": {
                    "Provider": {
                        "@Name": "Microsoft-Windows-Security-SPP",
                        "@Guid": "{E23B33B0-C8C9-472C-A5F9-F2BDFEA0F156}",
                        "@EventSourceName": "Software Protection Platform Service"
                    },
                    "EventID": {
                        "@Qualifiers": "16384",
                        "#text": "1004"
                    },
                    "Version": "0",
                    "Level": "4",
                    "Task": "0",
                    "Opcode": "0",
                    "Keywords": "0x0080000000000000",
                    "TimeCreated": {
                        "@SystemTime": "2024-07-23 00:35:22.828541"
                    },
                    "EventRecordID": "14",
                    "Correlation": {
                        "@ActivityID": "",
                        "@RelatedActivityID": ""
                    },
                    "Execution": {
                        "@ProcessID": "1056",
                        "@ThreadID": "0"
                    },
                    "Channel": "Application",
                    "Computer": "WIN-8FV0I6RARRF",
                    "Security": {
                        "@UserID": ""
                    }
                },
                "EventData": {
                    "Data": "<string>Windows(R) UL volume License (Private)</string>\n<string>339e1732-0acc-4873-a84c-807e7b53aa2c</string>",
                    "Binary": null
                }
            }
        },
        {
            "Event": {
                "@xmlns": "http://schemas.microsoft.com/win/2004/08/events/event",
                "System": {
                    "Provider": {
                        "@Name": "Microsoft-Windows-Security-SPP",
                        "@Guid": "{E23B33B0-C8C9-472C-A5F9-F2BDFEA0F156}",
                        "@EventSourceName": "Software Protection Platform Service"
                    },
                    "EventID": {
                        "@Qualifiers": "16384",
                        "#text": "1004"
                    },
                    "Version": "0",
                    "Level": "4",
                    "Task": "0",
                    "Opcode": "0",
                    "Keywords": "0x0080000000000000",
                    "TimeCreated": {
                        "@SystemTime": "2024-07-23 00:35:22.919342"
                    },
                    "EventRecordID": "15",
                    "Correlation": {
                        "@ActivityID": "",
                        "@RelatedActivityID": ""
                    },
                    "Execution": {
                        "@ProcessID": "1056",
                        "@ThreadID": "0"
                    },
                    "Channel": "Application",
                    "Computer": "WIN-8FV0I6RARRF",
                    "Security": {
                        "@UserID": ""
                    }
                },
                "EventData": {
                    "Data": "<string>Windows(R) Publishing License (Public)</string>\n<string>af0742e0-a45e-4d3a-bbd2-653a1235452b</string>",
                    "Binary": null
                }
            }
        },
        {
            "Event": {
                "@xmlns": "http://schemas.microsoft.com/win/2004/08/events/event",
                "System": {
                    "Provider": {
                        "@Name": "Microsoft-Windows-Security-SPP",
                        "@Guid": "{E23B33B0-C8C9-472C-A5F9-F2BDFEA0F156}",
                        "@EventSourceName": "Software Protection Platform Service"
                    },
                    "EventID": {
                        "@Qualifiers": "16384",
                        "#text": "1004"
                    },
                    "Version": "0",
                    "Level": "4",
                    "Task": "0",
                    "Opcode": "0",
                    "Keywords": "0x0080000000000000",
                    "TimeCreated": {
                        "@SystemTime": "2024-07-23 00:35:22.922194"
                    },
                    "EventRecordID": "16",
                    "Correlation": {
                        "@ActivityID": "",
                        "@RelatedActivityID": ""
                    },
                    "Execution": {
                        "@ProcessID": "1056",
                        "@ThreadID": "0"
                    },
                    "Channel": "Application",
                    "Computer": "WIN-8FV0I6RARRF",
                    "Security": {
                        "@UserID": ""
                    }
                },
                "EventData": {
                    "Data": "<string>Windows(R) Publishing License (Private)</string>\n<string>30c3a58a-6863-4e1b-b1a0-8b2633d9a754</string>",
                    "Binary": null
                }
            }
        },
        {
            "Event": {
                "@xmlns": "http://schemas.microsoft.com/win/2004/08/events/event",
                "System": {
                    "Provider": {
                        "@Name": "Microsoft-Windows-Security-SPP",
                        "@Guid": "{E23B33B0-C8C9-472C-A5F9-F2BDFEA0F156}",
                        "@EventSourceName": "Software Protection Platform Service"
                    },
                    "EventID": {
                        "@Qualifiers": "16384",
                        "#text": "1004"
                    },
                    "Version": "0",
                    "Level": "4",
                    "Task": "0",
                    "Opcode": "0",
                    "Keywords": "0x0080000000000000",
                    "TimeCreated": {
                        "@SystemTime": "2024-07-23 00:35:23.158930"
                    },
                    "EventRecordID": "17",
                    "Correlation": {
                        "@ActivityID": "",
                        "@RelatedActivityID": ""
                    },
                    "Execution": {
                        "@ProcessID": "1056",
                        "@ThreadID": "0"
                    },
                    "Channel": "Application",
                    "Computer": "WIN-8FV0I6RARRF",
                    "Security": {
                        "@UserID": ""
                    }
                },
                "EventData": {
                    "Data": "<string>Windows(R) UL oob License (Public)</string>\n<string>70975579-9c8c-44be-8f33-9329db310139</string>",
                    "Binary": null
                }
            }
        },
        {
            "Event": {
                "@xmlns": "http://schemas.microsoft.com/win/2004/08/events/event",
                "System": {
                    "Provider": {
                        "@Name": "Microsoft-Windows-Security-SPP",
                        "@Guid": "{E23B33B0-C8C9-472C-A5F9-F2BDFEA0F156}",
                        "@EventSourceName": "Software Protection Platform Service"
                    },
                    "EventID": {
                        "@Qualifiers": "16384",
                        "#text": "1004"
                    },
                    "Version": "0",
                    "Level": "4",
                    "Task": "0",
                    "Opcode": "0",
                    "Keywords": "0x0080000000000000",
                    "TimeCreated": {
                        "@SystemTime": "2024-07-23 00:35:23.160538"
                    },
                    "EventRecordID": "18",
                    "Correlation": {
                        "@ActivityID": "",
                        "@RelatedActivityID": ""
                    },
                    "Execution": {
                        "@ProcessID": "1056",
                        "@ThreadID": "0"
                    },
                    "Channel": "Application",
                    "Computer": "WIN-8FV0I6RARRF",
                    "Security": {
                        "@UserID": ""
                    }
                },
                "EventData": {
                    "Data": "<string>Windows(R) UL oob License (Private)</string>\n<string>8b449032-8aa1-4653-a359-185a838805dd</string>",
                    "Binary": null
                }
            }
        },
        {
            "Event": {
                "@xmlns": "http://schemas.microsoft.com/win/2004/08/events/event",
                "System": {
                    "Provider": {
                        "@Name": "Microsoft-Windows-Security-SPP",
                        "@Guid": "{E23B33B0-C8C9-472C-A5F9-F2BDFEA0F156}",
                        "@EventSourceName": "Software Protection Platform Service"
                    },
                    "EventID": {
                        "@Qualifiers": "16384",
                        "#text": "1004"
                    },
                    "Version": "0",
                    "Level": "4",
                    "Task": "0",
                    "Opcode": "0",
                    "Keywords": "0x0080000000000000",
                    "TimeCreated": {
                        "@SystemTime": "2024-07-23 00:35:23.327326"
                    },
                    "EventRecordID": "19",
                    "Correlation": {
                        "@ActivityID": "",
                        "@RelatedActivityID": ""
                    },
                    "Execution": {
                        "@ProcessID": "1056",
                        "@ThreadID": "0"
                    },
                    "Channel": "Application",
                    "Computer": "WIN-8FV0I6RARRF",
                    "Security": {
                        "@UserID": ""
                    }
                },
                "EventData": {
                    "Data": "<string>Windows(R) UL phone License (Public)</string>\n<string>c0511c5d-d512-4bef-ad38-74c71a578c01</string>",
                    "Binary": null
                }
            }
        },
        {
            "Event": {
                "@xmlns": "http://schemas.microsoft.com/win/2004/08/events/event",
                "System": {
                    "Provider": {
                        "@Name": "Microsoft-Windows-Security-SPP",
                        "@Guid": "{E23B33B0-C8C9-472C-A5F9-F2BDFEA0F156}",
                        "@EventSourceName": "Software Protection Platform Service"
                    },
                    "EventID": {
                        "@Qualifiers": "16384",
                        "#text": "1004"
                    },
                    "Version": "0",
                    "Level": "4",
                    "Task": "0",
                    "Opcode": "0",
                    "Keywords": "0x0080000000000000",
                    "TimeCreated": {
                        "@SystemTime": "2024-07-23 00:35:23.332190"
                    },
                    "EventRecordID": "20",
                    "Correlation": {
                        "@ActivityID": "",
                        "@RelatedActivityID": ""
                    },
                    "Execution": {
                        "@ProcessID": "1056",
                        "@ThreadID": "0"
                    },
                    "Channel": "Application",
                    "Computer": "WIN-8FV0I6RARRF",
                    "Security": {
                        "@UserID": ""
                    }
                },
                "EventData": {
                    "Data": "<string>Windows(R) UL phone License (Private)</string>\n<string>4c49f1c3-8e95-486d-9efe-99e3de3c22c2</string>",
                    "Binary": null
                }
            }
        },
        {
            "Event": {
                "@xmlns": "http://schemas.microsoft.com/win/2004/08/events/event",
                "System": {
                    "Provider": {
                        "@Name": "Microsoft-Windows-Security-SPP",
                        "@Guid": "{E23B33B0-C8C9-472C-A5F9-F2BDFEA0F156}",
                        "@EventSourceName": "Software Protection Platform Service"
                    },
                    "EventID": {
                        "@Qualifiers": "16384",
                        "#text": "1004"
                    },
                    "Version": "0",
                    "Level": "4",
                    "Task": "0",
                    "Opcode": "0",
                    "Keywords": "0x0080000000000000",
                    "TimeCreated": {
                        "@SystemTime": "2024-07-23 00:35:23.436485"
                    },
                    "EventRecordID": "21",
                    "Correlation": {
                        "@ActivityID": "",
                        "@RelatedActivityID": ""
                    },
                    "Execution": {
                        "@ProcessID": "1056",
                        "@ThreadID": "0"
                    },
                    "Channel": "Application",
                    "Computer": "WIN-8FV0I6RARRF",
                    "Security": {
                        "@UserID": ""
                    }
                },
                "EventData": {
                    "Data": "<string>Windows(R) UL store License (Public)</string>\n<string>237f5fcf-66ed-4a76-bc2d-5130a4496ac9</string>",
                    "Binary": null
                }
            }
        },
        {
            "Event": {
                "@xmlns": "http://schemas.microsoft.com/win/2004/08/events/event",
                "System": {
                    "Provider": {
                        "@Name": "Microsoft-Windows-Security-SPP",
                        "@Guid": "{E23B33B0-C8C9-472C-A5F9-F2BDFEA0F156}",
                        "@EventSourceName": "Software Protection Platform Service"
                    },
                    "EventID": {
                        "@Qualifiers": "16384",
                        "#text": "1004"
                    },
                    "Version": "0",
                    "Level": "4",
                    "Task": "0",
                    "Opcode": "0",
                    "Keywords": "0x0080000000000000",
                    "TimeCreated": {
                        "@SystemTime": "2024-07-23 00:35:23.441175"
                    },
                    "EventRecordID": "22",
                    "Correlation": {
                        "@ActivityID": "",
                        "@RelatedActivityID": ""
                    },
                    "Execution": {
                        "@ProcessID": "1056",
                        "@ThreadID": "0"
                    },
                    "Channel": "Application",
                    "Computer": "WIN-8FV0I6RARRF",
                    "Security": {
                        "@UserID": ""
                    }
                },
                "EventData": {
                    "Data": "<string>Windows(R) UL store License (Private)</string>\n<string>952a6ec4-61cb-4d80-98fa-4e6fc196ccfd</string>",
                    "Binary": null
                }
            }
        },
        {
            "Event": {
                "@xmlns": "http://schemas.microsoft.com/win/2004/08/events/event",
                "System": {
                    "Provider": {
                        "@Name": "Microsoft-Windows-Security-SPP",
                        "@Guid": "{E23B33B0-C8C9-472C-A5F9-F2BDFEA0F156}",
                        "@EventSourceName": "Software Protection Platform Service"
                    },
                    "EventID": {
                        "@Qualifiers": "16384",
                        "#text": "1004"
                    },
                    "Version": "0",
                    "Level": "4",
                    "Task": "0",
                    "Opcode": "0",
                    "Keywords": "0x0080000000000000",
                    "TimeCreated": {
                        "@SystemTime": "2024-07-23 00:35:23.499207"
                    },
                    "EventRecordID": "23",
                    "Correlation": {
                        "@ActivityID": "",
                        "@RelatedActivityID": ""
                    },
                    "Execution": {
                        "@ProcessID": "1056",
                        "@ThreadID": "0"
                    },
                    "Channel": "Application",
                    "Computer": "WIN-8FV0I6RARRF",
                    "Security": {
                        "@UserID": ""
                    }
                },
                "EventData": {
                    "Data": "<string>Windows(R) Publishing License (Public)</string>\n<string>7f442c4d-ea87-48d3-aadb-e04b04122bf2</string>",
                    "Binary": null
                }
            }
        },
        {
            "Event": {
                "@xmlns": "http://schemas.microsoft.com/win/2004/08/events/event",
                "System": {
                    "Provider": {
                        "@Name": "Microsoft-Windows-Security-SPP",
                        "@Guid": "{E23B33B0-C8C9-472C-A5F9-F2BDFEA0F156}",
                        "@EventSourceName": "Software Protection Platform Service"
                    },
                    "EventID": {
                        "@Qualifiers": "16384",
                        "#text": "1004"
                    },
                    "Version": "0",
                    "Level": "4",
                    "Task": "0",
                    "Opcode": "0",
                    "Keywords": "0x0080000000000000",
                    "TimeCreated": {
                        "@SystemTime": "2024-07-23 00:35:23.501848"
                    },
                    "EventRecordID": "24",
                    "Correlation": {
                        "@ActivityID": "",
                        "@RelatedActivityID": ""
                    },
                    "Execution": {
                        "@ProcessID": "1056",
                        "@ThreadID": "0"
                    },
                    "Channel": "Application",
                    "Computer": "WIN-8FV0I6RARRF",
                    "Security": {
                        "@UserID": ""
                    }
                },
                "EventData": {
                    "Data": "<string>Windows(R) Publishing License (Private)</string>\n<string>7b2c7659-29bd-4dff-a2e6-2b32916477e5</string>",
                    "Binary": null
                }
            }
        },
        {
            "Event": {
                "@xmlns": "http://schemas.microsoft.com/win/2004/08/events/event",
                "System": {
                    "Provider": {
                        "@Name": "Microsoft-Windows-Security-SPP",
                        "@Guid": "{E23B33B0-C8C9-472C-A5F9-F2BDFEA0F156}",
                        "@EventSourceName": "Software Protection Platform Service"
                    },
                    "EventID": {
                        "@Qualifiers": "16384",
                        "#text": "1004"
                    },
                    "Version": "0",
                    "Level": "4",
                    "Task": "0",
                    "Opcode": "0",
                    "Keywords": "0x0080000000000000",
                    "TimeCreated": {
                        "@SystemTime": "2024-07-23 00:35:23.544870"
                    },
                    "EventRecordID": "25",
                    "Correlation": {
                        "@ActivityID": "",
                        "@RelatedActivityID": ""
                    },
                    "Execution": {
                        "@ProcessID": "1056",
                        "@ThreadID": "0"
                    },
                    "Channel": "Application",
                    "Computer": "WIN-8FV0I6RARRF",
                    "Security": {
                        "@UserID": ""
                    }
                },
                "EventData": {
                    "Data": "<string>Windows(R) UL oob License (Public)</string>\n<string>037d3077-8669-4f26-a532-d007b87fe35f</string>",
                    "Binary": null
                }
            }
        },
        {
            "Event": {
                "@xmlns": "http://schemas.microsoft.com/win/2004/08/events/event",
                "System": {
                    "Provider": {
                        "@Name": "Microsoft-Windows-Security-SPP",
                        "@Guid": "{E23B33B0-C8C9-472C-A5F9-F2BDFEA0F156}",
                        "@EventSourceName": "Software Protection Platform Service"
                    },
                    "EventID": {
                        "@Qualifiers": "16384",
                        "#text": "1004"
                    },
                    "Version": "0",
                    "Level": "4",
                    "Task": "0",
                    "Opcode": "0",
                    "Keywords": "0x0080000000000000",
                    "TimeCreated": {
                        "@SystemTime": "2024-07-23 00:35:23.545649"
                    },
                    "EventRecordID": "26",
                    "Correlation": {
                        "@ActivityID": "",
                        "@RelatedActivityID": ""
                    },
                    "Execution": {
                        "@ProcessID": "1056",
                        "@ThreadID": "0"
                    },
                    "Channel": "Application",
                    "Computer": "WIN-8FV0I6RARRF",
                    "Security": {
                        "@UserID": ""
                    }
                },
                "EventData": {
                    "Data": "<string>Windows(R) UL oob License (Private)</string>\n<string>e3bca159-804e-4460-8828-dd441ffdf702</string>",
                    "Binary": null
                }
            }
        },
        {
            "Event": {
                "@xmlns": "http://schemas.microsoft.com/win/2004/08/events/event",
                "System": {
                    "Provider": {
                        "@Name": "Microsoft-Windows-Security-SPP",
                        "@Guid": "{E23B33B0-C8C9-472C-A5F9-F2BDFEA0F156}",
                        "@EventSourceName": "Software Protection Platform Service"
                    },
                    "EventID": {
                        "@Qualifiers": "16384",
                        "#text": "1004"
                    },
                    "Version": "0",
                    "Level": "4",
                    "Task": "0",
                    "Opcode": "0",
                    "Keywords": "0x0080000000000000",
                    "TimeCreated": {
                        "@SystemTime": "2024-07-23 00:35:23.588942"
                    },
                    "EventRecordID": "27",
                    "Correlation": {
                        "@ActivityID": "",
                        "@RelatedActivityID": ""
                    },
                    "Execution": {
                        "@ProcessID": "1056",
                        "@ThreadID": "0"
                    },
                    "Channel": "Application",
                    "Computer": "WIN-8FV0I6RARRF",
                    "Security": {
                        "@UserID": ""
                    }
                },
                "EventData": {
                    "Data": "<string>Windows(R) UL phone License (Public)</string>\n<string>d535c5a2-5076-49cd-8551-e60171b99157</string>",
                    "Binary": null
                }
            }
        },
        {
            "Event": {
                "@xmlns": "http://schemas.microsoft.com/win/2004/08/events/event",
                "System": {
                    "Provider": {
                        "@Name": "Microsoft-Windows-Security-SPP",
                        "@Guid": "{E23B33B0-C8C9-472C-A5F9-F2BDFEA0F156}",
                        "@EventSourceName": "Software Protection Platform Service"
                    },
                    "EventID": {
                        "@Qualifiers": "16384",
                        "#text": "1004"
                    },
                    "Version": "0",
                    "Level": "4",
                    "Task": "0",
                    "Opcode": "0",
                    "Keywords": "0x0080000000000000",
                    "TimeCreated": {
                        "@SystemTime": "2024-07-23 00:35:23.590042"
                    },
                    "EventRecordID": "28",
                    "Correlation": {
                        "@ActivityID": "",
                        "@RelatedActivityID": ""
                    },
                    "Execution": {
                        "@ProcessID": "1056",
                        "@ThreadID": "0"
                    },
                    "Channel": "Application",
                    "Computer": "WIN-8FV0I6RARRF",
                    "Security": {
                        "@UserID": ""
                    }
                },
                "EventData": {
                    "Data": "<string>Windows(R) UL phone License (Private)</string>\n<string>b2a358f2-90cf-4aa9-a1cf-dcde5640f83a</string>",
                    "Binary": null
                }
            }
        },
        {
            "Event": {
                "@xmlns": "http://schemas.microsoft.com/win/2004/08/events/event",
                "System": {
                    "Provider": {
                        "@Name": "Microsoft-Windows-Security-SPP",
                        "@Guid": "{E23B33B0-C8C9-472C-A5F9-F2BDFEA0F156}",
                        "@EventSourceName": "Software Protection Platform Service"
                    },
                    "EventID": {
                        "@Qualifiers": "16384",
                        "#text": "1004"
                    },
                    "Version": "0",
                    "Level": "4",
                    "Task": "0",
                    "Opcode": "0",
                    "Keywords": "0x0080000000000000",
                    "TimeCreated": {
                        "@SystemTime": "2024-07-23 00:35:23.630886"
                    },
                    "EventRecordID": "29",
                    "Correlation": {
                        "@ActivityID": "",
                        "@RelatedActivityID": ""
                    },
                    "Execution": {
                        "@ProcessID": "1056",
                        "@ThreadID": "0"
                    },
                    "Channel": "Application",
                    "Computer": "WIN-8FV0I6RARRF",
                    "Security": {
                        "@UserID": ""
                    }
                },
                "EventData": {
                    "Data": "<string>Windows(R) UL store License (Public)</string>\n<string>2ffbe36f-1c4a-405c-b622-7ae44e2df08c</string>",
                    "Binary": null
                }
            }
        },
