        {
            "Event": {
                "@xmlns": "http://schemas.microsoft.com/win/2004/08/events/event",
                "System": {
                    "Provider": {
                        "@Name": "Microsoft-Windows-Security-SPP",
                        "@Guid": "{E23B33B0-C8C9-472C-A5F9-F2BDFEA0F156}",
                        "@EventSourceName": "Software Protection Platform Service"
                    },
                    "EventID": {
                        "@Qualifiers": "49152",
                        "#text": "16394"
                    },
                    "Version": "0",
                    "Level": "4",
                    "Task": "0",
                    "Opcode": "0",
                    "Keywords": "0x0080000000000000",
                    "TimeCreated": {
                        "@SystemTime": "2024-07-29 13:22:46.620415"
                    },
                    "EventRecordID": "840",
                    "Correlation": {
                        "@ActivityID": "",
                        "@RelatedActivityID": ""
                    },
                    "Execution": {
                        "@ProcessID": "2188",
                        "@ThreadID": "0"
                    },
                    "Channel": "Application",
                    "Computer": "DESKTOP-U22SSQ0",
                    "Security": {
                        "@UserID": ""
                    }
                },
                "EventData": {
                    "Data": null,
                    "Binary": null
                }
            }
        },
        {
            "Event": {
                "@xmlns": "http://schemas.microsoft.com/win/2004/08/events/event",
                "System": {
                    "Provider": {
                        "@Name": "edgeupdate"
                    },
                    "EventID": {
                        "@Qualifiers": "0",
                        "#text": "0"
                    },
                    "Version": "0",
                    "Level": "4",
                    "Task": "0",
                    "Opcode": "0",
                    "Keywords": "0x0080000000000000",
                    "TimeCreated": {
                        "@SystemTime": "2024-07-29 13:23:08.024311"
                    },
                    "EventRecordID": "841",
                    "Correlation": {
                        "@ActivityID": "",
                        "@RelatedActivityID": ""
                    },
                    "Execution": {
                        "@ProcessID": "6696",
                        "@ThreadID": "0"
                    },
                    "Channel": "Application",
                    "Computer": "DESKTOP-U22SSQ0",
                    "Security": {
                        "@UserID": ""
                    }
                },
                "EventData": {
                    "Data": "<string>Service stopped</string>",
                    "Binary": null
                }
            }
        },
        {
            "Event": {
                "@xmlns": "http://schemas.microsoft.com/win/2004/08/events/event",
                "System": {
                    "Provider": {
                        "@Name": "Microsoft-Windows-Security-SPP",
                        "@Guid": "{E23B33B0-C8C9-472C-A5F9-F2BDFEA0F156}",
                        "@EventSourceName": "Software Protection Platform Service"
                    },
                    "EventID": {
                        "@Qualifiers": "16384",
                        "#text": "16384"
                    },
                    "Version": "0",
                    "Level": "4",
                    "Task": "0",
                    "Opcode": "0",
                    "Keywords": "0x0080000000000000",
                    "TimeCreated": {
                        "@SystemTime": "2024-07-29 13:23:36.823736"
                    },
                    "EventRecordID": "842",
                    "Correlation": {
                        "@ActivityID": "",
                        "@RelatedActivityID": ""
                    },
                    "Execution": {
                        "@ProcessID": "2188",
                        "@ThreadID": "0"
                    },
                    "Channel": "Application",
                    "Computer": "DESKTOP-U22SSQ0",
                    "Security": {
                        "@UserID": ""
                    }
                },
                "EventData": {
                    "Data": "<string>2024-07-30T13:16:36Z</string>\n<string>RulesEngine</string>",
                    "Binary": null
                }
            }
        },
        {
            "Event": {
                "@xmlns": "http://schemas.microsoft.com/win/2004/08/events/event",
                "System": {
                    "Provider": {
                        "@Name": "SecurityCenter"
                    },
                    "EventID": {
                        "@Qualifiers": "0",
                        "#text": "15"
                    },
                    "Version": "0",
                    "Level": "4",
                    "Task": "0",
                    "Opcode": "0",
                    "Keywords": "0x0080000000000000",
                    "TimeCreated": {
                        "@SystemTime": "2024-07-29 13:28:27.133024"
                    },
                    "EventRecordID": "843",
                    "Correlation": {
                        "@ActivityID": "",
                        "@RelatedActivityID": ""
                    },
                    "Execution": {
                        "@ProcessID": "11272",
                        "@ThreadID": "0"
                    },
                    "Channel": "Application",
                    "Computer": "DESKTOP-U22SSQ0",
                    "Security": {
                        "@UserID": ""
                    }
                },
                "EventData": {
                    "Data": "<string>Windows Defender</string>\n<string>SECURITY_PRODUCT_STATE_ON</string>",
                    "Binary": null
                }
            }
        },
        {
            "Event": {
                "@xmlns": "http://schemas.microsoft.com/win/2004/08/events/event",
                "System": {
                    "Provider": {
                        "@Name": "edgeupdate"
                    },
                    "EventID": {
                        "@Qualifiers": "0",
                        "#text": "0"
                    },
                    "Version": "0",
                    "Level": "4",
                    "Task": "0",
                    "Opcode": "0",
                    "Keywords": "0x0080000000000000",
                    "TimeCreated": {
                        "@SystemTime": "2024-07-29 13:28:40.887066"
                    },
                    "EventRecordID": "844",
                    "Correlation": {
                        "@ActivityID": "",
                        "@RelatedActivityID": ""
                    },
                    "Execution": {
                        "@ProcessID": "7452",
                        "@ThreadID": "0"
                    },
                    "Channel": "Application",
                    "Computer": "DESKTOP-U22SSQ0",
                    "Security": {
                        "@UserID": ""
                    }
                },
                "EventData": {
                    "Data": "<string>Service stopped</string>",
                    "Binary": null
                }
            }
        },
        {
            "Event": {
                "@xmlns": "http://schemas.microsoft.com/win/2004/08/events/event",
                "System": {
                    "Provider": {
                        "@Name": "ESENT"
                    },
                    "EventID": {
                        "@Qualifiers": "0",
                        "#text": "102"
                    },
                    "Version": "0",
                    "Level": "4",
                    "Task": "1",
                    "Opcode": "0",
                    "Keywords": "0x0080000000000000",
                    "TimeCreated": {
                        "@SystemTime": "2024-07-29 13:29:14.789223"
                    },
                    "EventRecordID": "845",
                    "Correlation": {
                        "@ActivityID": "",
                        "@RelatedActivityID": ""
                    },
                    "Execution": {
                        "@ProcessID": "2524",
                        "@ThreadID": "0"
                    },
                    "Channel": "Application",
                    "Computer": "DESKTOP-U22SSQ0",
                    "Security": {
                        "@UserID": ""
                    }
                },
                "EventData": {
                    "Data": "<string>svchost</string>\n<string>2524,P,98,0</string>\n<string>DS_Token_DB: </string>\n<string>0</string>\n<string>10</string>\n<string>00</string>\n<string>26100</string>\n<string>0000</string>",
                    "Binary": null
                }
            }
        },
        {
            "Event": {
                "@xmlns": "http://schemas.microsoft.com/win/2004/08/events/event",
                "System": {
                    "Provider": {
                        "@Name": "ESENT"
                    },
                    "EventID": {
                        "@Qualifiers": "0",
                        "#text": "300"
                    },
                    "Version": "0",
                    "Level": "4",
                    "Task": "3",
                    "Opcode": "0",
                    "Keywords": "0x0080000000000000",
                    "TimeCreated": {
                        "@SystemTime": "2024-07-29 13:29:14.805943"
                    },
                    "EventRecordID": "846",
                    "Correlation": {
                        "@ActivityID": "",
                        "@RelatedActivityID": ""
                    },
                    "Execution": {
                        "@ProcessID": "2524",
                        "@ThreadID": "0"
                    },
                    "Channel": "Application",
                    "Computer": "DESKTOP-U22SSQ0",
                    "Security": {
                        "@UserID": ""
                    }
                },
                "EventData": {
                    "Data": "<string>svchost</string>\n<string>2524,R,98,0</string>\n<string>DS_Token_DB: </string>",
                    "Binary": null
                }
            }
        },
        {
            "Event": {
                "@xmlns": "http://schemas.microsoft.com/win/2004/08/events/event",
                "System": {
                    "Provider": {
                        "@Name": "ESENT"
                    },
                    "EventID": {
                        "@Qualifiers": "0",
                        "#text": "301"
                    },
                    "Version": "0",
                    "Level": "4",
                    "Task": "3",
                    "Opcode": "0",
                    "Keywords": "0x0080000000000000",
                    "TimeCreated": {
                        "@SystemTime": "2024-07-29 13:29:15.002535"
                    },
                    "EventRecordID": "847",
                    "Correlation": {
                        "@ActivityID": "",
                        "@RelatedActivityID": ""
                    },
                    "Execution": {
                        "@ProcessID": "2524",
                        "@ThreadID": "0"
                    },
                    "Channel": "Application",
                    "Computer": "DESKTOP-U22SSQ0",
                    "Security": {
                        "@UserID": ""
                    }
                },
                "EventData": {
                    "Data": "<string>svchost</string>\n<string>2524,R,98,0</string>\n<string>DS_Token_DB: </string>\n<string>C:\\Windows\\system32\\config\\systemprofile\\AppData\\Local\\DataSharing\\Storage\\DSS00001.log</string>\n<string>\n[1] 0.190795 -0.132811 (222) CM -0.108697 (233) WT +J(CM:222, PgRf:281, Rd:0/222, Dy:0/0, Lg:53046/644) +M(C:8K, Fs:193, WS:680K # 680K, PF:568K # 572K, P:568K).</string>\n<string>Insert   </string>\n<string>244</string>",
                    "Binary": null
                }
            }
        },
        {
            "Event": {
                "@xmlns": "http://schemas.microsoft.com/win/2004/08/events/event",
                "System": {
                    "Provider": {
                        "@Name": "ESENT"
                    },
                    "EventID": {
                        "@Qualifiers": "0",
                        "#text": "301"
                    },
                    "Version": "0",
                    "Level": "4",
                    "Task": "3",
                    "Opcode": "0",
                    "Keywords": "0x0080000000000000",
                    "TimeCreated": {
                        "@SystemTime": "2024-07-29 13:29:15.016371"
                    },
                    "EventRecordID": "848",
                    "Correlation": {
                        "@ActivityID": "",
                        "@RelatedActivityID": ""
                    },
                    "Execution": {
                        "@ProcessID": "2524",
                        "@ThreadID": "0"
                    },
                    "Channel": "Application",
                    "Computer": "DESKTOP-U22SSQ0",
                    "Security": {
                        "@UserID": ""
                    }
                },
                "EventData": {
                    "Data": "<string>svchost</string>\n<string>2524,R,98,0</string>\n<string>DS_Token_DB: </string>\n<string>C:\\Windows\\system32\\config\\systemprofile\\AppData\\Local\\DataSharing\\Storage\\DSS.log</string>\n<string>\n[1] 0.003896 -0.001460 (2) CM -0.001375 (2) WT +J(CM:2, PgRf:140, Rd:19/1, Dy:0/0, Lg:20230/291) +M(C:188K, Fs:34, WS:136K # 136K, PF:208K # 204K, P:208K).</string>\n<string>Insert   </string>\n<string>97</string>",
                    "Binary": null
                }
            }
        },
        {
            "Event": {
                "@xmlns": "http://schemas.microsoft.com/win/2004/08/events/event",
                "System": {
                    "Provider": {
                        "@Name": "ESENT"
                    },
                    "EventID": {
                        "@Qualifiers": "0",
                        "#text": "302"
                    },
                    "Version": "0",
                    "Level": "4",
                    "Task": "3",
                    "Opcode": "0",
                    "Keywords": "0x0080000000000000",
                    "TimeCreated": {
                        "@SystemTime": "2024-07-29 13:29:15.053249"
                    },
                    "EventRecordID": "849",
                    "Correlation": {
                        "@ActivityID": "",
                        "@RelatedActivityID": ""
                    },
                    "Execution": {
                        "@ProcessID": "2524",
                        "@ThreadID": "0"
                    },
                    "Channel": "Application",
                    "Computer": "DESKTOP-U22SSQ0",
                    "Security": {
                        "@UserID": ""
                    }
                },
                "EventData": {
                    "Data": "<string>svchost</string>\n<string>2524,U,98,0</string>\n<string>DS_Token_DB: </string>",
                    "Binary": null
                }
            }
        },
        {
            "Event": {
                "@xmlns": "http://schemas.microsoft.com/win/2004/08/events/event",
                "System": {
                    "Provider": {
                        "@Name": "ESENT"
                    },
                    "EventID": {
                        "@Qualifiers": "0",
                        "#text": "105"
                    },
                    "Version": "0",
                    "Level": "4",
                    "Task": "1",
                    "Opcode": "0",
                    "Keywords": "0x0080000000000000",
                    "TimeCreated": {
                        "@SystemTime": "2024-07-29 13:29:15.063116"
                    },
                    "EventRecordID": "850",
                    "Correlation": {
                        "@ActivityID": "",
                        "@RelatedActivityID": ""
                    },
                    "Execution": {
                        "@ProcessID": "2524",
                        "@ThreadID": "0"
                    },
                    "Channel": "Application",
                    "Computer": "DESKTOP-U22SSQ0",
                    "Security": {
                        "@UserID": ""
                    }
                },
                "EventData": {
                    "Data": "<string>svchost</string>\n<string>2524,D,0,0</string>\n<string>DS_Token_DB: </string>\n<string>0</string>\n<string>0.286</string>\n<string>\n[1] 0.002794 +J(0) +M(C:0K, Fs:178, WS:696K # 696K, PF:2664K # 2664K, P:2664K)\n[2] 0.001138 +J(0) +M(C:8K, Fs:188, WS:744K # 744K, PF:1240K # 1240K, P:1240K)\n[3] 0.000030 +J(0) +M(C:0K, Fs:7, WS:24K # 24K, PF:68K # 68K, P:68K)\n[4] 0.000664 +J(0) +M(C:0K, Fs:78, WS:312K # 312K, PF:180K # 180K, P:180K)\n[5] 0.002048 +J(0) +M(C:0K, Fs:44, WS:176K # 176K, PF:16K # 16K, P:16K)\n[6] 0.011711 +J(0) +M(C:0K, Fs:49, WS:196K # 196K, PF:16K # 16K, P:16K)\n[7] 0.002986 -0.001306 (2) WT +J(0) +M(C:0K, Fs:29, WS:116K # 116K, PF:64K # 64K, P:64K)\n[8] 0.202227 -0.132811 (222) CM -0.110905 (236) WT +J(CM:222, PgRf:281, Rd:0/222, Dy:0/0, Lg:53046/644) +M(C:8K, Fs:243, WS:872K # 872K, PF:652K # 656K, P:652K)\n[9] 0.017022 -0.001460 (2) CM -0.003133 (4) WT +J(CM:2, PgRf:140, Rd:25/1, Dy:0/0, Lg:20230/291) +M(C:196K, Fs:56, WS:220K # 220K, PF:224K # 220K, P:224K) + 1 lgens\n[10] 0.001768 -0.000511 (1) WT +J(0) +M(C:0K, Fs:2, WS:-52K # 0K, PF:-8K # 0K, P:-8K)\n[11] 0.000072 +J(CM:0, PgRf:0, Rd:0/0, Dy:0/0, Lg:49/1) +M(C:0K, Fs:5, WS:20K # 0K, PF:0K # 0K, P:0K)\n[12] 0.001122 +J(0) +M(C:0K, Fs:1, WS:4K # 0K, PF:0K # 0K, P:0K)\n[13] 0.039631 -0.000928 (2) CM -0.010056 (18) WT +J(CM:2, PgRf:2, Rd:0/2, Dy:0/0, Lg:8759/5) +M(C:0K, Fs:43, WS:52K # 88K, PF:-32K # 28K, P:-32K)\n[14] 0.000012 +J(0)\n[15] 0.000014 +J(0)\n[16] 0.003003 -0.000489 (1) WT +J(0) +M(C:0K, Fs:2, WS:0K # 0K, PF:0K # 0K, P:0K).</string>\n<string>lgposV2[] = 00000001:0001:0000 - 00000001:000E:01AA - 00000002:0006:0000 - 00000002:0006:0000 (00000000:0000:0000)\ncReInits = 1\nRBSOn = 0\n</string>",
                    "Binary": null
                }
            }
        },
        {
            "Event": {
                "@xmlns": "http://schemas.microsoft.com/win/2004/08/events/event",
                "System": {
                    "Provider": {
                        "@Name": "ESENT"
                    },
                    "EventID": {
                        "@Qualifiers": "0",
                        "#text": "326"
                    },
                    "Version": "0",
                    "Level": "4",
                    "Task": "1",
                    "Opcode": "0",
                    "Keywords": "0x0080000000000000",
                    "TimeCreated": {
                        "@SystemTime": "2024-07-29 13:29:15.091032"
                    },
                    "EventRecordID": "851",
                    "Correlation": {
                        "@ActivityID": "",
                        "@RelatedActivityID": ""
                    },
                    "Execution": {
                        "@ProcessID": "2524",
                        "@ThreadID": "0"
                    },
                    "Channel": "Application",
                    "Computer": "DESKTOP-U22SSQ0",
                    "Security": {
                        "@UserID": ""
                    }
                },
                "EventData": {
                    "Data": "<string>svchost</string>\n<string>2524,D,50,0</string>\n<string>DS_Token_DB: </string>\n<string>1</string>\n<string>C:\\Windows\\system32\\config\\systemprofile\\AppData\\Local\\DataSharing\\Storage\\DSTokenDB2.dat</string>\n<string>0</string>\n<string>\n[1] 0.000018 +J(0)\n[2] 0.002054 -0.000499 (1) WT +J(0) +M(C:0K, Fs:18, WS:8K # 4K, PF:4K # 0K, P:4K)\n[3] 0.015700 -0.004611 (6) WT +J(CM:0, PgRf:0, Rd:0/0, Dy:0/0, Lg:3480/2) +M(C:0K, Fs:7, WS:24K # 0K, PF:20K # 0K, P:20K)\n[4] 0.002552 +J(0)\n[5] -\n[6] 0.000030 +J(CM:0, PgRf:2, Rd:0/0, Dy:0/0, Lg:0/0)\n[7] 0.000006 +J(0)\n[8] 0.000672 +J(CM:0, PgRf:1, Rd:4/0, Dy:0/0, Lg:0/0) +M(C:0K, Fs:30, WS:120K # 84K, PF:192K # 148K, P:192K)\n[9] -\n[10] -\n[11] -\n[12] 0.000223 +J(CM:0, PgRf:0, Rd:0/0, Dy:0/0, Lg:54/1) +M(C:0K, Fs:2, WS:8K # 8K, PF:20K # 20K, P:20K)\n[13] 0.000758 +J(CM:0, PgRf:23, Rd:0/0, Dy:0/0, Lg:0/0) +M(C:0K, Fs:26, WS:104K # 104K, PF:4K # 4K, P:4K)\n[14] 0.000253 +J(CM:0, PgRf:40, Rd:0/0, Dy:0/0, Lg:0/0) +M(C:0K, Fs:13, WS:52K # 52K, PF:4K # 4K, P:4K)\n[15] 0.000004 +J(CM:0, PgRf:1, Rd:0/0, Dy:0/0, Lg:0/0)\n[16] 0.000007 +J(CM:0, PgRf:1, Rd:0/0, Dy:0/0, Lg:0/0) +M(C:0K, Fs:1, WS:4K # 4K, PF:0K # 0K, P:0K)\n[17] 0.000036 +J(CM:0, PgRf:42, Rd:0/0, Dy:0/0, Lg:0/0) +M(C:0K, Fs:7, WS:28K # 28K, PF:0K # 0K, P:0K)\n[18] 0.000001 +J(0)\n[19] 0.000001 +J(0)\n[20] 0.000015 +J(CM:0, PgRf:3, Rd:0/0, Dy:0/0, Lg:0/0) +M(C:0K, Fs:3, WS:12K # 12K, PF:0K # 0K, P:0K).</string>\n<string>1 0</string>\n<string>lgposAttach = 00000002:0008:0268,\ndbv = 1568.300.620 (9620)</string>",
                    "Binary": null
                }
            }
        },
        {
            "Event": {
                "@xmlns": "http://schemas.microsoft.com/win/2004/08/events/event",
                "System": {
                    "Provider": {
                        "@Name": "SecurityCenter"
                    },
                    "EventID": {
                        "@Qualifiers": "0",
                        "#text": "15"
                    },
                    "Version": "0",
                    "Level": "4",
                    "Task": "0",
                    "Opcode": "0",
                    "Keywords": "0x0080000000000000",
                    "TimeCreated": {
                        "@SystemTime": "2024-07-29 13:29:16.526024"
                    },
                    "EventRecordID": "852",
                    "Correlation": {
                        "@ActivityID": "",
                        "@RelatedActivityID": ""
                    },
                    "Execution": {
                        "@ProcessID": "11272",
                        "@ThreadID": "0"
                    },
                    "Channel": "Application",
                    "Computer": "DESKTOP-U22SSQ0",
                    "Security": {
                        "@UserID": ""
                    }
                },
                "EventData": {
                    "Data": "<string>Windows Defender</string>\n<string>SECURITY_PRODUCT_STATE_ON</string>",
                    "Binary": null
                }
            }
        },
        {
            "Event": {
                "@xmlns": "http://schemas.microsoft.com/win/2004/08/events/event",
                "System": {
                    "Provider": {
                        "@Name": "SecurityCenter"
                    },
                    "EventID": {
                        "@Qualifiers": "0",
                        "#text": "15"
                    },
                    "Version": "0",
                    "Level": "4",
                    "Task": "0",
                    "Opcode": "0",
                    "Keywords": "0x0080000000000000",
                    "TimeCreated": {
                        "@SystemTime": "2024-07-29 13:30:29.641245"
                    },
                    "EventRecordID": "853",
                    "Correlation": {
                        "@ActivityID": "",
                        "@RelatedActivityID": ""
                    },
                    "Execution": {
                        "@ProcessID": "11272",
                        "@ThreadID": "0"
                    },
                    "Channel": "Application",
                    "Computer": "DESKTOP-U22SSQ0",
                    "Security": {
                        "@UserID": ""
                    }
                },
                "EventData": {
                    "Data": "<string>Windows Defender</string>\n<string>SECURITY_PRODUCT_STATE_ON</string>",
                    "Binary": null
                }
            }
        },
        {
            "Event": {
                "@xmlns": "http://schemas.microsoft.com/win/2004/08/events/event",
                "System": {
                    "Provider": {
                        "@Name": "VSS"
                    },
                    "EventID": {
                        "@Qualifiers": "0",
                        "#text": "8224"
                    },
                    "Version": "0",
                    "Level": "4",
                    "Task": "0",
                    "Opcode": "0",
                    "Keywords": "0x0080000000000000",
                    "TimeCreated": {
                        "@SystemTime": "2024-07-29 13:32:14.876839"
                    },
                    "EventRecordID": "854",
                    "Correlation": {
                        "@ActivityID": "",
                        "@RelatedActivityID": ""
                    },
                    "Execution": {
                        "@ProcessID": "7220",
                        "@ThreadID": "0"
                    },
                    "Channel": "Application",
                    "Computer": "DESKTOP-U22SSQ0",
                    "Security": {
                        "@UserID": ""
                    }
                },
                "EventData": {
                    "Data": "<string></string>",
                    "Binary": "LSBDb2RlOiAgQ09SU1ZDQzAwMDAwNzcyLSBDYWxsOiAgQ09SU1ZDQzAwMDAwNzU0LSBQSUQ6ICAwMDAwNzIyMC0gVElEOiAgMDAwMDgyNTItIENNRDogIEM6XFdpbmRvd3Ncc3lzdGVtMzJcdnNzdmMuZXhlICAgLSBVc2VyOiBOYW1lOiBOVCBBVVRIT1JJVFlcU1lTVEVNLCBTSUQ6Uy0xLTUtMTgg"
                }
            }
        },
        {
            "Event": {
                "@xmlns": "http://schemas.microsoft.com/win/2004/08/events/event",
                "System": {
                    "Provider": {
                        "@Name": "Microsoft-Windows-Security-SPP",
                        "@Guid": "{E23B33B0-C8C9-472C-A5F9-F2BDFEA0F156}",
                        "@EventSourceName": "Software Protection Platform Service"
                    },
                    "EventID": {
                        "@Qualifiers": "49152",
                        "#text": "16394"
                    },
                    "Version": "0",
                    "Level": "4",
                    "Task": "0",
                    "Opcode": "0",
                    "Keywords": "0x0080000000000000",
                    "TimeCreated": {
                        "@SystemTime": "2024-07-29 13:32:29.380976"
                    },
                    "EventRecordID": "855",
                    "Correlation": {
                        "@ActivityID": "",
                        "@RelatedActivityID": ""
                    },
                    "Execution": {
                        "@ProcessID": "724",
                        "@ThreadID": "0"
                    },
                    "Channel": "Application",
                    "Computer": "DESKTOP-U22SSQ0",
                    "Security": {
                        "@UserID": ""
                    }
                },
                "EventData": {
                    "Data": null,
                    "Binary": null
                }
            }
        },
        {
            "Event": {
                "@xmlns": "http://schemas.microsoft.com/win/2004/08/events/event",
                "System": {
                    "Provider": {
                        "@Name": "Microsoft-Windows-Security-SPP",
                        "@Guid": "{E23B33B0-C8C9-472C-A5F9-F2BDFEA0F156}",
                        "@EventSourceName": "Software Protection Platform Service"
                    },
                    "EventID": {
                        "@Qualifiers": "16384",
                        "#text": "16384"
                    },
                    "Version": "0",
                    "Level": "4",
                    "Task": "0",
                    "Opcode": "0",
                    "Keywords": "0x0080000000000000",
                    "TimeCreated": {
                        "@SystemTime": "2024-07-29 13:33:01.165215"
                    },
                    "EventRecordID": "856",
                    "Correlation": {
                        "@ActivityID": "",
                        "@RelatedActivityID": ""
                    },
                    "Execution": {
                        "@ProcessID": "724",
                        "@ThreadID": "0"
                    },
                    "Channel": "Application",
                    "Computer": "DESKTOP-U22SSQ0",
                    "Security": {
                        "@UserID": ""
                    }
                },
                "EventData": {
                    "Data": "<string>2024-07-30T13:17:01Z</string>\n<string>RulesEngine</string>",
                    "Binary": null
                }
            }
        },
        {
            "Event": {
                "@xmlns": "http://schemas.microsoft.com/win/2004/08/events/event",
                "System": {
                    "Provider": {
                        "@Name": "VSS"
                    },
                    "EventID": {
                        "@Qualifiers": "0",
                        "#text": "8224"
                    },
                    "Version": "0",
                    "Level": "4",
                    "Task": "0",
                    "Opcode": "0",
                    "Keywords": "0x0080000000000000",
                    "TimeCreated": {
                        "@SystemTime": "2024-07-29 14:20:49.763004"
                    },
                    "EventRecordID": "857",
                    "Correlation": {
                        "@ActivityID": "",
                        "@RelatedActivityID": ""
                    },
                    "Execution": {
                        "@ProcessID": "10480",
                        "@ThreadID": "0"
                    },
                    "Channel": "Application",
                    "Computer": "DESKTOP-U22SSQ0",
                    "Security": {
                        "@UserID": ""
                    }
                },
                "EventData": {
                    "Data": "<string></string>",
                    "Binary": "LSBDb2RlOiAgQ09SU1ZDQzAwMDAwNzcyLSBDYWxsOiAgQ09SU1ZDQzAwMDAwNzU0LSBQSUQ6ICAwMDAxMDQ4MC0gVElEOiAgMDAwMDE0MzYtIENNRDogIEM6XFdpbmRvd3Ncc3lzdGVtMzJcdnNzdmMuZXhlICAgLSBVc2VyOiBOYW1lOiBOVCBBVVRIT1JJVFlcU1lTVEVNLCBTSUQ6Uy0xLTUtMTgg"
                }
            }
        },
        {
            "Event": {
                "@xmlns": "http://schemas.microsoft.com/win/2004/08/events/event",
                "System": {
                    "Provider": {
                        "@Name": "Microsoft-Windows-Security-SPP",
                        "@Guid": "{E23B33B0-C8C9-472C-A5F9-F2BDFEA0F156}",
                        "@EventSourceName": "Software Protection Platform Service"
                    },
                    "EventID": {
                        "@Qualifiers": "49152",
                        "#text": "16394"
                    },
                    "Version": "0",
                    "Level": "4",
                    "Task": "0",
                    "Opcode": "0",
                    "Keywords": "0x0080000000000000",
                    "TimeCreated": {
                        "@SystemTime": "2024-07-29 14:29:36.521212"
                    },
                    "EventRecordID": "858",
                    "Correlation": {
                        "@ActivityID": "",
                        "@RelatedActivityID": ""
                    },
                    "Execution": {
                        "@ProcessID": "8576",
                        "@ThreadID": "0"
                    },
                    "Channel": "Application",
                    "Computer": "DESKTOP-U22SSQ0",
                    "Security": {
                        "@UserID": ""
                    }
                },
                "EventData": {
                    "Data": null,
                    "Binary": null
                }
            }
        },
        {
            "Event": {
                "@xmlns": "http://schemas.microsoft.com/win/2004/08/events/event",
                "System": {
                    "Provider": {
                        "@Name": "Microsoft-Windows-Security-SPP",
                        "@Guid": "{E23B33B0-C8C9-472C-A5F9-F2BDFEA0F156}",
                        "@EventSourceName": "Software Protection Platform Service"
                    },
                    "EventID": {
                        "@Qualifiers": "16384",
                        "#text": "16384"
                    },
                    "Version": "0",
                    "Level": "4",
                    "Task": "0",
                    "Opcode": "0",
                    "Keywords": "0x0080000000000000",
                    "TimeCreated": {
                        "@SystemTime": "2024-07-29 14:30:06.866365"
                    },
                    "EventRecordID": "859",
                    "Correlation": {
                        "@ActivityID": "",
                        "@RelatedActivityID": ""
                    },
                    "Execution": {
                        "@ProcessID": "8576",
                        "@ThreadID": "0"
                    },
                    "Channel": "Application",
                    "Computer": "DESKTOP-U22SSQ0",
                    "Security": {
                        "@UserID": ""
                    }
                },
                "EventData": {
                    "Data": "<string>2024-07-30T13:17:06Z</string>\n<string>RulesEngine</string>",
                    "Binary": null
                }
            }
        },
        {
            "Event": {
                "@xmlns": "http://schemas.microsoft.com/win/2004/08/events/event",
                "System": {
                    "Provider": {
                        "@Name": "Microsoft-Windows-Security-SPP",
                        "@Guid": "{E23B33B0-C8C9-472C-A5F9-F2BDFEA0F156}",
                        "@EventSourceName": "Software Protection Platform Service"
                    },
                    "EventID": {
                        "@Qualifiers": "49152",
                        "#text": "16394"
                    },
                    "Version": "0",
                    "Level": "4",
                    "Task": "0",
                    "Opcode": "0",
                    "Keywords": "0x0080000000000000",
                    "TimeCreated": {
                        "@SystemTime": "2024-07-29 15:27:50.757576"
                    },
                    "EventRecordID": "860",
                    "Correlation": {
                        "@ActivityID": "",
                        "@RelatedActivityID": ""
                    },
                    "Execution": {
                        "@ProcessID": "508",
                        "@ThreadID": "0"
                    },
                    "Channel": "Application",
                    "Computer": "DESKTOP-U22SSQ0",
                    "Security": {
                        "@UserID": ""
                    }
                },
                "EventData": {
                    "Data": null,
                    "Binary": null
                }
            }
        },
        {
            "Event": {
                "@xmlns": "http://schemas.microsoft.com/win/2004/08/events/event",
                "System": {
                    "Provider": {
                        "@Name": "Microsoft-Windows-Security-SPP",
                        "@Guid": "{E23B33B0-C8C9-472C-A5F9-F2BDFEA0F156}",
                        "@EventSourceName": "Software Protection Platform Service"
                    },
                    "EventID": {
                        "@Qualifiers": "16384",
                        "#text": "16384"
                    },
                    "Version": "0",
                    "Level": "4",
                    "Task": "0",
                    "Opcode": "0",
                    "Keywords": "0x0080000000000000",
                    "TimeCreated": {
                        "@SystemTime": "2024-07-29 15:28:21.213432"
                    },
                    "EventRecordID": "861",
                    "Correlation": {
                        "@ActivityID": "",
                        "@RelatedActivityID": ""
                    },
                    "Execution": {
                        "@ProcessID": "508",
                        "@ThreadID": "0"
                    },
                    "Channel": "Application",
                    "Computer": "DESKTOP-U22SSQ0",
                    "Security": {
                        "@UserID": ""
                    }
                },
                "EventData": {
                    "Data": "<string>2024-07-30T13:17:21Z</string>\n<string>RulesEngine</string>",
                    "Binary": null
                }
            }
        },
        {
            "Event": {
                "@xmlns": "http://schemas.microsoft.com/win/2004/08/events/event",
                "System": {
                    "Provider": {
                        "@Name": "Microsoft-Windows-CAPI2",
                        "@Guid": "{5bbca4a8-b209-48dc-a8c7-b23d3e5216fb}",
                        "@EventSourceName": "Microsoft-Windows-CAPI2"
                    },
                    "EventID": {
                        "@Qualifiers": "0",
                        "#text": "4097"
                    },
                    "Version": "0",
                    "Level": "4",
                    "Task": "0",
                    "Opcode": "0",
                    "Keywords": "0x8080000000000000",
                    "TimeCreated": {
                        "@SystemTime": "2024-07-29 15:32:54.952480"
                    },
                    "EventRecordID": "862",
                    "Correlation": {
                        "@ActivityID": "",
                        "@RelatedActivityID": ""
                    },
                    "Execution": {
                        "@ProcessID": "1256",
                        "@ThreadID": "1456"
                    },
                    "Channel": "Application",
                    "Computer": "DESKTOP-U22SSQ0",
                    "Security": {
                        "@UserID": ""
                    }
                },
                "EventData": {
                    "Data": "<string>CN=USERTrust RSA Certification Authority, O=The USERTRUST Network, L=Jersey City, S=New Jersey, C=US</string>\n<string>2B8F1B57330DBBA2D07A6C51F70EE90DDAB9AD8E</string>",
                    "Binary": null
                }
            }
        },
        {
            "Event": {
                "@xmlns": "http://schemas.microsoft.com/win/2004/08/events/event",
                "System": {
                    "Provider": {
                        "@Name": "Microsoft-Windows-CAPI2",
                        "@Guid": "{5bbca4a8-b209-48dc-a8c7-b23d3e5216fb}",
                        "@EventSourceName": "Microsoft-Windows-CAPI2"
                    },
                    "EventID": {
                        "@Qualifiers": "0",
                        "#text": "4097"
                    },
                    "Version": "0",
                    "Level": "4",
                    "Task": "0",
                    "Opcode": "0",
                    "Keywords": "0x8080000000000000",
                    "TimeCreated": {
                        "@SystemTime": "2024-07-29 15:35:09.100325"
                    },
                    "EventRecordID": "863",
                    "Correlation": {
                        "@ActivityID": "",
                        "@RelatedActivityID": ""
                    },
                    "Execution": {
                        "@ProcessID": "1256",
                        "@ThreadID": "6508"
                    },
                    "Channel": "Application",
                    "Computer": "DESKTOP-U22SSQ0",
                    "Security": {
                        "@UserID": ""
                    }
                },
                "EventData": {
                    "Data": "<string>CN=VeriSign Class 3 Public Primary Certification Authority - G5, OU=\"(c) 2006 VeriSign, Inc. - For authorized use only\", OU=VeriSign Trust Network, O=\"VeriSign, Inc.\", C=US</string>\n<string>4EB6D578499B1CCF5F581EAD56BE3D9B6744A5E5</string>",
                    "Binary": null
                }
            }
        },
        {
            "Event": {
                "@xmlns": "http://schemas.microsoft.com/win/2004/08/events/event",
                "System": {
                    "Provider": {
                        "@Name": "Microsoft-Windows-User Profiles Service",
                        "@Guid": "{89b1e9f0-5aff-44a6-9b44-0a07a7ce5845}"
                    },
                    "EventID": {
                        "@Qualifiers": "",
                        "#text": "1531"
                    },
                    "Version": "0",
                    "Level": "4",
                    "Task": "0",
                    "Opcode": "0",
                    "Keywords": "0x8000000000000000",
                    "TimeCreated": {
                        "@SystemTime": "2024-07-29 15:51:23.018120"
                    },
                    "EventRecordID": "864",
                    "Correlation": {
                        "@ActivityID": "",
                        "@RelatedActivityID": ""
                    },
                    "Execution": {
                        "@ProcessID": "1652",
                        "@ThreadID": "1752"
                    },
                    "Channel": "Application",
                    "Computer": "DESKTOP-U22SSQ0",
                    "Security": {
                        "@UserID": "S-1-5-18"
                    }
                },
                "EventData": null
            }
        },
        {
            "Event": {
                "@xmlns": "http://schemas.microsoft.com/win/2004/08/events/event",
                "System": {
                    "Provider": {
                        "@Name": "Microsoft-Windows-WMI",
                        "@Guid": "{1edeee53-0afe-4609-b846-d8c0b2075b1f}"
                    },
                    "EventID": {
                        "@Qualifiers": "",
                        "#text": "5615"
                    },
                    "Version": "2",
                    "Level": "4",
                    "Task": "0",
                    "Opcode": "0",
                    "Keywords": "0x8000000000000000",
                    "TimeCreated": {
                        "@SystemTime": "2024-07-29 15:51:29.094486"
                    },
                    "EventRecordID": "865",
                    "Correlation": {
                        "@ActivityID": "",
                        "@RelatedActivityID": ""
                    },
                    "Execution": {
                        "@ProcessID": "3808",
                        "@ThreadID": "4028"
                    },
                    "Channel": "Application",
                    "Computer": "DESKTOP-U22SSQ0",
                    "Security": {
                        "@UserID": "S-1-5-18"
                    }
                },
                "EventData": null
            }
        },
        {
            "Event": {
                "@xmlns": "http://schemas.microsoft.com/win/2004/08/events/event",
                "System": {
                    "Provider": {
                        "@Name": "Microsoft-Windows-WMI",
                        "@Guid": "{1edeee53-0afe-4609-b846-d8c0b2075b1f}"
                    },
                    "EventID": {
                        "@Qualifiers": "",
                        "#text": "5617"
                    },
                    "Version": "2",
                    "Level": "4",
                    "Task": "0",
                    "Opcode": "0",
                    "Keywords": "0x8000000000000000",
                    "TimeCreated": {
                        "@SystemTime": "2024-07-29 15:51:31.968718"
                    },
                    "EventRecordID": "866",
                    "Correlation": {
                        "@ActivityID": "",
                        "@RelatedActivityID": ""
                    },
                    "Execution": {
                        "@ProcessID": "3808",
                        "@ThreadID": "4312"
                    },
                    "Channel": "Application",
                    "Computer": "DESKTOP-U22SSQ0",
                    "Security": {
                        "@UserID": "S-1-5-18"
                    }
                },
                "EventData": null
            }
        },
        {
            "Event": {
                "@xmlns": "http://schemas.microsoft.com/win/2004/08/events/event",
                "System": {
                    "Provider": {
                        "@Name": "Microsoft-Windows-Security-SPP",
                        "@Guid": "{E23B33B0-C8C9-472C-A5F9-F2BDFEA0F156}",
                        "@EventSourceName": "Software Protection Platform Service"
                    },
                    "EventID": {
                        "@Qualifiers": "16384",
                        "#text": "900"
                    },
                    "Version": "0",
                    "Level": "4",
                    "Task": "0",
                    "Opcode": "0",
                    "Keywords": "0x0080000000000000",
                    "TimeCreated": {
                        "@SystemTime": "2024-07-29 15:51:32.603357"
                    },
                    "EventRecordID": "867",
                    "Correlation": {
                        "@ActivityID": "",
                        "@RelatedActivityID": ""
                    },
                    "Execution": {
                        "@ProcessID": "3744",
                        "@ThreadID": "0"
                    },
                    "Channel": "Application",
                    "Computer": "DESKTOP-U22SSQ0",
                    "Security": {
                        "@UserID": ""
                    }
                },
                "EventData": {
                    "Data": "<string>TriggerStarted:6</string>",
                    "Binary": null
                }
            }
        },
        {
            "Event": {
                "@xmlns": "http://schemas.microsoft.com/win/2004/08/events/event",
                "System": {
                    "Provider": {
                        "@Name": "Microsoft-Windows-Security-SPP",
                        "@Guid": "{E23B33B0-C8C9-472C-A5F9-F2BDFEA0F156}",
                        "@EventSourceName": "Software Protection Platform Service"
                    },
                    "EventID": {
                        "@Qualifiers": "49152",
                        "#text": "16394"
                    },
                    "Version": "0",
                    "Level": "4",
                    "Task": "0",
                    "Opcode": "0",
                    "Keywords": "0x0080000000000000",
                    "TimeCreated": {
                        "@SystemTime": "2024-07-29 15:51:32.778475"
                    },
                    "EventRecordID": "868",
                    "Correlation": {
                        "@ActivityID": "",
                        "@RelatedActivityID": ""
                    },
                    "Execution": {
                        "@ProcessID": "3744",
                        "@ThreadID": "0"
                    },
                    "Channel": "Application",
                    "Computer": "DESKTOP-U22SSQ0",
                    "Security": {
                        "@UserID": ""
                    }
                },
                "EventData": {
                    "Data": null,
                    "Binary": null
                }
            }
        },
