        {
            "Event": {
                "@xmlns": "http://schemas.microsoft.com/win/2004/08/events/event",
                "System": {
                    "Provider": {
                        "@Name": "Microsoft-Windows-Security-SPP",
                        "@Guid": "{E23B33B0-C8C9-472C-A5F9-F2BDFEA0F156}",
                        "@EventSourceName": "Software Protection Platform Service"
                    },
                    "EventID": {
                        "@Qualifiers": "49152",
                        "#text": "8198"
                    },
                    "Version": "0",
                    "Level": "2",
                    "Task": "0",
                    "Opcode": "0",
                    "Keywords": "0x0080000000000000",
                    "TimeCreated": {
                        "@SystemTime": "2024-07-23 21:49:55.483868"
                    },
                    "EventRecordID": "599",
                    "Correlation": {
                        "@ActivityID": "",
                        "@RelatedActivityID": ""
                    },
                    "Execution": {
                        "@ProcessID": "5924",
                        "@ThreadID": "0"
                    },
                    "Channel": "Application",
                    "Computer": "DESKTOP-U22SSQ0",
                    "Security": {
                        "@UserID": ""
                    }
                },
                "EventData": {
                    "Data": "<string>hr=0x80004005</string>\n<string>RuleId=31e71c49-8da7-4a2f-ad92-45d98a1c79ba;Action=AutoActivate;AppId=55c92734-d682-4d71-983e-d6ec3f16059f;SkuId=4de7cb65-cdf1-4de9-8ae8-e3cce27b9f2c;NotificationInterval=1440;Trigger=UserLogon;SessionId=1</string>",
                    "Binary": null
                }
            }
        },
        {
            "Event": {
                "@xmlns": "http://schemas.microsoft.com/win/2004/08/events/event",
                "System": {
                    "Provider": {
                        "@Name": "Microsoft-Windows-Search",
                        "@Guid": "{CA4E628D-8567-4896-AB6B-835B221F373F}",
                        "@EventSourceName": "Windows Search Service"
                    },
                    "EventID": {
                        "@Qualifiers": "16384",
                        "#text": "1003"
                    },
                    "Version": "0",
                    "Level": "4",
                    "Task": "1",
                    "Opcode": "0",
                    "Keywords": "0x0080000000000000",
                    "TimeCreated": {
                        "@SystemTime": "2024-07-23 21:50:04.216805"
                    },
                    "EventRecordID": "600",
                    "Correlation": {
                        "@ActivityID": "",
                        "@RelatedActivityID": ""
                    },
                    "Execution": {
                        "@ProcessID": "4780",
                        "@ThreadID": "0"
                    },
                    "Channel": "Application",
                    "Computer": "DESKTOP-U22SSQ0",
                    "Security": {
                        "@UserID": ""
                    }
                },
                "EventData": {
                    "Data": {
                        "@Name": "ExtraInfo"
                    }
                }
            }
        },
        {
            "Event": {
                "@xmlns": "http://schemas.microsoft.com/win/2004/08/events/event",
                "System": {
                    "Provider": {
                        "@Name": "Microsoft-Windows-Security-SPP",
                        "@Guid": "{E23B33B0-C8C9-472C-A5F9-F2BDFEA0F156}",
                        "@EventSourceName": "Software Protection Platform Service"
                    },
                    "EventID": {
                        "@Qualifiers": "16384",
                        "#text": "16384"
                    },
                    "Version": "0",
                    "Level": "4",
                    "Task": "0",
                    "Opcode": "0",
                    "Keywords": "0x0080000000000000",
                    "TimeCreated": {
                        "@SystemTime": "2024-07-23 21:50:31.688599"
                    },
                    "EventRecordID": "601",
                    "Correlation": {
                        "@ActivityID": "",
                        "@RelatedActivityID": ""
                    },
                    "Execution": {
                        "@ProcessID": "992",
                        "@ThreadID": "0"
                    },
                    "Channel": "Application",
                    "Computer": "DESKTOP-U22SSQ0",
                    "Security": {
                        "@UserID": ""
                    }
                },
                "EventData": {
                    "Data": "<string>2024-07-24T21:49:31Z</string>\n<string>RulesEngine</string>",
                    "Binary": null
                }
            }
        },
        {
            "Event": {
                "@xmlns": "http://schemas.microsoft.com/win/2004/08/events/event",
                "System": {
                    "Provider": {
                        "@Name": "Microsoft-Windows-Security-SPP",
                        "@Guid": "{E23B33B0-C8C9-472C-A5F9-F2BDFEA0F156}",
                        "@EventSourceName": "Software Protection Platform Service"
                    },
                    "EventID": {
                        "@Qualifiers": "16384",
                        "#text": "903"
                    },
                    "Version": "0",
                    "Level": "0",
                    "Task": "0",
                    "Opcode": "0",
                    "Keywords": "0x0080000000000000",
                    "TimeCreated": {
                        "@SystemTime": "2024-07-23 21:50:31.702072"
                    },
                    "EventRecordID": "602",
                    "Correlation": {
                        "@ActivityID": "",
                        "@RelatedActivityID": ""
                    },
                    "Execution": {
                        "@ProcessID": "992",
                        "@ThreadID": "0"
                    },
                    "Channel": "Application",
                    "Computer": "DESKTOP-U22SSQ0",
                    "Security": {
                        "@UserID": ""
                    }
                },
                "EventData": {
                    "Data": null,
                    "Binary": null
                }
            }
        },
        {
            "Event": {
                "@xmlns": "http://schemas.microsoft.com/win/2004/08/events/event",
                "System": {
                    "Provider": {
                        "@Name": "edgeupdate"
                    },
                    "EventID": {
                        "@Qualifiers": "0",
                        "#text": "0"
                    },
                    "Version": "0",
                    "Level": "4",
                    "Task": "0",
                    "Opcode": "0",
                    "Keywords": "0x0080000000000000",
                    "TimeCreated": {
                        "@SystemTime": "2024-07-23 21:51:41.382416"
                    },
                    "EventRecordID": "603",
                    "Correlation": {
                        "@ActivityID": "",
                        "@RelatedActivityID": ""
                    },
                    "Execution": {
                        "@ProcessID": "9012",
                        "@ThreadID": "0"
                    },
                    "Channel": "Application",
                    "Computer": "DESKTOP-U22SSQ0",
                    "Security": {
                        "@UserID": ""
                    }
                },
                "EventData": {
                    "Data": "<string>Service stopped</string>",
                    "Binary": null
                }
            }
        },
        {
            "Event": {
                "@xmlns": "http://schemas.microsoft.com/win/2004/08/events/event",
                "System": {
                    "Provider": {
                        "@Name": "Microsoft-Windows-Security-SPP",
                        "@Guid": "{E23B33B0-C8C9-472C-A5F9-F2BDFEA0F156}",
                        "@EventSourceName": "Software Protection Platform Service"
                    },
                    "EventID": {
                        "@Qualifiers": "16384",
                        "#text": "900"
                    },
                    "Version": "0",
                    "Level": "4",
                    "Task": "0",
                    "Opcode": "0",
                    "Keywords": "0x0080000000000000",
                    "TimeCreated": {
                        "@SystemTime": "2024-07-23 21:51:41.719965"
                    },
                    "EventRecordID": "604",
                    "Correlation": {
                        "@ActivityID": "",
                        "@RelatedActivityID": ""
                    },
                    "Execution": {
                        "@ProcessID": "8692",
                        "@ThreadID": "0"
                    },
                    "Channel": "Application",
                    "Computer": "DESKTOP-U22SSQ0",
                    "Security": {
                        "@UserID": ""
                    }
                },
                "EventData": {
                    "Data": "<string><explicit></string>",
                    "Binary": null
                }
            }
        },
        {
            "Event": {
                "@xmlns": "http://schemas.microsoft.com/win/2004/08/events/event",
                "System": {
                    "Provider": {
                        "@Name": "Microsoft-Windows-Security-SPP",
                        "@Guid": "{E23B33B0-C8C9-472C-A5F9-F2BDFEA0F156}",
                        "@EventSourceName": "Software Protection Platform Service"
                    },
                    "EventID": {
                        "@Qualifiers": "49152",
                        "#text": "16394"
                    },
                    "Version": "0",
                    "Level": "4",
                    "Task": "0",
                    "Opcode": "0",
                    "Keywords": "0x0080000000000000",
                    "TimeCreated": {
                        "@SystemTime": "2024-07-23 21:51:41.764578"
                    },
                    "EventRecordID": "605",
                    "Correlation": {
                        "@ActivityID": "",
                        "@RelatedActivityID": ""
                    },
                    "Execution": {
                        "@ProcessID": "8692",
                        "@ThreadID": "0"
                    },
                    "Channel": "Application",
                    "Computer": "DESKTOP-U22SSQ0",
                    "Security": {
                        "@UserID": ""
                    }
                },
                "EventData": {
                    "Data": null,
                    "Binary": null
                }
            }
        },
        {
            "Event": {
                "@xmlns": "http://schemas.microsoft.com/win/2004/08/events/event",
                "System": {
                    "Provider": {
                        "@Name": "SecurityCenter"
                    },
                    "EventID": {
                        "@Qualifiers": "0",
                        "#text": "1"
                    },
                    "Version": "0",
                    "Level": "4",
                    "Task": "0",
                    "Opcode": "0",
                    "Keywords": "0x0080000000000000",
                    "TimeCreated": {
                        "@SystemTime": "2024-07-23 21:51:42.612013"
                    },
                    "EventRecordID": "606",
                    "Correlation": {
                        "@ActivityID": "",
                        "@RelatedActivityID": ""
                    },
                    "Execution": {
                        "@ProcessID": "4812",
                        "@ThreadID": "0"
                    },
                    "Channel": "Application",
                    "Computer": "DESKTOP-U22SSQ0",
                    "Security": {
                        "@UserID": ""
                    }
                },
                "EventData": {
                    "Data": null,
                    "Binary": null
                }
            }
        },
        {
            "Event": {
                "@xmlns": "http://schemas.microsoft.com/win/2004/08/events/event",
                "System": {
                    "Provider": {
                        "@Name": "SecurityCenter"
                    },
                    "EventID": {
                        "@Qualifiers": "0",
                        "#text": "15"
                    },
                    "Version": "0",
                    "Level": "4",
                    "Task": "0",
                    "Opcode": "0",
                    "Keywords": "0x0080000000000000",
                    "TimeCreated": {
                        "@SystemTime": "2024-07-23 21:51:44.634817"
                    },
                    "EventRecordID": "607",
                    "Correlation": {
                        "@ActivityID": "",
                        "@RelatedActivityID": ""
                    },
                    "Execution": {
                        "@ProcessID": "4812",
                        "@ThreadID": "0"
                    },
                    "Channel": "Application",
                    "Computer": "DESKTOP-U22SSQ0",
                    "Security": {
                        "@UserID": ""
                    }
                },
                "EventData": {
                    "Data": "<string>Windows Defender</string>\n<string>SECURITY_PRODUCT_STATE_ON</string>",
                    "Binary": null
                }
            }
        },
        {
            "Event": {
                "@xmlns": "http://schemas.microsoft.com/win/2004/08/events/event",
                "System": {
                    "Provider": {
                        "@Name": "Microsoft-Windows-Security-SPP",
                        "@Guid": "{E23B33B0-C8C9-472C-A5F9-F2BDFEA0F156}",
                        "@EventSourceName": "Software Protection Platform Service"
                    },
                    "EventID": {
                        "@Qualifiers": "16384",
                        "#text": "16384"
                    },
                    "Version": "0",
                    "Level": "4",
                    "Task": "0",
                    "Opcode": "0",
                    "Keywords": "0x0080000000000000",
                    "TimeCreated": {
                        "@SystemTime": "2024-07-23 21:52:13.054928"
                    },
                    "EventRecordID": "608",
                    "Correlation": {
                        "@ActivityID": "",
                        "@RelatedActivityID": ""
                    },
                    "Execution": {
                        "@ProcessID": "8692",
                        "@ThreadID": "0"
                    },
                    "Channel": "Application",
                    "Computer": "DESKTOP-U22SSQ0",
                    "Security": {
                        "@UserID": ""
                    }
                },
                "EventData": {
                    "Data": "<string>2024-07-24T21:49:13Z</string>\n<string>RulesEngine</string>",
                    "Binary": null
                }
            }
        },
        {
            "Event": {
                "@xmlns": "http://schemas.microsoft.com/win/2004/08/events/event",
                "System": {
                    "Provider": {
                        "@Name": "Microsoft-Windows-Security-SPP",
                        "@Guid": "{E23B33B0-C8C9-472C-A5F9-F2BDFEA0F156}",
                        "@EventSourceName": "Software Protection Platform Service"
                    },
                    "EventID": {
                        "@Qualifiers": "49152",
                        "#text": "16394"
                    },
                    "Version": "0",
                    "Level": "4",
                    "Task": "0",
                    "Opcode": "0",
                    "Keywords": "0x0080000000000000",
                    "TimeCreated": {
                        "@SystemTime": "2024-07-23 21:57:08.534386"
                    },
                    "EventRecordID": "609",
                    "Correlation": {
                        "@ActivityID": "",
                        "@RelatedActivityID": ""
                    },
                    "Execution": {
                        "@ProcessID": "1304",
                        "@ThreadID": "0"
                    },
                    "Channel": "Application",
                    "Computer": "DESKTOP-U22SSQ0",
                    "Security": {
                        "@UserID": ""
                    }
                },
                "EventData": {
                    "Data": null,
                    "Binary": null
                }
            }
        },
        {
            "Event": {
                "@xmlns": "http://schemas.microsoft.com/win/2004/08/events/event",
                "System": {
                    "Provider": {
                        "@Name": "Microsoft-Windows-Security-SPP",
                        "@Guid": "{E23B33B0-C8C9-472C-A5F9-F2BDFEA0F156}",
                        "@EventSourceName": "Software Protection Platform Service"
                    },
                    "EventID": {
                        "@Qualifiers": "16384",
                        "#text": "16384"
                    },
                    "Version": "0",
                    "Level": "4",
                    "Task": "0",
                    "Opcode": "0",
                    "Keywords": "0x0080000000000000",
                    "TimeCreated": {
                        "@SystemTime": "2024-07-23 21:57:38.962696"
                    },
                    "EventRecordID": "610",
                    "Correlation": {
                        "@ActivityID": "",
                        "@RelatedActivityID": ""
                    },
                    "Execution": {
                        "@ProcessID": "1304",
                        "@ThreadID": "0"
                    },
                    "Channel": "Application",
                    "Computer": "DESKTOP-U22SSQ0",
                    "Security": {
                        "@UserID": ""
                    }
                },
                "EventData": {
                    "Data": "<string>2024-07-24T21:49:38Z</string>\n<string>RulesEngine</string>",
                    "Binary": null
                }
            }
        },
        {
            "Event": {
                "@xmlns": "http://schemas.microsoft.com/win/2004/08/events/event",
                "System": {
                    "Provider": {
                        "@Name": "Microsoft-Windows-Security-SPP",
                        "@Guid": "{E23B33B0-C8C9-472C-A5F9-F2BDFEA0F156}",
                        "@EventSourceName": "Software Protection Platform Service"
                    },
                    "EventID": {
                        "@Qualifiers": "49152",
                        "#text": "16394"
                    },
                    "Version": "0",
                    "Level": "4",
                    "Task": "0",
                    "Opcode": "0",
                    "Keywords": "0x0080000000000000",
                    "TimeCreated": {
                        "@SystemTime": "2024-07-23 22:05:53.297852"
                    },
                    "EventRecordID": "611",
                    "Correlation": {
                        "@ActivityID": "",
                        "@RelatedActivityID": ""
                    },
                    "Execution": {
                        "@ProcessID": "2300",
                        "@ThreadID": "0"
                    },
                    "Channel": "Application",
                    "Computer": "DESKTOP-U22SSQ0",
                    "Security": {
                        "@UserID": ""
                    }
                },
                "EventData": {
                    "Data": null,
                    "Binary": null
                }
            }
        },
        {
            "Event": {
                "@xmlns": "http://schemas.microsoft.com/win/2004/08/events/event",
                "System": {
                    "Provider": {
                        "@Name": "Microsoft-Windows-Security-SPP",
                        "@Guid": "{E23B33B0-C8C9-472C-A5F9-F2BDFEA0F156}",
                        "@EventSourceName": "Software Protection Platform Service"
                    },
                    "EventID": {
                        "@Qualifiers": "16384",
                        "#text": "16384"
                    },
                    "Version": "0",
                    "Level": "4",
                    "Task": "0",
                    "Opcode": "0",
                    "Keywords": "0x0080000000000000",
                    "TimeCreated": {
                        "@SystemTime": "2024-07-23 22:06:23.771572"
                    },
                    "EventRecordID": "612",
                    "Correlation": {
                        "@ActivityID": "",
                        "@RelatedActivityID": ""
                    },
                    "Execution": {
                        "@ProcessID": "2300",
                        "@ThreadID": "0"
                    },
                    "Channel": "Application",
                    "Computer": "DESKTOP-U22SSQ0",
                    "Security": {
                        "@UserID": ""
                    }
                },
                "EventData": {
                    "Data": "<string>2024-07-24T21:49:23Z</string>\n<string>RulesEngine</string>",
                    "Binary": null
                }
            }
        },
        {
            "Event": {
                "@xmlns": "http://schemas.microsoft.com/win/2004/08/events/event",
                "System": {
                    "Provider": {
                        "@Name": "Microsoft-Windows-Security-SPP",
                        "@Guid": "{E23B33B0-C8C9-472C-A5F9-F2BDFEA0F156}",
                        "@EventSourceName": "Software Protection Platform Service"
                    },
                    "EventID": {
                        "@Qualifiers": "49152",
                        "#text": "16394"
                    },
                    "Version": "0",
                    "Level": "4",
                    "Task": "0",
                    "Opcode": "0",
                    "Keywords": "0x0080000000000000",
                    "TimeCreated": {
                        "@SystemTime": "2024-07-23 22:45:44.914413"
                    },
                    "EventRecordID": "613",
                    "Correlation": {
                        "@ActivityID": "",
                        "@RelatedActivityID": ""
                    },
                    "Execution": {
                        "@ProcessID": "7556",
                        "@ThreadID": "0"
                    },
                    "Channel": "Application",
                    "Computer": "DESKTOP-U22SSQ0",
                    "Security": {
                        "@UserID": ""
                    }
                },
                "EventData": {
                    "Data": null,
                    "Binary": null
                }
            }
        },
        {
            "Event": {
                "@xmlns": "http://schemas.microsoft.com/win/2004/08/events/event",
                "System": {
                    "Provider": {
                        "@Name": "Microsoft-Windows-Security-SPP",
                        "@Guid": "{E23B33B0-C8C9-472C-A5F9-F2BDFEA0F156}",
                        "@EventSourceName": "Software Protection Platform Service"
                    },
                    "EventID": {
                        "@Qualifiers": "16384",
                        "#text": "16384"
                    },
                    "Version": "0",
                    "Level": "4",
                    "Task": "0",
                    "Opcode": "0",
                    "Keywords": "0x0080000000000000",
                    "TimeCreated": {
                        "@SystemTime": "2024-07-23 22:46:15.257975"
                    },
                    "EventRecordID": "614",
                    "Correlation": {
                        "@ActivityID": "",
                        "@RelatedActivityID": ""
                    },
                    "Execution": {
                        "@ProcessID": "7556",
                        "@ThreadID": "0"
                    },
                    "Channel": "Application",
                    "Computer": "DESKTOP-U22SSQ0",
                    "Security": {
                        "@UserID": ""
                    }
                },
                "EventData": {
                    "Data": "<string>2024-07-24T21:49:15Z</string>\n<string>RulesEngine</string>",
                    "Binary": null
                }
            }
        },
        {
            "Event": {
                "@xmlns": "http://schemas.microsoft.com/win/2004/08/events/event",
                "System": {
                    "Provider": {
                        "@Name": "VSS"
                    },
                    "EventID": {
                        "@Qualifiers": "0",
                        "#text": "8224"
                    },
                    "Version": "0",
                    "Level": "4",
                    "Task": "0",
                    "Opcode": "0",
                    "Keywords": "0x0080000000000000",
                    "TimeCreated": {
                        "@SystemTime": "2024-07-23 22:54:42.212971"
                    },
                    "EventRecordID": "615",
                    "Correlation": {
                        "@ActivityID": "",
                        "@RelatedActivityID": ""
                    },
                    "Execution": {
                        "@ProcessID": "10076",
                        "@ThreadID": "0"
                    },
                    "Channel": "Application",
                    "Computer": "DESKTOP-U22SSQ0",
                    "Security": {
                        "@UserID": ""
                    }
                },
                "EventData": {
                    "Data": "<string></string>",
                    "Binary": "LSBDb2RlOiAgQ09SU1ZDQzAwMDAwNzcyLSBDYWxsOiAgQ09SU1ZDQzAwMDAwNzU0LSBQSUQ6ICAwMDAxMDA3Ni0gVElEOiAgMDAwMDU2NjQtIENNRDogIEM6XFdpbmRvd3Ncc3lzdGVtMzJcdnNzdmMuZXhlICAgLSBVc2VyOiBOYW1lOiBOVCBBVVRIT1JJVFlcU1lTVEVNLCBTSUQ6Uy0xLTUtMTgg"
                }
            }
        },
        {
            "Event": {
                "@xmlns": "http://schemas.microsoft.com/win/2004/08/events/event",
                "System": {
                    "Provider": {
                        "@Name": "Microsoft-Windows-Security-SPP",
                        "@Guid": "{E23B33B0-C8C9-472C-A5F9-F2BDFEA0F156}",
                        "@EventSourceName": "Software Protection Platform Service"
                    },
                    "EventID": {
                        "@Qualifiers": "49152",
                        "#text": "16394"
                    },
                    "Version": "0",
                    "Level": "4",
                    "Task": "0",
                    "Opcode": "0",
                    "Keywords": "0x0080000000000000",
                    "TimeCreated": {
                        "@SystemTime": "2024-07-23 23:45:16.484718"
                    },
                    "EventRecordID": "616",
                    "Correlation": {
                        "@ActivityID": "",
                        "@RelatedActivityID": ""
                    },
                    "Execution": {
                        "@ProcessID": "8116",
                        "@ThreadID": "0"
                    },
                    "Channel": "Application",
                    "Computer": "DESKTOP-U22SSQ0",
                    "Security": {
                        "@UserID": ""
                    }
                },
                "EventData": {
                    "Data": null,
                    "Binary": null
                }
            }
        },
        {
            "Event": {
                "@xmlns": "http://schemas.microsoft.com/win/2004/08/events/event",
                "System": {
                    "Provider": {
                        "@Name": "Microsoft-Windows-Security-SPP",
                        "@Guid": "{E23B33B0-C8C9-472C-A5F9-F2BDFEA0F156}",
                        "@EventSourceName": "Software Protection Platform Service"
                    },
                    "EventID": {
                        "@Qualifiers": "16384",
                        "#text": "16384"
                    },
                    "Version": "0",
                    "Level": "4",
                    "Task": "0",
                    "Opcode": "0",
                    "Keywords": "0x0080000000000000",
                    "TimeCreated": {
                        "@SystemTime": "2024-07-23 23:45:46.640411"
                    },
                    "EventRecordID": "617",
                    "Correlation": {
                        "@ActivityID": "",
                        "@RelatedActivityID": ""
                    },
                    "Execution": {
                        "@ProcessID": "8116",
                        "@ThreadID": "0"
                    },
                    "Channel": "Application",
                    "Computer": "DESKTOP-U22SSQ0",
                    "Security": {
                        "@UserID": ""
                    }
                },
                "EventData": {
                    "Data": "<string>2024-07-24T21:49:46Z</string>\n<string>RulesEngine</string>",
                    "Binary": null
                }
            }
        },
        {
            "Event": {
                "@xmlns": "http://schemas.microsoft.com/win/2004/08/events/event",
                "System": {
                    "Provider": {
                        "@Name": "Microsoft-Windows-Security-SPP",
                        "@Guid": "{E23B33B0-C8C9-472C-A5F9-F2BDFEA0F156}",
                        "@EventSourceName": "Software Protection Platform Service"
                    },
                    "EventID": {
                        "@Qualifiers": "49152",
                        "#text": "16394"
                    },
                    "Version": "0",
                    "Level": "4",
                    "Task": "0",
                    "Opcode": "0",
                    "Keywords": "0x0080000000000000",
                    "TimeCreated": {
                        "@SystemTime": "2024-07-23 23:54:14.125990"
                    },
                    "EventRecordID": "618",
                    "Correlation": {
                        "@ActivityID": "",
                        "@RelatedActivityID": ""
                    },
                    "Execution": {
                        "@ProcessID": "8116",
                        "@ThreadID": "0"
                    },
                    "Channel": "Application",
                    "Computer": "DESKTOP-U22SSQ0",
                    "Security": {
                        "@UserID": ""
                    }
                },
                "EventData": {
                    "Data": null,
                    "Binary": null
                }
            }
        },
        {
            "Event": {
                "@xmlns": "http://schemas.microsoft.com/win/2004/08/events/event",
                "System": {
                    "Provider": {
                        "@Name": "Microsoft-Windows-Security-SPP",
                        "@Guid": "{E23B33B0-C8C9-472C-A5F9-F2BDFEA0F156}",
                        "@EventSourceName": "Software Protection Platform Service"
                    },
                    "EventID": {
                        "@Qualifiers": "16384",
                        "#text": "16384"
                    },
                    "Version": "0",
                    "Level": "4",
                    "Task": "0",
                    "Opcode": "0",
                    "Keywords": "0x0080000000000000",
                    "TimeCreated": {
                        "@SystemTime": "2024-07-23 23:54:52.406504"
                    },
                    "EventRecordID": "619",
                    "Correlation": {
                        "@ActivityID": "",
                        "@RelatedActivityID": ""
                    },
                    "Execution": {
                        "@ProcessID": "8116",
                        "@ThreadID": "0"
                    },
                    "Channel": "Application",
                    "Computer": "DESKTOP-U22SSQ0",
                    "Security": {
                        "@UserID": ""
                    }
                },
                "EventData": {
                    "Data": "<string>2024-07-24T21:49:52Z</string>\n<string>RulesEngine</string>",
                    "Binary": null
                }
            }
        },
        {
            "Event": {
                "@xmlns": "http://schemas.microsoft.com/win/2004/08/events/event",
                "System": {
                    "Provider": {
                        "@Name": "Microsoft-Windows-Security-SPP",
                        "@Guid": "{E23B33B0-C8C9-472C-A5F9-F2BDFEA0F156}",
                        "@EventSourceName": "Software Protection Platform Service"
                    },
                    "EventID": {
                        "@Qualifiers": "49152",
                        "#text": "16394"
                    },
                    "Version": "0",
                    "Level": "4",
                    "Task": "0",
                    "Opcode": "0",
                    "Keywords": "0x0080000000000000",
                    "TimeCreated": {
                        "@SystemTime": "2024-07-23 23:57:34.247419"
                    },
                    "EventRecordID": "620",
                    "Correlation": {
                        "@ActivityID": "",
                        "@RelatedActivityID": ""
                    },
                    "Execution": {
                        "@ProcessID": "7304",
                        "@ThreadID": "0"
                    },
                    "Channel": "Application",
                    "Computer": "DESKTOP-U22SSQ0",
                    "Security": {
                        "@UserID": ""
                    }
                },
                "EventData": {
                    "Data": null,
                    "Binary": null
                }
            }
        },
        {
            "Event": {
                "@xmlns": "http://schemas.microsoft.com/win/2004/08/events/event",
                "System": {
                    "Provider": {
                        "@Name": "Microsoft-Windows-Security-SPP",
                        "@Guid": "{E23B33B0-C8C9-472C-A5F9-F2BDFEA0F156}",
                        "@EventSourceName": "Software Protection Platform Service"
                    },
                    "EventID": {
                        "@Qualifiers": "16384",
                        "#text": "16384"
                    },
                    "Version": "0",
                    "Level": "4",
                    "Task": "0",
                    "Opcode": "0",
                    "Keywords": "0x0080000000000000",
                    "TimeCreated": {
                        "@SystemTime": "2024-07-23 23:58:06.493324"
                    },
                    "EventRecordID": "621",
                    "Correlation": {
                        "@ActivityID": "",
                        "@RelatedActivityID": ""
                    },
                    "Execution": {
                        "@ProcessID": "7304",
                        "@ThreadID": "0"
                    },
                    "Channel": "Application",
                    "Computer": "DESKTOP-U22SSQ0",
                    "Security": {
                        "@UserID": ""
                    }
                },
                "EventData": {
                    "Data": "<string>2024-07-24T21:49:06Z</string>\n<string>RulesEngine</string>",
                    "Binary": null
                }
            }
        },
        {
            "Event": {
                "@xmlns": "http://schemas.microsoft.com/win/2004/08/events/event",
                "System": {
                    "Provider": {
                        "@Name": "Microsoft-Windows-User Profiles Service",
                        "@Guid": "{89b1e9f0-5aff-44a6-9b44-0a07a7ce5845}"
                    },
                    "EventID": {
                        "@Qualifiers": "",
                        "#text": "1531"
                    },
                    "Version": "0",
                    "Level": "4",
                    "Task": "0",
                    "Opcode": "0",
                    "Keywords": "0x8000000000000000",
                    "TimeCreated": {
                        "@SystemTime": "2024-07-24 16:23:18.151112"
                    },
                    "EventRecordID": "622",
                    "Correlation": {
                        "@ActivityID": "",
                        "@RelatedActivityID": ""
                    },
                    "Execution": {
                        "@ProcessID": "1652",
                        "@ThreadID": "1744"
                    },
                    "Channel": "Application",
                    "Computer": "DESKTOP-U22SSQ0",
                    "Security": {
                        "@UserID": "S-1-5-18"
                    }
                },
                "EventData": null
            }
        },
        {
            "Event": {
                "@xmlns": "http://schemas.microsoft.com/win/2004/08/events/event",
                "System": {
                    "Provider": {
                        "@Name": "Microsoft-Windows-WMI",
                        "@Guid": "{1edeee53-0afe-4609-b846-d8c0b2075b1f}"
                    },
                    "EventID": {
                        "@Qualifiers": "",
                        "#text": "5615"
                    },
                    "Version": "2",
                    "Level": "4",
                    "Task": "0",
                    "Opcode": "0",
                    "Keywords": "0x8000000000000000",
                    "TimeCreated": {
                        "@SystemTime": "2024-07-24 16:23:22.585546"
                    },
                    "EventRecordID": "623",
                    "Correlation": {
                        "@ActivityID": "",
                        "@RelatedActivityID": ""
                    },
                    "Execution": {
                        "@ProcessID": "3704",
                        "@ThreadID": "3932"
                    },
                    "Channel": "Application",
                    "Computer": "DESKTOP-U22SSQ0",
                    "Security": {
                        "@UserID": "S-1-5-18"
                    }
                },
                "EventData": null
            }
        },
        {
            "Event": {
                "@xmlns": "http://schemas.microsoft.com/win/2004/08/events/event",
                "System": {
                    "Provider": {
                        "@Name": "Microsoft-Windows-WMI",
                        "@Guid": "{1edeee53-0afe-4609-b846-d8c0b2075b1f}"
                    },
                    "EventID": {
                        "@Qualifiers": "",
                        "#text": "5617"
                    },
                    "Version": "2",
                    "Level": "4",
                    "Task": "0",
                    "Opcode": "0",
                    "Keywords": "0x8000000000000000",
                    "TimeCreated": {
                        "@SystemTime": "2024-07-24 16:23:25.826277"
                    },
                    "EventRecordID": "624",
                    "Correlation": {
                        "@ActivityID": "",
                        "@RelatedActivityID": ""
                    },
                    "Execution": {
                        "@ProcessID": "3704",
                        "@ThreadID": "4048"
                    },
                    "Channel": "Application",
                    "Computer": "DESKTOP-U22SSQ0",
                    "Security": {
                        "@UserID": "S-1-5-18"
                    }
                },
                "EventData": null
            }
        },
        {
            "Event": {
                "@xmlns": "http://schemas.microsoft.com/win/2004/08/events/event",
                "System": {
                    "Provider": {
                        "@Name": "Microsoft-Windows-Security-SPP",
                        "@Guid": "{E23B33B0-C8C9-472C-A5F9-F2BDFEA0F156}",
                        "@EventSourceName": "Software Protection Platform Service"
                    },
                    "EventID": {
                        "@Qualifiers": "16384",
                        "#text": "900"
                    },
                    "Version": "0",
                    "Level": "4",
                    "Task": "0",
                    "Opcode": "0",
                    "Keywords": "0x0080000000000000",
                    "TimeCreated": {
                        "@SystemTime": "2024-07-24 16:23:26.487785"
                    },
                    "EventRecordID": "625",
                    "Correlation": {
                        "@ActivityID": "",
                        "@RelatedActivityID": ""
                    },
                    "Execution": {
                        "@ProcessID": "1216",
                        "@ThreadID": "0"
                    },
                    "Channel": "Application",
                    "Computer": "DESKTOP-U22SSQ0",
                    "Security": {
                        "@UserID": ""
                    }
                },
                "EventData": {
                    "Data": "<string>TriggerStarted:6</string>",
                    "Binary": null
                }
            }
        },
        {
            "Event": {
                "@xmlns": "http://schemas.microsoft.com/win/2004/08/events/event",
                "System": {
                    "Provider": {
                        "@Name": "Microsoft-Windows-Security-SPP",
                        "@Guid": "{E23B33B0-C8C9-472C-A5F9-F2BDFEA0F156}",
                        "@EventSourceName": "Software Protection Platform Service"
                    },
                    "EventID": {
                        "@Qualifiers": "49152",
                        "#text": "16394"
                    },
                    "Version": "0",
                    "Level": "4",
                    "Task": "0",
                    "Opcode": "0",
                    "Keywords": "0x0080000000000000",
                    "TimeCreated": {
                        "@SystemTime": "2024-07-24 16:23:26.704037"
                    },
                    "EventRecordID": "626",
                    "Correlation": {
                        "@ActivityID": "",
                        "@RelatedActivityID": ""
                    },
                    "Execution": {
                        "@ProcessID": "1216",
                        "@ThreadID": "0"
                    },
                    "Channel": "Application",
                    "Computer": "DESKTOP-U22SSQ0",
                    "Security": {
                        "@UserID": ""
                    }
                },
                "EventData": {
                    "Data": null,
                    "Binary": null
                }
            }
        },
        {
            "Event": {
                "@xmlns": "http://schemas.microsoft.com/win/2004/08/events/event",
                "System": {
                    "Provider": {
                        "@Name": "Microsoft-Windows-Security-SPP",
                        "@Guid": "{E23B33B0-C8C9-472C-A5F9-F2BDFEA0F156}",
                        "@EventSourceName": "Software Protection Platform Service"
                    },
                    "EventID": {
                        "@Qualifiers": "16384",
                        "#text": "1066"
                    },
                    "Version": "0",
                    "Level": "4",
                    "Task": "0",
                    "Opcode": "0",
                    "Keywords": "0x0080000000000000",
                    "TimeCreated": {
                        "@SystemTime": "2024-07-24 16:23:26.782415"
                    },
                    "EventRecordID": "627",
                    "Correlation": {
                        "@ActivityID": "",
                        "@RelatedActivityID": ""
                    },
                    "Execution": {
                        "@ProcessID": "1216",
                        "@ThreadID": "0"
                    },
                    "Channel": "Application",
                    "Computer": "DESKTOP-U22SSQ0",
                    "Security": {
                        "@UserID": ""
                    }
                },
                "EventData": {
                    "Data": "<string>C:\\Windows\\system32\\sppwinob.dll, msft:spp/windowsfunctionality/agent/7.0, 0x00000000, 0x00000000\nC:\\Windows\\system32\\sppobjs.dll, msft:rm/algorithm/inherited/1.0, 0x00000000, 0x00000000\nC:\\Windows\\system32\\sppobjs.dll, msft:rm/algorithm/phone/1.0, 0x00000000, 0x00000000\nC:\\Windows\\system32\\sppobjs.dll, msft:rm/algorithm/pkey/detect, 0x00000000, 0x00000000\nC:\\Windows\\system32\\sppobjs.dll, msft:spp/ActionScheduler/1.0, 0x00000000, 0x00000000\nC:\\Windows\\system32\\sppobjs.dll, msft:spp/TaskScheduler/1.0, 0x00000000, 0x00000000\nC:\\Windows\\system32\\sppobjs.dll, msft:spp/statecollector/pkey, 0x00000000, 0x00000000\nC:\\Windows\\system32\\sppobjs.dll, msft:spp/volume/services/kms/1.0, 0x00000000, 0x00000000\nC:\\Windows\\system32\\sppobjs.dll, msft:spp/volume/services/kms/activationinfo/1.0, 0x00000000, 0x00000000\n</string>",
                    "Binary": null
                }
            }
        },
