        {
            "Event": {
                "@xmlns": "http://schemas.microsoft.com/win/2004/08/events/event",
                "System": {
                    "Provider": {
                        "@Name": "VSS",
                        "@Guid": null
                    },
                    "EventID": {
                        "@Qualifiers": 0,
                        "#text": 8224
                    },
                    "Version": 0,
                    "Level": "4",
                    "Source": "Information",
                    "Task": 0,
                    "Opcode": 0,
                    "Keywords": 36028797018963968,
                    "TimeCreated": {
                        "@SystemTime": "2024-08-11T20:49:03.816000Z"
                    },
                    "EventRecordID": "1572",
                    "Correlation": {},
                    "Execution": {
                        "@ProcessID": 9284,
                        "@ThreadID": 0
                    },
                    "Channel": "Application",
                    "Computer": "DESKTOP-U22SSQ0",
                    "Security": {
                        "@UserID": null
                    }
                },
                "EventData": {
                    "Data": [
                        "System.Diagnostics.Eventing.Reader.EventProperty",
                        "System.Diagnostics.Eventing.Reader.EventProperty"
                    ]
                }
            }
        },
        {
            "Event": {
                "@xmlns": "http://schemas.microsoft.com/win/2004/08/events/event",
                "System": {
                    "Provider": {
                        "@Name": "Microsoft-Windows-Security-SPP",
                        "@Guid": "e23b33b0-c8c9-472c-a5f9-f2bdfea0f156"
                    },
                    "EventID": {
                        "@Qualifiers": 16384,
                        "#text": 16384
                    },
                    "Version": 0,
                    "Level": "4",
                    "Source": "Information",
                    "Task": 0,
                    "Opcode": 0,
                    "Keywords": 36028797018963968,
                    "TimeCreated": {
                        "@SystemTime": "2024-08-11T20:47:11.538000Z"
                    },
                    "EventRecordID": "1571",
                    "Correlation": {},
                    "Execution": {
                        "@ProcessID": 9592,
                        "@ThreadID": 0
                    },
                    "Channel": "Application",
                    "Computer": "DESKTOP-U22SSQ0",
                    "Security": {
                        "@UserID": null
                    }
                },
                "EventData": {
                    "Data": [
                        "System.Diagnostics.Eventing.Reader.EventProperty",
                        "System.Diagnostics.Eventing.Reader.EventProperty"
                    ]
                }
            }
        },
        {
            "Event": {
                "@xmlns": "http://schemas.microsoft.com/win/2004/08/events/event",
                "System": {
                    "Provider": {
                        "@Name": "SecurityCenter",
                        "@Guid": null
                    },
                    "EventID": {
                        "@Qualifiers": 0,
                        "#text": 15
                    },
                    "Version": 0,
                    "Level": "4",
                    "Source": "Information",
                    "Task": 0,
                    "Opcode": 0,
                    "Keywords": 36028797018963968,
                    "TimeCreated": {
                        "@SystemTime": "2024-08-11T20:46:41.402000Z"
                    },
                    "EventRecordID": "1570",
                    "Correlation": {},
                    "Execution": {
                        "@ProcessID": 3984,
                        "@ThreadID": 0
                    },
                    "Channel": "Application",
                    "Computer": "DESKTOP-U22SSQ0",
                    "Security": {
                        "@UserID": null
                    }
                },
                "EventData": {
                    "Data": [
                        "System.Diagnostics.Eventing.Reader.EventProperty",
                        "System.Diagnostics.Eventing.Reader.EventProperty"
                    ]
                }
            }
        },
        {
            "Event": {
                "@xmlns": "http://schemas.microsoft.com/win/2004/08/events/event",
                "System": {
                    "Provider": {
                        "@Name": "SecurityCenter",
                        "@Guid": null
                    },
                    "EventID": {
                        "@Qualifiers": 0,
                        "#text": 15
                    },
                    "Version": 0,
                    "Level": "4",
                    "Source": "Information",
                    "Task": 0,
                    "Opcode": 0,
                    "Keywords": 36028797018963968,
                    "TimeCreated": {
                        "@SystemTime": "2024-08-11T20:46:39.379000Z"
                    },
                    "EventRecordID": "1569",
                    "Correlation": {},
                    "Execution": {
                        "@ProcessID": 3984,
                        "@ThreadID": 0
                    },
                    "Channel": "Application",
                    "Computer": "DESKTOP-U22SSQ0",
                    "Security": {
                        "@UserID": null
                    }
                },
                "EventData": {
                    "Data": [
                        "System.Diagnostics.Eventing.Reader.EventProperty",
                        "System.Diagnostics.Eventing.Reader.EventProperty"
                    ]
                }
            }
        },
        {
            "Event": {
                "@xmlns": "http://schemas.microsoft.com/win/2004/08/events/event",
                "System": {
                    "Provider": {
                        "@Name": "Microsoft-Windows-Security-SPP",
                        "@Guid": "e23b33b0-c8c9-472c-a5f9-f2bdfea0f156"
                    },
                    "EventID": {
                        "@Qualifiers": 49152,
                        "#text": 16394
                    },
                    "Version": 0,
                    "Level": "4",
                    "Source": "Information",
                    "Task": 0,
                    "Opcode": 0,
                    "Keywords": 36028797018963968,
                    "TimeCreated": {
                        "@SystemTime": "2024-08-11T20:46:10.866000Z"
                    },
                    "EventRecordID": "1568",
                    "Correlation": {},
                    "Execution": {
                        "@ProcessID": 9592,
                        "@ThreadID": 0
                    },
                    "Channel": "Application",
                    "Computer": "DESKTOP-U22SSQ0",
                    "Security": {
                        "@UserID": null
                    }
                },
                "EventData": {
                    "Data": []
                }
            }
        },
        {
            "Event": {
                "@xmlns": "http://schemas.microsoft.com/win/2004/08/events/event",
                "System": {
                    "Provider": {
                        "@Name": "edgeupdate",
                        "@Guid": null
                    },
                    "EventID": {
                        "@Qualifiers": 0,
                        "#text": 0
                    },
                    "Version": 0,
                    "Level": "4",
                    "Source": "Information",
                    "Task": 0,
                    "Opcode": 0,
                    "Keywords": 36028797018963968,
                    "TimeCreated": {
                        "@SystemTime": "2024-08-11T20:46:09.850000Z"
                    },
                    "EventRecordID": "1567",
                    "Correlation": {},
                    "Execution": {
                        "@ProcessID": 4972,
                        "@ThreadID": 0
                    },
                    "Channel": "Application",
                    "Computer": "DESKTOP-U22SSQ0",
                    "Security": {
                        "@UserID": null
                    }
                },
                "EventData": {
                    "Data": [
                        "System.Diagnostics.Eventing.Reader.EventProperty"
                    ]
                }
            }
        },
        {
            "Event": {
                "@xmlns": "http://schemas.microsoft.com/win/2004/08/events/event",
                "System": {
                    "Provider": {
                        "@Name": "SecurityCenter",
                        "@Guid": null
                    },
                    "EventID": {
                        "@Qualifiers": 0,
                        "#text": 15
                    },
                    "Version": 0,
                    "Level": "4",
                    "Source": "Information",
                    "Task": 0,
                    "Opcode": 0,
                    "Keywords": 36028797018963968,
                    "TimeCreated": {
                        "@SystemTime": "2024-08-11T20:46:06.775000Z"
                    },
                    "EventRecordID": "1566",
                    "Correlation": {},
                    "Execution": {
                        "@ProcessID": 3984,
                        "@ThreadID": 0
                    },
                    "Channel": "Application",
                    "Computer": "DESKTOP-U22SSQ0",
                    "Security": {
                        "@UserID": null
                    }
                },
                "EventData": {
                    "Data": [
                        "System.Diagnostics.Eventing.Reader.EventProperty",
                        "System.Diagnostics.Eventing.Reader.EventProperty"
                    ]
                }
            }
        },
        {
            "Event": {
                "@xmlns": "http://schemas.microsoft.com/win/2004/08/events/event",
                "System": {
                    "Provider": {
                        "@Name": "Microsoft-Windows-Security-SPP",
                        "@Guid": "e23b33b0-c8c9-472c-a5f9-f2bdfea0f156"
                    },
                    "EventID": {
                        "@Qualifiers": 16384,
                        "#text": 16384
                    },
                    "Version": 0,
                    "Level": "4",
                    "Source": "Information",
                    "Task": 0,
                    "Opcode": 0,
                    "Keywords": 36028797018963968,
                    "TimeCreated": {
                        "@SystemTime": "2024-08-11T01:43:45.723000Z"
                    },
                    "EventRecordID": "1565",
                    "Correlation": {},
                    "Execution": {
                        "@ProcessID": 2124,
                        "@ThreadID": 0
                    },
                    "Channel": "Application",
                    "Computer": "DESKTOP-U22SSQ0",
                    "Security": {
                        "@UserID": null
                    }
                },
                "EventData": {
                    "Data": [
                        "System.Diagnostics.Eventing.Reader.EventProperty",
                        "System.Diagnostics.Eventing.Reader.EventProperty"
                    ]
                }
            }
        },
        {
            "Event": {
                "@xmlns": "http://schemas.microsoft.com/win/2004/08/events/event",
                "System": {
                    "Provider": {
                        "@Name": "Microsoft-Windows-Security-SPP",
                        "@Guid": "e23b33b0-c8c9-472c-a5f9-f2bdfea0f156"
                    },
                    "EventID": {
                        "@Qualifiers": 49152,
                        "#text": 16394
                    },
                    "Version": 0,
                    "Level": "4",
                    "Source": "Information",
                    "Task": 0,
                    "Opcode": 0,
                    "Keywords": 36028797018963968,
                    "TimeCreated": {
                        "@SystemTime": "2024-08-11T01:43:15.260000Z"
                    },
                    "EventRecordID": "1564",
                    "Correlation": {},
                    "Execution": {
                        "@ProcessID": 2124,
                        "@ThreadID": 0
                    },
                    "Channel": "Application",
                    "Computer": "DESKTOP-U22SSQ0",
                    "Security": {
                        "@UserID": null
                    }
                },
                "EventData": {
                    "Data": []
                }
            }
        },
        {
            "Event": {
                "@xmlns": "http://schemas.microsoft.com/win/2004/08/events/event",
                "System": {
                    "Provider": {
                        "@Name": "VSS",
                        "@Guid": null
                    },
                    "EventID": {
                        "@Qualifiers": 0,
                        "#text": 8224
                    },
                    "Version": 0,
                    "Level": "4",
                    "Source": "Information",
                    "Task": 0,
                    "Opcode": 0,
                    "Keywords": 36028797018963968,
                    "TimeCreated": {
                        "@SystemTime": "2024-08-11T01:42:58.548000Z"
                    },
                    "EventRecordID": "1563",
                    "Correlation": {},
                    "Execution": {
                        "@ProcessID": 5876,
                        "@ThreadID": 0
                    },
                    "Channel": "Application",
                    "Computer": "DESKTOP-U22SSQ0",
                    "Security": {
                        "@UserID": null
                    }
                },
                "EventData": {
                    "Data": [
                        "System.Diagnostics.Eventing.Reader.EventProperty",
                        "System.Diagnostics.Eventing.Reader.EventProperty"
                    ]
                }
            }
        },
        {
            "Event": {
                "@xmlns": "http://schemas.microsoft.com/win/2004/08/events/event",
                "System": {
                    "Provider": {
                        "@Name": "VSS",
                        "@Guid": null
                    },
                    "EventID": {
                        "@Qualifiers": 0,
                        "#text": 8224
                    },
                    "Version": 0,
                    "Level": "4",
                    "Source": "Information",
                    "Task": 0,
                    "Opcode": 0,
                    "Keywords": 36028797018963968,
                    "TimeCreated": {
                        "@SystemTime": "2024-08-11T01:33:55.121000Z"
                    },
                    "EventRecordID": "1562",
                    "Correlation": {},
                    "Execution": {
                        "@ProcessID": 5936,
                        "@ThreadID": 0
                    },
                    "Channel": "Application",
                    "Computer": "DESKTOP-U22SSQ0",
                    "Security": {
                        "@UserID": null
                    }
                },
                "EventData": {
                    "Data": [
                        "System.Diagnostics.Eventing.Reader.EventProperty",
                        "System.Diagnostics.Eventing.Reader.EventProperty"
                    ]
                }
            }
        },
        {
            "Event": {
                "@xmlns": "http://schemas.microsoft.com/win/2004/08/events/event",
                "System": {
                    "Provider": {
                        "@Name": "Microsoft-Windows-Security-SPP",
                        "@Guid": "e23b33b0-c8c9-472c-a5f9-f2bdfea0f156"
                    },
                    "EventID": {
                        "@Qualifiers": 16384,
                        "#text": 16384
                    },
                    "Version": 0,
                    "Level": "4",
                    "Source": "Information",
                    "Task": 0,
                    "Opcode": 0,
                    "Keywords": 36028797018963968,
                    "TimeCreated": {
                        "@SystemTime": "2024-08-11T00:57:56.387000Z"
                    },
                    "EventRecordID": "1561",
                    "Correlation": {},
                    "Execution": {
                        "@ProcessID": 9124,
                        "@ThreadID": 0
                    },
                    "Channel": "Application",
                    "Computer": "DESKTOP-U22SSQ0",
                    "Security": {
                        "@UserID": null
                    }
                },
                "EventData": {
                    "Data": [
                        "System.Diagnostics.Eventing.Reader.EventProperty",
                        "System.Diagnostics.Eventing.Reader.EventProperty"
                    ]
                }
            }
        },
        {
            "Event": {
                "@xmlns": "http://schemas.microsoft.com/win/2004/08/events/event",
                "System": {
                    "Provider": {
                        "@Name": "Microsoft-Windows-Security-SPP",
                        "@Guid": "e23b33b0-c8c9-472c-a5f9-f2bdfea0f156"
                    },
                    "EventID": {
                        "@Qualifiers": 49152,
                        "#text": 16394
                    },
                    "Version": 0,
                    "Level": "4",
                    "Source": "Information",
                    "Task": 0,
                    "Opcode": 0,
                    "Keywords": 36028797018963968,
                    "TimeCreated": {
                        "@SystemTime": "2024-08-11T00:57:26.044000Z"
                    },
                    "EventRecordID": "1560",
                    "Correlation": {},
                    "Execution": {
                        "@ProcessID": 9124,
                        "@ThreadID": 0
                    },
                    "Channel": "Application",
                    "Computer": "DESKTOP-U22SSQ0",
                    "Security": {
                        "@UserID": null
                    }
                },
                "EventData": {
                    "Data": []
                }
            }
        },
        {
            "Event": {
                "@xmlns": "http://schemas.microsoft.com/win/2004/08/events/event",
                "System": {
                    "Provider": {
                        "@Name": "Microsoft-Windows-Security-SPP",
                        "@Guid": "e23b33b0-c8c9-472c-a5f9-f2bdfea0f156"
                    },
                    "EventID": {
                        "@Qualifiers": 16384,
                        "#text": 16384
                    },
                    "Version": 0,
                    "Level": "4",
                    "Source": "Information",
                    "Task": 0,
                    "Opcode": 0,
                    "Keywords": 36028797018963968,
                    "TimeCreated": {
                        "@SystemTime": "2024-08-11T00:01:50.190000Z"
                    },
                    "EventRecordID": "1559",
                    "Correlation": {},
                    "Execution": {
                        "@ProcessID": 8920,
                        "@ThreadID": 0
                    },
                    "Channel": "Application",
                    "Computer": "DESKTOP-U22SSQ0",
                    "Security": {
                        "@UserID": null
                    }
                },
                "EventData": {
                    "Data": [
                        "System.Diagnostics.Eventing.Reader.EventProperty",
                        "System.Diagnostics.Eventing.Reader.EventProperty"
                    ]
                }
            }
        },
        {
            "Event": {
                "@xmlns": "http://schemas.microsoft.com/win/2004/08/events/event",
                "System": {
                    "Provider": {
                        "@Name": "Microsoft-Windows-Security-SPP",
                        "@Guid": "e23b33b0-c8c9-472c-a5f9-f2bdfea0f156"
                    },
                    "EventID": {
                        "@Qualifiers": 49152,
                        "#text": 16394
                    },
                    "Version": 0,
                    "Level": "4",
                    "Source": "Information",
                    "Task": 0,
                    "Opcode": 0,
                    "Keywords": 36028797018963968,
                    "TimeCreated": {
                        "@SystemTime": "2024-08-11T00:01:19.751000Z"
                    },
                    "EventRecordID": "1558",
                    "Correlation": {},
                    "Execution": {
                        "@ProcessID": 8920,
                        "@ThreadID": 0
                    },
                    "Channel": "Application",
                    "Computer": "DESKTOP-U22SSQ0",
                    "Security": {
                        "@UserID": null
                    }
                },
                "EventData": {
                    "Data": []
                }
            }
        },
        {
            "Event": {
                "@xmlns": "http://schemas.microsoft.com/win/2004/08/events/event",
                "System": {
                    "Provider": {
                        "@Name": "Microsoft-Windows-Security-SPP",
                        "@Guid": "e23b33b0-c8c9-472c-a5f9-f2bdfea0f156"
                    },
                    "EventID": {
                        "@Qualifiers": 16384,
                        "#text": 16384
                    },
                    "Version": 0,
                    "Level": "4",
                    "Source": "Information",
                    "Task": 0,
                    "Opcode": 0,
                    "Keywords": 36028797018963968,
                    "TimeCreated": {
                        "@SystemTime": "2024-08-10T23:08:17.615000Z"
                    },
                    "EventRecordID": "1557",
                    "Correlation": {},
                    "Execution": {
                        "@ProcessID": 4484,
                        "@ThreadID": 0
                    },
                    "Channel": "Application",
                    "Computer": "DESKTOP-U22SSQ0",
                    "Security": {
                        "@UserID": null
                    }
                },
                "EventData": {
                    "Data": [
                        "System.Diagnostics.Eventing.Reader.EventProperty",
                        "System.Diagnostics.Eventing.Reader.EventProperty"
                    ]
                }
            }
        },
        {
            "Event": {
                "@xmlns": "http://schemas.microsoft.com/win/2004/08/events/event",
                "System": {
                    "Provider": {
                        "@Name": "Microsoft-Windows-Security-SPP",
                        "@Guid": "e23b33b0-c8c9-472c-a5f9-f2bdfea0f156"
                    },
                    "EventID": {
                        "@Qualifiers": 49152,
                        "#text": 16394
                    },
                    "Version": 0,
                    "Level": "4",
                    "Source": "Information",
                    "Task": 0,
                    "Opcode": 0,
                    "Keywords": 36028797018963968,
                    "TimeCreated": {
                        "@SystemTime": "2024-08-10T23:07:47.456000Z"
                    },
                    "EventRecordID": "1556",
                    "Correlation": {},
                    "Execution": {
                        "@ProcessID": 4484,
                        "@ThreadID": 0
                    },
                    "Channel": "Application",
                    "Computer": "DESKTOP-U22SSQ0",
                    "Security": {
                        "@UserID": null
                    }
                },
                "EventData": {
                    "Data": []
                }
            }
        }
    ]
}