{
    "hostname": "3.92.202.195",
    "username": "Administrator",
    "password": "Go5d8s9UTDgrdctfb$95!Gx(of(2gCC?",
    "application": [
        {
            "Event": {
                "@xmlns": "http://schemas.microsoft.com/win/2004/08/events/event",
                "System": {
                    "Provider": {
                        "@Name": "Microsoft-Windows-WMI",
                        "@Guid": "1edeee53-0afe-4609-b846-d8c0b2075b1f"
                    },
                    "EventID": {
                        "@Qualifiers": null,
                        "#text": 5617
                    },
                    "Version": 2,
                    "Level": "4",
                    "Source": "Information",
                    "Task": 0,
                    "Opcode": 0,
                    "Keywords": -9223372036854775808,
                    "TimeCreated": {
                        "@SystemTime": "2024-08-15T10:03:27.168000Z"
                    },
                    "EventRecordID": "12676",
                    "Correlation": {},
                    "Execution": {
                        "@ProcessID": 1164,
                        "@ThreadID": 1744
                    },
                    "Channel": "Application",
                    "Computer": "EC2AMAZ-3I4MKBB",
                    "Security": {
                        "@UserID": {
                            "BinaryLength": 12,
                            "AccountDomainSid": null,
                            "Value": "S-1-5-18"
                        }
                    }
                },
                "EventData": {
                    "Data": []
                }
            }
        },
        {
            "Event": {
                "@xmlns": "http://schemas.microsoft.com/win/2004/08/events/event",
                "System": {
                    "Provider": {
                        "@Name": "Microsoft-Windows-WMI",
                        "@Guid": "1edeee53-0afe-4609-b846-d8c0b2075b1f"
                    },
                    "EventID": {
                        "@Qualifiers": null,
                        "#text": 5615
                    },
                    "Version": 2,
                    "Level": "4",
                    "Source": "Information",
                    "Task": 0,
                    "Opcode": 0,
                    "Keywords": -9223372036854775808,
                    "TimeCreated": {
                        "@SystemTime": "2024-08-15T10:03:23.608000Z"
                    },
                    "EventRecordID": "12675",
                    "Correlation": {},
                    "Execution": {
                        "@ProcessID": 1164,
                        "@ThreadID": 1256
                    },
                    "Channel": "Application",
                    "Computer": "EC2AMAZ-3I4MKBB",
                    "Security": {
                        "@UserID": {
                            "BinaryLength": 12,
                            "AccountDomainSid": null,
                            "Value": "S-1-5-18"
                        }
                    }
                },
                "EventData": {
                    "Data": []
                }
            }
        },
        {
            "Event": {
                "@xmlns": "http://schemas.microsoft.com/win/2004/08/events/event",
                "System": {
                    "Provider": {
                        "@Name": "Microsoft-Windows-User Profiles Service",
                        "@Guid": "89b1e9f0-5aff-44a6-9b44-0a07a7ce5845"
                    },
                    "EventID": {
                        "@Qualifiers": null,
                        "#text": 1531
                    },
                    "Version": 0,
                    "Level": "4",
                    "Source": "Information",
                    "Task": 0,
                    "Opcode": 0,
                    "Keywords": -9223372036854775808,
                    "TimeCreated": {
                        "@SystemTime": "2024-08-15T10:03:21.842000Z"
                    },
                    "EventRecordID": "12674",
                    "Correlation": {},
                    "Execution": {
                        "@ProcessID": 1164,
                        "@ThreadID": 1284
                    },
                    "Channel": "Application",
                    "Computer": "EC2AMAZ-3I4MKBB",
                    "Security": {
                        "@UserID": {
                            "BinaryLength": 12,
                            "AccountDomainSid": null,
                            "Value": "S-1-5-18"
                        }
                    }
                },
                "EventData": {
                    "Data": []
                }
            }
        },
        {
            "Event": {
                "@xmlns": "http://schemas.microsoft.com/win/2004/08/events/event",
                "System": {
                    "Provider": {
                        "@Name": "Microsoft-Windows-EventSystem",
                        "@Guid": "899daace-4868-4295-afcd-9eb8fb497561"
                    },
                    "EventID": {
                        "@Qualifiers": 16384,
                        "#text": 4625
                    },
                    "Version": 0,
                    "Level": "4",
                    "Source": "Information",
                    "Task": 0,
                    "Opcode": 0,
                    "Keywords": 36028797018963968,
                    "TimeCreated": {
                        "@SystemTime": "2024-08-15T10:03:21.740000Z"
                    },
                    "EventRecordID": "12673",
                    "Correlation": {},
                    "Execution": {
                        "@ProcessID": 0,
                        "@ThreadID": 0
                    },
                    "Channel": "Application",
                    "Computer": "EC2AMAZ-3I4MKBB",
                    "Security": {
                        "@UserID": null
                    }
                },
                "EventData": {
                    "Data": [
                        "System.Diagnostics.Eventing.Reader.EventProperty",
                        "System.Diagnostics.Eventing.Reader.EventProperty",
                        "System.Diagnostics.Eventing.Reader.EventProperty"
                    ]
                }
            }
        },
        {
            "Event": {
                "@xmlns": "http://schemas.microsoft.com/win/2004/08/events/event",
                "System": {
                    "Provider": {
                        "@Name": "Microsoft-Windows-User Profiles Service",
                        "@Guid": "89b1e9f0-5aff-44a6-9b44-0a07a7ce5845"
                    },
                    "EventID": {
                        "@Qualifiers": null,
                        "#text": 1532
                    },
                    "Version": 0,
                    "Level": "4",
                    "Source": "Information",
                    "Task": 0,
                    "Opcode": 0,
                    "Keywords": -9223372036854775808,
                    "TimeCreated": {
                        "@SystemTime": "2024-08-14T17:03:37.398000Z"
                    },
                    "EventRecordID": "12672",
                    "Correlation": {},
                    "Execution": {
                        "@ProcessID": 1184,
                        "@ThreadID": 1528
                    },
                    "Channel": "Application",
                    "Computer": "EC2AMAZ-3I4MKBB",
                    "Security": {
                        "@UserID": {
                            "BinaryLength": 12,
                            "AccountDomainSid": null,
                            "Value": "S-1-5-18"
                        }
                    }
                },
                "EventData": {
                    "Data": []
                }
            }
        },
        {
            "Event": {
                "@xmlns": "http://schemas.microsoft.com/win/2004/08/events/event",
                "System": {
                    "Provider": {
                        "@Name": "Microsoft-Windows-Winlogon",
                        "@Guid": "dbe9b383-7cf3-4331-91cc-a3cb16a3b538"
                    },
                    "EventID": {
                        "@Qualifiers": 32768,
                        "#text": 6000
                    },
                    "Version": 0,
                    "Level": "4",
                    "Source": "Information",
                    "Task": 0,
                    "Opcode": 0,
                    "Keywords": 36028797018963968,
                    "TimeCreated": {
                        "@SystemTime": "2024-08-14T17:03:36.600000Z"
                    },
                    "EventRecordID": "12671",
                    "Correlation": {},
                    "Execution": {
                        "@ProcessID": 0,
                        "@ThreadID": 0
                    },
                    "Channel": "Application",
                    "Computer": "EC2AMAZ-3I4MKBB",
                    "Security": {
                        "@UserID": null
                    }
                },
                "EventData": {
                    "Data": [
                        "System.Diagnostics.Eventing.Reader.EventProperty",
                        "System.Diagnostics.Eventing.Reader.EventProperty"
                    ]
                }
            }
        },
        {
            "Event": {
                "@xmlns": "http://schemas.microsoft.com/win/2004/08/events/event",
                "System": {
                    "Provider": {
                        "@Name": "XENAGENT",
                        "@Guid": null
                    },
                    "EventID": {
                        "@Qualifiers": 16384,
                        "#text": 1
                    },
                    "Version": 0,
                    "Level": "0",
                    "Source": "Critical",
                    "Task": 0,
                    "Opcode": 0,
                    "Keywords": 36028797018963968,
                    "TimeCreated": {
                        "@SystemTime": "2024-08-14T17:03:33.178000Z"
                    },
                    "EventRecordID": "12670",
                    "Correlation": {},
                    "Execution": {
                        "@ProcessID": 0,
                        "@ThreadID": 0
                    },
                    "Channel": "Application",
                    "Computer": "EC2AMAZ-3I4MKBB",
                    "Security": {
                        "@UserID": null
                    }
                },
                "EventData": {
                    "Data": []
                }
            }
        },
        {
            "Event": {
                "@xmlns": "http://schemas.microsoft.com/win/2004/08/events/event",
                "System": {
                    "Provider": {
                        "@Name": "Microsoft-Windows-Security-SPP",
                        "@Guid": "e23b33b0-c8c9-472c-a5f9-f2bdfea0f156"
                    },
                    "EventID": {
                        "@Qualifiers": 16384,
                        "#text": 16384
                    },
                    "Version": 0,
                    "Level": "4",
                    "Source": "Information",
                    "Task": 0,
                    "Opcode": 0,
                    "Keywords": 36028797018963968,
                    "TimeCreated": {
                        "@SystemTime": "2024-08-14T15:46:53.563000Z"
                    },
                    "EventRecordID": "12669",
                    "Correlation": {},
                    "Execution": {
                        "@ProcessID": 0,
                        "@ThreadID": 0
                    },
                    "Channel": "Application",
                    "Computer": "EC2AMAZ-3I4MKBB",
                    "Security": {
                        "@UserID": null
                    }
                },
                "EventData": {
                    "Data": [
                        "System.Diagnostics.Eventing.Reader.EventProperty",
                        "System.Diagnostics.Eventing.Reader.EventProperty"
                    ]
                }
            }
        },
        {
            "Event": {
                "@xmlns": "http://schemas.microsoft.com/win/2004/08/events/event",
                "System": {
                    "Provider": {
                        "@Name": "Microsoft-Windows-Security-SPP",
                        "@Guid": "e23b33b0-c8c9-472c-a5f9-f2bdfea0f156"
                    },
                    "EventID": {
                        "@Qualifiers": 49152,
                        "#text": 16394
                    },
                    "Version": 0,
                    "Level": "4",
                    "Source": "Information",
                    "Task": 0,
                    "Opcode": 0,
                    "Keywords": 36028797018963968,
                    "TimeCreated": {
                        "@SystemTime": "2024-08-14T15:46:23.062000Z"
                    },
                    "EventRecordID": "12668",
                    "Correlation": {},
                    "Execution": {
                        "@ProcessID": 0,
                        "@ThreadID": 0
                    },
                    "Channel": "Application",
                    "Computer": "EC2AMAZ-3I4MKBB",
                    "Security": {
                        "@UserID": null
                    }
                },
                "EventData": {
                    "Data": []
                }
            }
        },
        {
            "Event": {
                "@xmlns": "http://schemas.microsoft.com/win/2004/08/events/event",
                "System": {
                    "Provider": {
                        "@Name": "Desktop Window Manager",
                        "@Guid": null
                    },
                    "EventID": {
                        "@Qualifiers": 16384,
                        "#text": 9027
                    },
                    "Version": 0,
                    "Level": "4",
                    "Source": "Information",
                    "Task": 0,
                    "Opcode": 0,
                    "Keywords": 36028797018963968,
                    "TimeCreated": {
                        "@SystemTime": "2024-08-14T14:50:07.509000Z"
                    },
                    "EventRecordID": "12667",
                    "Correlation": {},
                    "Execution": {
                        "@ProcessID": 0,
                        "@ThreadID": 0
                    },
                    "Channel": "Application",
                    "Computer": "EC2AMAZ-3I4MKBB",
                    "Security": {
                        "@UserID": null
                    }
                },
                "EventData": {
                    "Data": []
                }
            }
        },
        {
            "Event": {
                "@xmlns": "http://schemas.microsoft.com/win/2004/08/events/event",
                "System": {
                    "Provider": {
                        "@Name": "Microsoft-Windows-LoadPerf",
                        "@Guid": "122ee297-bb47-41ae-b265-1ca8d1886d40"
                    },
                    "EventID": {
                        "@Qualifiers": null,
                        "#text": 1000
                    },
                    "Version": 0,
                    "Level": "4",
                    "Source": "Information",
                    "Task": 0,
                    "Opcode": 0,
                    "Keywords": -9223372036854775808,
                    "TimeCreated": {
                        "@SystemTime": "2024-08-14T14:48:56.152000Z"
                    },
                    "EventRecordID": "12666",
                    "Correlation": {},
                    "Execution": {
                        "@ProcessID": 2540,
                        "@ThreadID": 1832
                    },
                    "Channel": "Application",
                    "Computer": "EC2AMAZ-3I4MKBB",
                    "Security": {
                        "@UserID": {
                            "BinaryLength": 12,
                            "AccountDomainSid": null,
                            "Value": "S-1-5-18"
                        }
                    }
                },
                "EventData": {
                    "Data": [
                        "System.Diagnostics.Eventing.Reader.EventProperty",
                        "System.Diagnostics.Eventing.Reader.EventProperty",
                        "System.Diagnostics.Eventing.Reader.EventProperty",
                        "System.Diagnostics.Eventing.Reader.EventProperty"
                    ]
                }
            }
        },
        {
            "Event": {
                "@xmlns": "http://schemas.microsoft.com/win/2004/08/events/event",
                "System": {
                    "Provider": {
                        "@Name": "Microsoft-Windows-LoadPerf",
                        "@Guid": "122ee297-bb47-41ae-b265-1ca8d1886d40"
                    },
                    "EventID": {
                        "@Qualifiers": null,
                        "#text": 1001
                    },
                    "Version": 0,
                    "Level": "4",
                    "Source": "Information",
                    "Task": 0,
                    "Opcode": 0,
                    "Keywords": -9223372036854775808,
                    "TimeCreated": {
                        "@SystemTime": "2024-08-14T14:48:56.058000Z"
                    },
                    "EventRecordID": "12665",
                    "Correlation": {},
                    "Execution": {
                        "@ProcessID": 2540,
                        "@ThreadID": 1832
                    },
                    "Channel": "Application",
                    "Computer": "EC2AMAZ-3I4MKBB",
                    "Security": {
                        "@UserID": {
                            "BinaryLength": 12,
                            "AccountDomainSid": null,
                            "Value": "S-1-5-18"
                        }
                    }
                },
                "EventData": {
                    "Data": [
                        "System.Diagnostics.Eventing.Reader.EventProperty",
                        "System.Diagnostics.Eventing.Reader.EventProperty",
                        "System.Diagnostics.Eventing.Reader.EventProperty",
                        "System.Diagnostics.Eventing.Reader.EventProperty"
                    ]
                }
            }
        },
        {
            "Event": {
                "@xmlns": "http://schemas.microsoft.com/win/2004/08/events/event",
                "System": {
                    "Provider": {
                        "@Name": "Microsoft-Windows-Security-SPP",
                        "@Guid": "e23b33b0-c8c9-472c-a5f9-f2bdfea0f156"
                    },
                    "EventID": {
                        "@Qualifiers": 16384,
                        "#text": 903
                    },
                    "Version": 0,
                    "Level": "0",
                    "Source": "Critical",
                    "Task": 0,
                    "Opcode": 0,
                    "Keywords": 36028797018963968,
                    "TimeCreated": {
                        "@SystemTime": "2024-08-14T14:47:30.367000Z"
                    },
                    "EventRecordID": "12664",
                    "Correlation": {},
                    "Execution": {
                        "@ProcessID": 0,
                        "@ThreadID": 0
                    },
                    "Channel": "Application",
                    "Computer": "EC2AMAZ-3I4MKBB",
                    "Security": {
                        "@UserID": null
                    }
                },
                "EventData": {
                    "Data": []
                }
            }
        },
        {
            "Event": {
                "@xmlns": "http://schemas.microsoft.com/win/2004/08/events/event",
                "System": {
                    "Provider": {
                        "@Name": "Microsoft-Windows-Security-SPP",
                        "@Guid": "e23b33b0-c8c9-472c-a5f9-f2bdfea0f156"
                    },
                    "EventID": {
                        "@Qualifiers": 16384,
                        "#text": 16384
                    },
                    "Version": 0,
                    "Level": "4",
                    "Source": "Information",
                    "Task": 0,
                    "Opcode": 0,
                    "Keywords": 36028797018963968,
                    "TimeCreated": {
                        "@SystemTime": "2024-08-14T14:47:30.367000Z"
                    },
                    "EventRecordID": "12663",
                    "Correlation": {},
                    "Execution": {
                        "@ProcessID": 0,
                        "@ThreadID": 0
                    },
                    "Channel": "Application",
                    "Computer": "EC2AMAZ-3I4MKBB",
                    "Security": {
                        "@UserID": null
                    }
                },
                "EventData": {
                    "Data": [
                        "System.Diagnostics.Eventing.Reader.EventProperty",
                        "System.Diagnostics.Eventing.Reader.EventProperty"
                    ]
                }
            }
        },
        {
            "Event": {
                "@xmlns": "http://schemas.microsoft.com/win/2004/08/events/event",
                "System": {
                    "Provider": {
                        "@Name": "Microsoft-Windows-Security-SPP",
                        "@Guid": "e23b33b0-c8c9-472c-a5f9-f2bdfea0f156"
                    },
                    "EventID": {
                        "@Qualifiers": 16384,
                        "#text": 902
                    },
                    "Version": 0,
                    "Level": "0",
                    "Source": "Critical",
                    "Task": 0,
                    "Opcode": 0,
                    "Keywords": 36028797018963968,
                    "TimeCreated": {
                        "@SystemTime": "2024-08-14T14:47:00.294000Z"
                    },
                    "EventRecordID": "12662",
                    "Correlation": {},
                    "Execution": {
                        "@ProcessID": 0,
                        "@ThreadID": 0
                    },
                    "Channel": "Application",
                    "Computer": "EC2AMAZ-3I4MKBB",
                    "Security": {
                        "@UserID": null
                    }
                },
                "EventData": {
                    "Data": [
                        "System.Diagnostics.Eventing.Reader.EventProperty"
                    ]
                }
            }
        },
        {
            "Event": {
                "@xmlns": "http://schemas.microsoft.com/win/2004/08/events/event",
                "System": {
                    "Provider": {
                        "@Name": "Microsoft-Windows-Security-SPP",
                        "@Guid": "e23b33b0-c8c9-472c-a5f9-f2bdfea0f156"
                    },
                    "EventID": {
                        "@Qualifiers": 16384,
                        "#text": 1003
                    },
                    "Version": 0,
                    "Level": "4",
                    "Source": "Information",
                    "Task": 0,
                    "Opcode": 0,
                    "Keywords": 36028797018963968,
                    "TimeCreated": {
                        "@SystemTime": "2024-08-14T14:47:00.247000Z"
                    },
                    "EventRecordID": "12661",
                    "Correlation": {},
                    "Execution": {
                        "@ProcessID": 0,
                        "@ThreadID": 0
                    },
                    "Channel": "Application",
                    "Computer": "EC2AMAZ-3I4MKBB",
                    "Security": {
                        "@UserID": null
                    }
                },
                "EventData": {
                    "Data": [
                        "System.Diagnostics.Eventing.Reader.EventProperty",
                        "System.Diagnostics.Eventing.Reader.EventProperty"
                    ]
                }
            }
        },
        {
            "Event": {
                "@xmlns": "http://schemas.microsoft.com/win/2004/08/events/event",
                "System": {
                    "Provider": {
                        "@Name": "Microsoft-Windows-Security-SPP",
                        "@Guid": "e23b33b0-c8c9-472c-a5f9-f2bdfea0f156"
                    },
                    "EventID": {
                        "@Qualifiers": 16384,
                        "#text": 1066
                    },
                    "Version": 0,
                    "Level": "4",
                    "Source": "Information",
                    "Task": 0,
                    "Opcode": 0,
                    "Keywords": 36028797018963968,
                    "TimeCreated": {
                        "@SystemTime": "2024-08-14T14:47:00.122000Z"
                    },
                    "EventRecordID": "12660",
                    "Correlation": {},
                    "Execution": {
                        "@ProcessID": 0,
                        "@ThreadID": 0
                    },
                    "Channel": "Application",
                    "Computer": "EC2AMAZ-3I4MKBB",
                    "Security": {
                        "@UserID": null
                    }
                },
                "EventData": {
                    "Data": [
                        "System.Diagnostics.Eventing.Reader.EventProperty"
                    ]
                }
            }
        },
        {
            "Event": {
                "@xmlns": "http://schemas.microsoft.com/win/2004/08/events/event",
                "System": {
                    "Provider": {
                        "@Name": "Microsoft-Windows-Security-SPP",
                        "@Guid": "e23b33b0-c8c9-472c-a5f9-f2bdfea0f156"
                    },
                    "EventID": {
                        "@Qualifiers": 49152,
                        "#text": 16394
                    },
                    "Version": 0,
                    "Level": "4",
                    "Source": "Information",
                    "Task": 0,
                    "Opcode": 0,
                    "Keywords": 36028797018963968,
                    "TimeCreated": {
                        "@SystemTime": "2024-08-14T14:46:58.483000Z"
                    },
                    "EventRecordID": "12659",
                    "Correlation": {},
                    "Execution": {
                        "@ProcessID": 0,
                        "@ThreadID": 0
                    },
                    "Channel": "Application",
                    "Computer": "EC2AMAZ-3I4MKBB",
                    "Security": {
                        "@UserID": null
                    }
                },
                "EventData": {
                    "Data": []
                }
            }
        },
        {
            "Event": {
                "@xmlns": "http://schemas.microsoft.com/win/2004/08/events/event",
                "System": {
                    "Provider": {
                        "@Name": "Microsoft-Windows-Security-SPP",
                        "@Guid": "e23b33b0-c8c9-472c-a5f9-f2bdfea0f156"
                    },
                    "EventID": {
                        "@Qualifiers": 16384,
                        "#text": 900
                    },
                    "Version": 0,
                    "Level": "4",
                    "Source": "Information",
                    "Task": 0,
                    "Opcode": 0,
                    "Keywords": 36028797018963968,
                    "TimeCreated": {
                        "@SystemTime": "2024-08-14T14:46:55.392000Z"
                    },
                    "EventRecordID": "12658",
                    "Correlation": {},
                    "Execution": {
                        "@ProcessID": 0,
                        "@ThreadID": 0
                    },
                    "Channel": "Application",
                    "Computer": "EC2AMAZ-3I4MKBB",
                    "Security": {
                        "@UserID": null
                    }
                },
                "EventData": {
                    "Data": [
                        "System.Diagnostics.Eventing.Reader.EventProperty"
                    ]
                }
            }
        },
        {
            "Event": {
                "@xmlns": "http://schemas.microsoft.com/win/2004/08/events/event",
                "System": {
                    "Provider": {
                        "@Name": "Microsoft-Windows-MSDTC 2",
                        "@Guid": "5d9e0020-3761-4f36-90c8-38ce6511bd12"
                    },
                    "EventID": {
                        "@Qualifiers": 16384,
                        "#text": 4202
                    },
                    "Version": 0,
                    "Level": "4",
                    "Source": "Information",
                    "Task": 2,
                    "Opcode": 0,
                    "Keywords": 36028797018963968,
                    "TimeCreated": {
                        "@SystemTime": "2024-08-14T14:46:54.673000Z"
                    },
                    "EventRecordID": "12657",
                    "Correlation": {},
                    "Execution": {
                        "@ProcessID": 0,
                        "@ThreadID": 0
                    },
                    "Channel": "Application",
                    "Computer": "EC2AMAZ-3I4MKBB",
                    "Security": {
                        "@UserID": null
                    }
                },
                "EventData": {
                    "Data": [
                        "System.Diagnostics.Eventing.Reader.EventProperty",
                        "System.Diagnostics.Eventing.Reader.EventProperty",
                        "System.Diagnostics.Eventing.Reader.EventProperty",
                        "System.Diagnostics.Eventing.Reader.EventProperty",
                        "System.Diagnostics.Eventing.Reader.EventProperty",
                        "System.Diagnostics.Eventing.Reader.EventProperty",
                        "System.Diagnostics.Eventing.Reader.EventProperty",
                        "System.Diagnostics.Eventing.Reader.EventProperty",
                        "System.Diagnostics.Eventing.Reader.EventProperty",
                        "System.Diagnostics.Eventing.Reader.EventProperty",
                        "System.Diagnostics.Eventing.Reader.EventProperty",
                        "System.Diagnostics.Eventing.Reader.EventProperty"
                    ]
                }
            }
        },
        {
            "Event": {
                "@xmlns": "http://schemas.microsoft.com/win/2004/08/events/event",
                "System": {
                    "Provider": {
                        "@Name": "edgeupdate",
                        "@Guid": null
                    },
                    "EventID": {
                        "@Qualifiers": 0,
                        "#text": 0
                    },
                    "Version": 0,
                    "Level": "4",
                    "Source": "Information",
                    "Task": 0,
                    "Opcode": 0,
                    "Keywords": 36028797018963968,
                    "TimeCreated": {
                        "@SystemTime": "2024-08-14T14:46:53.940000Z"
                    },
                    "EventRecordID": "12656",
                    "Correlation": {},
                    "Execution": {
                        "@ProcessID": 0,
                        "@ThreadID": 0
                    },
                    "Channel": "Application",
                    "Computer": "EC2AMAZ-3I4MKBB",
                    "Security": {
                        "@UserID": null
                    }
                },
                "EventData": {
                    "Data": [
                        "System.Diagnostics.Eventing.Reader.EventProperty"
                    ]
                }
            }
        },
        {
            "Event": {
                "@xmlns": "http://schemas.microsoft.com/win/2004/08/events/event",
                "System": {
                    "Provider": {
                        "@Name": "Microsoft-Windows-WMI",
                        "@Guid": "1edeee53-0afe-4609-b846-d8c0b2075b1f"
                    },
                    "EventID": {
                        "@Qualifiers": null,
                        "#text": 5617
                    },
                    "Version": 2,
                    "Level": "4",
                    "Source": "Information",
                    "Task": 0,
                    "Opcode": 0,
                    "Keywords": -9223372036854775808,
                    "TimeCreated": {
                        "@SystemTime": "2024-08-14T14:44:53.575000Z"
                    },
                    "EventRecordID": "12655",
                    "Correlation": {},
                    "Execution": {
                        "@ProcessID": 1184,
                        "@ThreadID": 2240
                    },
                    "Channel": "Application",
                    "Computer": "EC2AMAZ-3I4MKBB",
                    "Security": {
                        "@UserID": {
                            "BinaryLength": 12,
                            "AccountDomainSid": null,
                            "Value": "S-1-5-18"
                        }
                    }
                },
                "EventData": {
                    "Data": []
                }
            }
        },
        {
            "Event": {
                "@xmlns": "http://schemas.microsoft.com/win/2004/08/events/event",
                "System": {
                    "Provider": {
                        "@Name": "Microsoft-Windows-WMI",
                        "@Guid": "1edeee53-0afe-4609-b846-d8c0b2075b1f"
                    },
                    "EventID": {
                        "@Qualifiers": null,
                        "#text": 5615
                    },
                    "Version": 2,
                    "Level": "4",
                    "Source": "Information",
                    "Task": 0,
                    "Opcode": 0,
                    "Keywords": -9223372036854775808,
                    "TimeCreated": {
                        "@SystemTime": "2024-08-14T14:44:49.033000Z"
                    },
                    "EventRecordID": "12654",
                    "Correlation": {},
                    "Execution": {
                        "@ProcessID": 1184,
                        "@ThreadID": 1648
                    },
                    "Channel": "Application",
                    "Computer": "EC2AMAZ-3I4MKBB",
                    "Security": {
                        "@UserID": {
                            "BinaryLength": 12,
                            "AccountDomainSid": null,
                            "Value": "S-1-5-18"
                        }
                    }
                },
                "EventData": {
                    "Data": []
                }
            }
        },
        {
            "Event": {
                "@xmlns": "http://schemas.microsoft.com/win/2004/08/events/event",
                "System": {
                    "Provider": {
                        "@Name": "Microsoft-Windows-User Profiles Service",
                        "@Guid": "89b1e9f0-5aff-44a6-9b44-0a07a7ce5845"
                    },
                    "EventID": {
                        "@Qualifiers": null,
                        "#text": 1531
                    },
                    "Version": 0,
                    "Level": "4",
                    "Source": "Information",
                    "Task": 0,
                    "Opcode": 0,
                    "Keywords": -9223372036854775808,
                    "TimeCreated": {
                        "@SystemTime": "2024-08-14T14:44:47.636000Z"
                    },
                    "EventRecordID": "12653",
                    "Correlation": {},
                    "Execution": {
                        "@ProcessID": 1184,
                        "@ThreadID": 1528
                    },
                    "Channel": "Application",
                    "Computer": "EC2AMAZ-3I4MKBB",
                    "Security": {
                        "@UserID": {
                            "BinaryLength": 12,
                            "AccountDomainSid": null,
                            "Value": "S-1-5-18"
                        }
                    }
                },
                "EventData": {
                    "Data": []
                }
            }
        },
        {
            "Event": {
                "@xmlns": "http://schemas.microsoft.com/win/2004/08/events/event",
                "System": {
                    "Provider": {
                        "@Name": "Microsoft-Windows-EventSystem",
                        "@Guid": "899daace-4868-4295-afcd-9eb8fb497561"
                    },
                    "EventID": {
                        "@Qualifiers": 16384,
                        "#text": 4625
                    },
                    "Version": 0,
                    "Level": "4",
                    "Source": "Information",
                    "Task": 0,
                    "Opcode": 0,
                    "Keywords": 36028797018963968,
                    "TimeCreated": {
                        "@SystemTime": "2024-08-14T14:44:47.474000Z"
                    },
                    "EventRecordID": "12652",
                    "Correlation": {},
                    "Execution": {
                        "@ProcessID": 0,
                        "@ThreadID": 0
                    },
                    "Channel": "Application",
                    "Computer": "EC2AMAZ-3I4MKBB",
                    "Security": {
                        "@UserID": null
                    }
                },
                "EventData": {
                    "Data": [
                        "System.Diagnostics.Eventing.Reader.EventProperty",
                        "System.Diagnostics.Eventing.Reader.EventProperty",
                        "System.Diagnostics.Eventing.Reader.EventProperty"
                    ]
                }
            }
        },
        {
            "Event": {
                "@xmlns": "http://schemas.microsoft.com/win/2004/08/events/event",
                "System": {
                    "Provider": {
                        "@Name": "Desktop Window Manager",
                        "@Guid": null
                    },
                    "EventID": {
                        "@Qualifiers": 16384,
                        "#text": 9027
                    },
                    "Version": 0,
                    "Level": "4",
                    "Source": "Information",
                    "Task": 0,
                    "Opcode": 0,
                    "Keywords": 36028797018963968,
                    "TimeCreated": {
                        "@SystemTime": "2024-08-14T14:44:47.239000Z"
                    },
                    "EventRecordID": "12651",
                    "Correlation": {},
                    "Execution": {
                        "@ProcessID": 0,
                        "@ThreadID": 0
                    },
                    "Channel": "Application",
                    "Computer": "EC2AMAZ-3I4MKBB",
                    "Security": {
                        "@UserID": null
                    }
                },
                "EventData": {
                    "Data": []
                }
            }
        },
        {
            "Event": {
                "@xmlns": "http://schemas.microsoft.com/win/2004/08/events/event",
                "System": {
                    "Provider": {
                        "@Name": "Microsoft-Windows-User Profiles Service",
                        "@Guid": "89b1e9f0-5aff-44a6-9b44-0a07a7ce5845"
                    },
                    "EventID": {
                        "@Qualifiers": null,
                        "#text": 1532
                    },
                    "Version": 0,
                    "Level": "4",
                    "Source": "Information",
                    "Task": 0,
                    "Opcode": 0,
                    "Keywords": -9223372036854775808,
                    "TimeCreated": {
                        "@SystemTime": "2024-08-14T14:43:42.257000Z"
                    },
                    "EventRecordID": "12650",
                    "Correlation": {},
                    "Execution": {
                        "@ProcessID": 1212,
                        "@ThreadID": 1268
                    },
                    "Channel": "Application",
                    "Computer": "EC2AMAZ-3I4MKBB",
                    "Security": {
                        "@UserID": {
                            "BinaryLength": 12,
                            "AccountDomainSid": null,
                            "Value": "S-1-5-18"
                        }
                    }
                },
                "EventData": {
                    "Data": []
                }
            }
        },
        {
            "Event": {
                "@xmlns": "http://schemas.microsoft.com/win/2004/08/events/event",
                "System": {
                    "Provider": {
                        "@Name": "Microsoft-Windows-Winlogon",
                        "@Guid": "dbe9b383-7cf3-4331-91cc-a3cb16a3b538"
                    },
                    "EventID": {
                        "@Qualifiers": 32768,
                        "#text": 6000
                    },
                    "Version": 0,
                    "Level": "4",
                    "Source": "Information",
                    "Task": 0,
                    "Opcode": 0,
                    "Keywords": 36028797018963968,
                    "TimeCreated": {
                        "@SystemTime": "2024-08-14T14:43:41.124000Z"
                    },
                    "EventRecordID": "12649",
                    "Correlation": {},
                    "Execution": {
                        "@ProcessID": 0,
                        "@ThreadID": 0
                    },
                    "Channel": "Application",
                    "Computer": "EC2AMAZ-3I4MKBB",
                    "Security": {
                        "@UserID": null
                    }
                },
                "EventData": {
                    "Data": [
                        "System.Diagnostics.Eventing.Reader.EventProperty",
                        "System.Diagnostics.Eventing.Reader.EventProperty"
                    ]
                }
            }
        },
        {
            "Event": {
                "@xmlns": "http://schemas.microsoft.com/win/2004/08/events/event",
                "System": {
                    "Provider": {
                        "@Name": "XENAGENT",
                        "@Guid": null
                    },
                    "EventID": {
                        "@Qualifiers": 16384,
                        "#text": 2
                    },
                    "Version": 0,
                    "Level": "0",
                    "Source": "Critical",
                    "Task": 0,
                    "Opcode": 0,
                    "Keywords": 36028797018963968,
                    "TimeCreated": {
                        "@SystemTime": "2024-08-14T14:43:37.455000Z"
                    },
                    "EventRecordID": "12648",
                    "Correlation": {},
                    "Execution": {
                        "@ProcessID": 0,
                        "@ThreadID": 0
                    },
                    "Channel": "Application",
                    "Computer": "EC2AMAZ-3I4MKBB",
                    "Security": {
                        "@UserID": null
                    }
                },
                "EventData": {
                    "Data": []
                }
            }
        },
        {
            "Event": {
                "@xmlns": "http://schemas.microsoft.com/win/2004/08/events/event",
                "System": {
                    "Provider": {
                        "@Name": ".NET Runtime Optimization Service",
                        "@Guid": null
                    },
                    "EventID": {
                        "@Qualifiers": 0,
                        "#text": 1130
                    },
                    "Version": 0,
                    "Level": "0",
                    "Source": "Critical",
                    "Task": 0,
                    "Opcode": 0,
                    "Keywords": 36028797018963968,
                    "TimeCreated": {
                        "@SystemTime": "2024-08-14T14:15:33.959000Z"
                    },
                    "EventRecordID": "12647",
                    "Correlation": {},
                    "Execution": {
                        "@ProcessID": 0,
                        "@ThreadID": 0
                    },
                    "Channel": "Application",
                    "Computer": "EC2AMAZ-3I4MKBB",
                    "Security": {
                        "@UserID": null
                    }
                },
                "EventData": {
                    "Data": [
                        "System.Diagnostics.Eventing.Reader.EventProperty"
                    ]
                }
            }
        },
        {
            "Event": {
                "@xmlns": "http://schemas.microsoft.com/win/2004/08/events/event",
                "System": {
                    "Provider": {
                        "@Name": "Microsoft-Windows-LoadPerf",
                        "@Guid": "122ee297-bb47-41ae-b265-1ca8d1886d40"
                    },
                    "EventID": {
                        "@Qualifiers": null,
                        "#text": 1000
                    },
                    "Version": 0,
                    "Level": "4",
                    "Source": "Information",
                    "Task": 0,
                    "Opcode": 0,
                    "Keywords": -9223372036854775808,
                    "TimeCreated": {
                        "@SystemTime": "2024-08-14T14:07:07.268000Z"
                    },
                    "EventRecordID": "12646",
                    "Correlation": {},
                    "Execution": {
                        "@ProcessID": 2720,
                        "@ThreadID": 2688
                    },
                    "Channel": "Application",
                    "Computer": "EC2AMAZ-3I4MKBB",
                    "Security": {
                        "@UserID": {
                            "BinaryLength": 12,
                            "AccountDomainSid": null,
                            "Value": "S-1-5-18"
                        }
                    }
                },
                "EventData": {
                    "Data": [
                        "System.Diagnostics.Eventing.Reader.EventProperty",
                        "System.Diagnostics.Eventing.Reader.EventProperty",
                        "System.Diagnostics.Eventing.Reader.EventProperty",
                        "System.Diagnostics.Eventing.Reader.EventProperty"
                    ]
                }
            }
        },
