        {
            "Event": {
                "@xmlns": "http://schemas.microsoft.com/win/2004/08/events/event",
                "System": {
                    "Provider": {
                        "@Name": "Microsoft-Windows-LoadPerf",
                        "@Guid": "122ee297-bb47-41ae-b265-1ca8d1886d40"
                    },
                    "EventID": {
                        "@Qualifiers": null,
                        "#text": 1001
                    },
                    "Version": 0,
                    "Level": "4",
                    "Source": "Information",
                    "Task": 0,
                    "Opcode": 0,
                    "Keywords": -9223372036854775808,
                    "TimeCreated": {
                        "@SystemTime": "2024-08-14T14:07:07.166000Z"
                    },
                    "EventRecordID": "12645",
                    "Correlation": {},
                    "Execution": {
                        "@ProcessID": 2720,
                        "@ThreadID": 2688
                    },
                    "Channel": "Application",
                    "Computer": "EC2AMAZ-3I4MKBB",
                    "Security": {
                        "@UserID": {
                            "BinaryLength": 12,
                            "AccountDomainSid": null,
                            "Value": "S-1-5-18"
                        }
                    }
                },
                "EventData": {
                    "Data": [
                        "System.Diagnostics.Eventing.Reader.EventProperty",
                        "System.Diagnostics.Eventing.Reader.EventProperty",
                        "System.Diagnostics.Eventing.Reader.EventProperty",
                        "System.Diagnostics.Eventing.Reader.EventProperty"
                    ]
                }
            }
        },
        {
            "Event": {
                "@xmlns": "http://schemas.microsoft.com/win/2004/08/events/event",
                "System": {
                    "Provider": {
                        "@Name": "Microsoft-Windows-Security-SPP",
                        "@Guid": "e23b33b0-c8c9-472c-a5f9-f2bdfea0f156"
                    },
                    "EventID": {
                        "@Qualifiers": 16384,
                        "#text": 903
                    },
                    "Version": 0,
                    "Level": "0",
                    "Source": "Critical",
                    "Task": 0,
                    "Opcode": 0,
                    "Keywords": 36028797018963968,
                    "TimeCreated": {
                        "@SystemTime": "2024-08-14T14:05:29.824000Z"
                    },
                    "EventRecordID": "12644",
                    "Correlation": {},
                    "Execution": {
                        "@ProcessID": 0,
                        "@ThreadID": 0
                    },
                    "Channel": "Application",
                    "Computer": "EC2AMAZ-3I4MKBB",
                    "Security": {
                        "@UserID": null
                    }
                },
                "EventData": {
                    "Data": []
                }
            }
        },
        {
            "Event": {
                "@xmlns": "http://schemas.microsoft.com/win/2004/08/events/event",
                "System": {
                    "Provider": {
                        "@Name": "Microsoft-Windows-Security-SPP",
                        "@Guid": "e23b33b0-c8c9-472c-a5f9-f2bdfea0f156"
                    },
                    "EventID": {
                        "@Qualifiers": 16384,
                        "#text": 16384
                    },
                    "Version": 0,
                    "Level": "4",
                    "Source": "Information",
                    "Task": 0,
                    "Opcode": 0,
                    "Keywords": 36028797018963968,
                    "TimeCreated": {
                        "@SystemTime": "2024-08-14T14:05:29.668000Z"
                    },
                    "EventRecordID": "12643",
                    "Correlation": {},
                    "Execution": {
                        "@ProcessID": 0,
                        "@ThreadID": 0
                    },
                    "Channel": "Application",
                    "Computer": "EC2AMAZ-3I4MKBB",
                    "Security": {
                        "@UserID": null
                    }
                },
                "EventData": {
                    "Data": [
                        "System.Diagnostics.Eventing.Reader.EventProperty",
                        "System.Diagnostics.Eventing.Reader.EventProperty"
                    ]
                }
            }
        },
        {
            "Event": {
                "@xmlns": "http://schemas.microsoft.com/win/2004/08/events/event",
                "System": {
                    "Provider": {
                        "@Name": "Microsoft-Windows-Security-SPP",
                        "@Guid": "e23b33b0-c8c9-472c-a5f9-f2bdfea0f156"
                    },
                    "EventID": {
                        "@Qualifiers": 16384,
                        "#text": 902
                    },
                    "Version": 0,
                    "Level": "0",
                    "Source": "Critical",
                    "Task": 0,
                    "Opcode": 0,
                    "Keywords": 36028797018963968,
                    "TimeCreated": {
                        "@SystemTime": "2024-08-14T14:04:59.497000Z"
                    },
                    "EventRecordID": "12642",
                    "Correlation": {},
                    "Execution": {
                        "@ProcessID": 0,
                        "@ThreadID": 0
                    },
                    "Channel": "Application",
                    "Computer": "EC2AMAZ-3I4MKBB",
                    "Security": {
                        "@UserID": null
                    }
                },
                "EventData": {
                    "Data": [
                        "System.Diagnostics.Eventing.Reader.EventProperty"
                    ]
                }
            }
        },
        {
            "Event": {
                "@xmlns": "http://schemas.microsoft.com/win/2004/08/events/event",
                "System": {
                    "Provider": {
                        "@Name": "Microsoft-Windows-Security-SPP",
                        "@Guid": "e23b33b0-c8c9-472c-a5f9-f2bdfea0f156"
                    },
                    "EventID": {
                        "@Qualifiers": 16384,
                        "#text": 1003
                    },
                    "Version": 0,
                    "Level": "4",
                    "Source": "Information",
                    "Task": 0,
                    "Opcode": 0,
                    "Keywords": 36028797018963968,
                    "TimeCreated": {
                        "@SystemTime": "2024-08-14T14:04:59.419000Z"
                    },
                    "EventRecordID": "12641",
                    "Correlation": {},
                    "Execution": {
                        "@ProcessID": 0,
                        "@ThreadID": 0
                    },
                    "Channel": "Application",
                    "Computer": "EC2AMAZ-3I4MKBB",
                    "Security": {
                        "@UserID": null
                    }
                },
                "EventData": {
                    "Data": [
                        "System.Diagnostics.Eventing.Reader.EventProperty",
                        "System.Diagnostics.Eventing.Reader.EventProperty"
                    ]
                }
            }
        },
        {
            "Event": {
                "@xmlns": "http://schemas.microsoft.com/win/2004/08/events/event",
                "System": {
                    "Provider": {
                        "@Name": "Microsoft-Windows-Security-SPP",
                        "@Guid": "e23b33b0-c8c9-472c-a5f9-f2bdfea0f156"
                    },
                    "EventID": {
                        "@Qualifiers": 16384,
                        "#text": 1040
                    },
                    "Version": 0,
                    "Level": "4",
                    "Source": "Information",
                    "Task": 0,
                    "Opcode": 0,
                    "Keywords": 36028797018963968,
                    "TimeCreated": {
                        "@SystemTime": "2024-08-14T14:04:59.184000Z"
                    },
                    "EventRecordID": "12640",
                    "Correlation": {},
                    "Execution": {
                        "@ProcessID": 0,
                        "@ThreadID": 0
                    },
                    "Channel": "Application",
                    "Computer": "EC2AMAZ-3I4MKBB",
                    "Security": {
                        "@UserID": null
                    }
                },
                "EventData": {
                    "Data": [
                        "System.Diagnostics.Eventing.Reader.EventProperty",
                        "System.Diagnostics.Eventing.Reader.EventProperty",
                        "System.Diagnostics.Eventing.Reader.EventProperty"
                    ]
                }
            }
        },
        {
            "Event": {
                "@xmlns": "http://schemas.microsoft.com/win/2004/08/events/event",
                "System": {
                    "Provider": {
                        "@Name": "Microsoft-Windows-Security-SPP",
                        "@Guid": "e23b33b0-c8c9-472c-a5f9-f2bdfea0f156"
                    },
                    "EventID": {
                        "@Qualifiers": 16384,
                        "#text": 1066
                    },
                    "Version": 0,
                    "Level": "4",
                    "Source": "Information",
                    "Task": 0,
                    "Opcode": 0,
                    "Keywords": 36028797018963968,
                    "TimeCreated": {
                        "@SystemTime": "2024-08-14T14:04:59.060000Z"
                    },
                    "EventRecordID": "12639",
                    "Correlation": {},
                    "Execution": {
                        "@ProcessID": 0,
                        "@ThreadID": 0
                    },
                    "Channel": "Application",
                    "Computer": "EC2AMAZ-3I4MKBB",
                    "Security": {
                        "@UserID": null
                    }
                },
                "EventData": {
                    "Data": [
                        "System.Diagnostics.Eventing.Reader.EventProperty"
                    ]
                }
            }
        },
        {
            "Event": {
                "@xmlns": "http://schemas.microsoft.com/win/2004/08/events/event",
                "System": {
                    "Provider": {
                        "@Name": "Microsoft-Windows-Security-SPP",
                        "@Guid": "e23b33b0-c8c9-472c-a5f9-f2bdfea0f156"
                    },
                    "EventID": {
                        "@Qualifiers": 49152,
                        "#text": 16394
                    },
                    "Version": 0,
                    "Level": "4",
                    "Source": "Information",
                    "Task": 0,
                    "Opcode": 0,
                    "Keywords": 36028797018963968,
                    "TimeCreated": {
                        "@SystemTime": "2024-08-14T14:04:56.230000Z"
                    },
                    "EventRecordID": "12638",
                    "Correlation": {},
                    "Execution": {
                        "@ProcessID": 0,
                        "@ThreadID": 0
                    },
                    "Channel": "Application",
                    "Computer": "EC2AMAZ-3I4MKBB",
                    "Security": {
                        "@UserID": null
                    }
                },
                "EventData": {
                    "Data": []
                }
            }
        },
        {
            "Event": {
                "@xmlns": "http://schemas.microsoft.com/win/2004/08/events/event",
                "System": {
                    "Provider": {
                        "@Name": "Microsoft-Windows-Security-SPP",
                        "@Guid": "e23b33b0-c8c9-472c-a5f9-f2bdfea0f156"
                    },
                    "EventID": {
                        "@Qualifiers": 16384,
                        "#text": 900
                    },
                    "Version": 0,
                    "Level": "4",
                    "Source": "Information",
                    "Task": 0,
                    "Opcode": 0,
                    "Keywords": 36028797018963968,
                    "TimeCreated": {
                        "@SystemTime": "2024-08-14T14:04:55.370000Z"
                    },
                    "EventRecordID": "12637",
                    "Correlation": {},
                    "Execution": {
                        "@ProcessID": 0,
                        "@ThreadID": 0
                    },
                    "Channel": "Application",
                    "Computer": "EC2AMAZ-3I4MKBB",
                    "Security": {
                        "@UserID": null
                    }
                },
                "EventData": {
                    "Data": [
                        "System.Diagnostics.Eventing.Reader.EventProperty"
                    ]
                }
            }
        },
        {
            "Event": {
                "@xmlns": "http://schemas.microsoft.com/win/2004/08/events/event",
                "System": {
                    "Provider": {
                        "@Name": "Microsoft-Windows-MSDTC 2",
                        "@Guid": "5d9e0020-3761-4f36-90c8-38ce6511bd12"
                    },
                    "EventID": {
                        "@Qualifiers": 16384,
                        "#text": 4202
                    },
                    "Version": 0,
                    "Level": "4",
                    "Source": "Information",
                    "Task": 2,
                    "Opcode": 0,
                    "Keywords": 36028797018963968,
                    "TimeCreated": {
                        "@SystemTime": "2024-08-14T14:04:54.760000Z"
                    },
                    "EventRecordID": "12636",
                    "Correlation": {},
                    "Execution": {
                        "@ProcessID": 0,
                        "@ThreadID": 0
                    },
                    "Channel": "Application",
                    "Computer": "EC2AMAZ-3I4MKBB",
                    "Security": {
                        "@UserID": null
                    }
                },
                "EventData": {
                    "Data": [
                        "System.Diagnostics.Eventing.Reader.EventProperty",
                        "System.Diagnostics.Eventing.Reader.EventProperty",
                        "System.Diagnostics.Eventing.Reader.EventProperty",
                        "System.Diagnostics.Eventing.Reader.EventProperty",
                        "System.Diagnostics.Eventing.Reader.EventProperty",
                        "System.Diagnostics.Eventing.Reader.EventProperty",
                        "System.Diagnostics.Eventing.Reader.EventProperty",
                        "System.Diagnostics.Eventing.Reader.EventProperty",
                        "System.Diagnostics.Eventing.Reader.EventProperty",
                        "System.Diagnostics.Eventing.Reader.EventProperty",
                        "System.Diagnostics.Eventing.Reader.EventProperty",
                        "System.Diagnostics.Eventing.Reader.EventProperty"
                    ]
                }
            }
        },
        {
            "Event": {
                "@xmlns": "http://schemas.microsoft.com/win/2004/08/events/event",
                "System": {
                    "Provider": {
                        "@Name": "edgeupdate",
                        "@Guid": null
                    },
                    "EventID": {
                        "@Qualifiers": 0,
                        "#text": 0
                    },
                    "Version": 0,
                    "Level": "4",
                    "Source": "Information",
                    "Task": 0,
                    "Opcode": 0,
                    "Keywords": 36028797018963968,
                    "TimeCreated": {
                        "@SystemTime": "2024-08-14T14:04:54.119000Z"
                    },
                    "EventRecordID": "12635",
                    "Correlation": {},
                    "Execution": {
                        "@ProcessID": 0,
                        "@ThreadID": 0
                    },
                    "Channel": "Application",
                    "Computer": "EC2AMAZ-3I4MKBB",
                    "Security": {
                        "@UserID": null
                    }
                },
                "EventData": {
                    "Data": [
                        "System.Diagnostics.Eventing.Reader.EventProperty"
                    ]
                }
            }
        },
        {
            "Event": {
                "@xmlns": "http://schemas.microsoft.com/win/2004/08/events/event",
                "System": {
                    "Provider": {
                        "@Name": "Desktop Window Manager",
                        "@Guid": null
                    },
                    "EventID": {
                        "@Qualifiers": 16384,
                        "#text": 9027
                    },
                    "Version": 0,
                    "Level": "4",
                    "Source": "Information",
                    "Task": 0,
                    "Opcode": 0,
                    "Keywords": 36028797018963968,
                    "TimeCreated": {
                        "@SystemTime": "2024-08-14T14:03:50.538000Z"
                    },
                    "EventRecordID": "12634",
                    "Correlation": {},
                    "Execution": {
                        "@ProcessID": 0,
                        "@ThreadID": 0
                    },
                    "Channel": "Application",
                    "Computer": "EC2AMAZ-3I4MKBB",
                    "Security": {
                        "@UserID": null
                    }
                },
                "EventData": {
                    "Data": []
                }
            }
        },
        {
            "Event": {
                "@xmlns": "http://schemas.microsoft.com/win/2004/08/events/event",
                "System": {
                    "Provider": {
                        "@Name": "Microsoft-Windows-WMI",
                        "@Guid": "1edeee53-0afe-4609-b846-d8c0b2075b1f"
                    },
                    "EventID": {
                        "@Qualifiers": null,
                        "#text": 5617
                    },
                    "Version": 2,
                    "Level": "4",
                    "Source": "Information",
                    "Task": 0,
                    "Opcode": 0,
                    "Keywords": -9223372036854775808,
                    "TimeCreated": {
                        "@SystemTime": "2024-08-14T14:02:38.329000Z"
                    },
                    "EventRecordID": "12633",
                    "Correlation": {},
                    "Execution": {
                        "@ProcessID": 1212,
                        "@ThreadID": 1356
                    },
                    "Channel": "Application",
                    "Computer": "EC2AMAZ-3I4MKBB",
                    "Security": {
                        "@UserID": {
                            "BinaryLength": 12,
                            "AccountDomainSid": null,
                            "Value": "S-1-5-18"
                        }
                    }
                },
                "EventData": {
                    "Data": []
                }
            }
        },
        {
            "Event": {
                "@xmlns": "http://schemas.microsoft.com/win/2004/08/events/event",
                "System": {
                    "Provider": {
                        "@Name": "Microsoft-Windows-WMI",
                        "@Guid": "1edeee53-0afe-4609-b846-d8c0b2075b1f"
                    },
                    "EventID": {
                        "@Qualifiers": null,
                        "#text": 5615
                    },
                    "Version": 2,
                    "Level": "4",
                    "Source": "Information",
                    "Task": 0,
                    "Opcode": 0,
                    "Keywords": -9223372036854775808,
                    "TimeCreated": {
                        "@SystemTime": "2024-08-14T14:02:33.803000Z"
                    },
                    "EventRecordID": "12632",
                    "Correlation": {},
                    "Execution": {
                        "@ProcessID": 1212,
                        "@ThreadID": 1948
                    },
                    "Channel": "Application",
                    "Computer": "EC2AMAZ-3I4MKBB",
                    "Security": {
                        "@UserID": {
                            "BinaryLength": 12,
                            "AccountDomainSid": null,
                            "Value": "S-1-5-18"
                        }
                    }
                },
                "EventData": {
                    "Data": []
                }
            }
        },
        {
            "Event": {
                "@xmlns": "http://schemas.microsoft.com/win/2004/08/events/event",
                "System": {
                    "Provider": {
                        "@Name": "Microsoft-Windows-User Profiles Service",
                        "@Guid": "89b1e9f0-5aff-44a6-9b44-0a07a7ce5845"
                    },
                    "EventID": {
                        "@Qualifiers": null,
                        "#text": 1531
                    },
                    "Version": 0,
                    "Level": "4",
                    "Source": "Information",
                    "Task": 0,
                    "Opcode": 0,
                    "Keywords": -9223372036854775808,
                    "TimeCreated": {
                        "@SystemTime": "2024-08-14T14:02:32.411000Z"
                    },
                    "EventRecordID": "12631",
                    "Correlation": {},
                    "Execution": {
                        "@ProcessID": 1212,
                        "@ThreadID": 1268
                    },
                    "Channel": "Application",
                    "Computer": "EC2AMAZ-3I4MKBB",
                    "Security": {
                        "@UserID": {
                            "BinaryLength": 12,
                            "AccountDomainSid": null,
                            "Value": "S-1-5-18"
                        }
                    }
                },
                "EventData": {
                    "Data": []
                }
            }
        },
        {
            "Event": {
                "@xmlns": "http://schemas.microsoft.com/win/2004/08/events/event",
                "System": {
                    "Provider": {
                        "@Name": "Desktop Window Manager",
                        "@Guid": null
                    },
                    "EventID": {
                        "@Qualifiers": 16384,
                        "#text": 9027
                    },
                    "Version": 0,
                    "Level": "4",
                    "Source": "Information",
                    "Task": 0,
                    "Opcode": 0,
                    "Keywords": 36028797018963968,
                    "TimeCreated": {
                        "@SystemTime": "2024-08-14T14:02:32.285000Z"
                    },
                    "EventRecordID": "12630",
                    "Correlation": {},
                    "Execution": {
                        "@ProcessID": 0,
                        "@ThreadID": 0
                    },
                    "Channel": "Application",
                    "Computer": "EC2AMAZ-3I4MKBB",
                    "Security": {
                        "@UserID": null
                    }
                },
                "EventData": {
                    "Data": []
                }
            }
        },
        {
            "Event": {
                "@xmlns": "http://schemas.microsoft.com/win/2004/08/events/event",
                "System": {
                    "Provider": {
                        "@Name": "Microsoft-Windows-EventSystem",
                        "@Guid": "899daace-4868-4295-afcd-9eb8fb497561"
                    },
                    "EventID": {
                        "@Qualifiers": 16384,
                        "#text": 4625
                    },
                    "Version": 0,
                    "Level": "4",
                    "Source": "Information",
                    "Task": 0,
                    "Opcode": 0,
                    "Keywords": 36028797018963968,
                    "TimeCreated": {
                        "@SystemTime": "2024-08-14T14:02:32.270000Z"
                    },
                    "EventRecordID": "12629",
                    "Correlation": {},
                    "Execution": {
                        "@ProcessID": 0,
                        "@ThreadID": 0
                    },
                    "Channel": "Application",
                    "Computer": "EC2AMAZ-3I4MKBB",
                    "Security": {
                        "@UserID": null
                    }
                },
                "EventData": {
                    "Data": [
                        "System.Diagnostics.Eventing.Reader.EventProperty",
                        "System.Diagnostics.Eventing.Reader.EventProperty",
                        "System.Diagnostics.Eventing.Reader.EventProperty"
                    ]
                }
            }
        },
        {
            "Event": {
                "@xmlns": "http://schemas.microsoft.com/win/2004/08/events/event",
                "System": {
                    "Provider": {
                        "@Name": "Microsoft-Windows-User Profiles Service",
                        "@Guid": "89b1e9f0-5aff-44a6-9b44-0a07a7ce5845"
                    },
                    "EventID": {
                        "@Qualifiers": null,
                        "#text": 1532
                    },
                    "Version": 0,
                    "Level": "4",
                    "Source": "Information",
                    "Task": 0,
                    "Opcode": 0,
                    "Keywords": -9223372036854775808,
                    "TimeCreated": {
                        "@SystemTime": "2024-08-14T14:01:00.394000Z"
                    },
                    "EventRecordID": "12628",
                    "Correlation": {},
                    "Execution": {
                        "@ProcessID": 1124,
                        "@ThreadID": 1220
                    },
                    "Channel": "Application",
                    "Computer": "EC2AMAZ-3I4MKBB",
                    "Security": {
                        "@UserID": {
                            "BinaryLength": 12,
                            "AccountDomainSid": null,
                            "Value": "S-1-5-18"
                        }
                    }
                },
                "EventData": {
                    "Data": []
                }
            }
        },
        {
            "Event": {
                "@xmlns": "http://schemas.microsoft.com/win/2004/08/events/event",
                "System": {
                    "Provider": {
                        "@Name": "Microsoft-Windows-Winlogon",
                        "@Guid": "dbe9b383-7cf3-4331-91cc-a3cb16a3b538"
                    },
                    "EventID": {
                        "@Qualifiers": 32768,
                        "#text": 6000
                    },
                    "Version": 0,
                    "Level": "4",
                    "Source": "Information",
                    "Task": 0,
                    "Opcode": 0,
                    "Keywords": 36028797018963968,
                    "TimeCreated": {
                        "@SystemTime": "2024-08-14T14:00:58.060000Z"
                    },
                    "EventRecordID": "12627",
                    "Correlation": {},
                    "Execution": {
                        "@ProcessID": 0,
                        "@ThreadID": 0
                    },
                    "Channel": "Application",
                    "Computer": "EC2AMAZ-3I4MKBB",
                    "Security": {
                        "@UserID": null
                    }
                },
                "EventData": {
                    "Data": [
                        "System.Diagnostics.Eventing.Reader.EventProperty",
                        "System.Diagnostics.Eventing.Reader.EventProperty"
                    ]
                }
            }
        }
    ]
}