        {
            "Event": {
                "@xmlns": "http://schemas.microsoft.com/win/2004/08/events/event",
                "System": {
                    "Provider": {
                        "@Name": "Come on",
                        "@Guid": null
                    },
                    "EventID": {
                        "@Qualifiers": 0,
                        "#text": 785
                    },
                    "Version": 0,
                    "Level": "3",
                    "Source": "Error",
                    "Task": 0,
                    "Opcode": 0,
                    "Keywords": 36028797018963968,
                    "TimeCreated": {
                        "@SystemTime": "2024-08-16T13:31:58.756000Z"
                    },
                    "EventRecordID": "12860",
                    "Correlation": {},
                    "Execution": {
                        "@ProcessID": 0,
                        "@ThreadID": 0
                    },
                    "Channel": "Application",
                    "Computer": "EC2AMAZ-3I4MKBB",
                    "Security": {
                        "@UserID": {
                            "BinaryLength": 28,
                            "AccountDomainSid": "S-1-5-21-3575646855-3131785587-1589816510",
                            "Value": "S-1-5-21-3575646855-3131785587-1589816510-500"
                        }
                    }
                },
                "EventData": {
                    "Data": [
                        "System.Diagnostics.Eventing.Reader.EventProperty"
                    ]
                }
            }
        },
        {
            "Event": {
                "@xmlns": "http://schemas.microsoft.com/win/2004/08/events/event",
                "System": {
                    "Provider": {
                        "@Name": "Come on",
                        "@Guid": null
                    },
                    "EventID": {
                        "@Qualifiers": 0,
                        "#text": 785
                    },
                    "Version": 0,
                    "Level": "3",
                    "Source": "Error",
                    "Task": 0,
                    "Opcode": 0,
                    "Keywords": 36028797018963968,
                    "TimeCreated": {
                        "@SystemTime": "2024-08-16T13:30:45.973000Z"
                    },
                    "EventRecordID": "12859",
                    "Correlation": {},
                    "Execution": {
                        "@ProcessID": 0,
                        "@ThreadID": 0
                    },
                    "Channel": "Application",
                    "Computer": "EC2AMAZ-3I4MKBB",
                    "Security": {
                        "@UserID": {
                            "BinaryLength": 28,
                            "AccountDomainSid": "S-1-5-21-3575646855-3131785587-1589816510",
                            "Value": "S-1-5-21-3575646855-3131785587-1589816510-500"
                        }
                    }
                },
                "EventData": {
                    "Data": [
                        "System.Diagnostics.Eventing.Reader.EventProperty"
                    ]
                }
            }
        },
        {
            "Event": {
                "@xmlns": "http://schemas.microsoft.com/win/2004/08/events/event",
                "System": {
                    "Provider": {
                        "@Name": "Come on",
                        "@Guid": null
                    },
                    "EventID": {
                        "@Qualifiers": 0,
                        "#text": 785
                    },
                    "Version": 0,
                    "Level": "4",
                    "Source": "Information",
                    "Task": 0,
                    "Opcode": 0,
                    "Keywords": 36028797018963968,
                    "TimeCreated": {
                        "@SystemTime": "2024-08-16T13:28:23.428000Z"
                    },
                    "EventRecordID": "12858",
                    "Correlation": {},
                    "Execution": {
                        "@ProcessID": 0,
                        "@ThreadID": 0
                    },
                    "Channel": "Application",
                    "Computer": "EC2AMAZ-3I4MKBB",
                    "Security": {
                        "@UserID": {
                            "BinaryLength": 28,
                            "AccountDomainSid": "S-1-5-21-3575646855-3131785587-1589816510",
                            "Value": "S-1-5-21-3575646855-3131785587-1589816510-500"
                        }
                    }
                },
                "EventData": {
                    "Data": [
                        "System.Diagnostics.Eventing.Reader.EventProperty"
                    ]
                }
            }
        },
        {
            "Event": {
                "@xmlns": "http://schemas.microsoft.com/win/2004/08/events/event",
                "System": {
                    "Provider": {
                        "@Name": "Come on",
                        "@Guid": null
                    },
                    "EventID": {
                        "@Qualifiers": 0,
                        "#text": 785
                    },
                    "Version": 0,
                    "Level": "3",
                    "Source": "Error",
                    "Task": 0,
                    "Opcode": 0,
                    "Keywords": 36028797018963968,
                    "TimeCreated": {
                        "@SystemTime": "2024-08-16T13:23:25.132000Z"
                    },
                    "EventRecordID": "12857",
                    "Correlation": {},
                    "Execution": {
                        "@ProcessID": 0,
                        "@ThreadID": 0
                    },
                    "Channel": "Application",
                    "Computer": "EC2AMAZ-3I4MKBB",
                    "Security": {
                        "@UserID": {
                            "BinaryLength": 28,
                            "AccountDomainSid": "S-1-5-21-3575646855-3131785587-1589816510",
                            "Value": "S-1-5-21-3575646855-3131785587-1589816510-500"
                        }
                    }
                },
                "EventData": {
                    "Data": [
                        "System.Diagnostics.Eventing.Reader.EventProperty"
                    ]
                }
            }
        },
        {
            "Event": {
                "@xmlns": "http://schemas.microsoft.com/win/2004/08/events/event",
                "System": {
                    "Provider": {
                        "@Name": "Come on",
                        "@Guid": null
                    },
                    "EventID": {
                        "@Qualifiers": 0,
                        "#text": 785
                    },
                    "Version": 0,
                    "Level": "3",
                    "Source": "Verbose",
                    "Task": 0,
                    "Opcode": 0,
                    "Keywords": 36028797018963968,
                    "TimeCreated": {
                        "@SystemTime": "2024-08-16T13:21:37.865000Z"
                    },
                    "EventRecordID": "12856",
                    "Correlation": {},
                    "Execution": {
                        "@ProcessID": 0,
                        "@ThreadID": 0
                    },
                    "Channel": "Application",
                    "Computer": "EC2AMAZ-3I4MKBB",
                    "Security": {
                        "@UserID": {
                            "BinaryLength": 28,
                            "AccountDomainSid": "S-1-5-21-3575646855-3131785587-1589816510",
                            "Value": "S-1-5-21-3575646855-3131785587-1589816510-500"
                        }
                    }
                },
                "EventData": {
                    "Data": [
                        "System.Diagnostics.Eventing.Reader.EventProperty"
                    ]
                }
            }
        },
        {
            "Event": {
                "@xmlns": "http://schemas.microsoft.com/win/2004/08/events/event",
                "System": {
                    "Provider": {
                        "@Name": "Come on",
                        "@Guid": null
                    },
                    "EventID": {
                        "@Qualifiers": 0,
                        "#text": 785
                    },
                    "Version": 0,
                    "Level": "3",
                    "Source": "Verbose",
                    "Task": 0,
                    "Opcode": 0,
                    "Keywords": 36028797018963968,
                    "TimeCreated": {
                        "@SystemTime": "2024-08-16T13:20:03.259000Z"
                    },
                    "EventRecordID": "12855",
                    "Correlation": {},
                    "Execution": {
                        "@ProcessID": 0,
                        "@ThreadID": 0
                    },
                    "Channel": "Application",
                    "Computer": "EC2AMAZ-3I4MKBB",
                    "Security": {
                        "@UserID": {
                            "BinaryLength": 28,
                            "AccountDomainSid": "S-1-5-21-3575646855-3131785587-1589816510",
                            "Value": "S-1-5-21-3575646855-3131785587-1589816510-500"
                        }
                    }
                },
                "EventData": {
                    "Data": [
                        "System.Diagnostics.Eventing.Reader.EventProperty"
                    ]
                }
            }
        },
        {
            "Event": {
                "@xmlns": "http://schemas.microsoft.com/win/2004/08/events/event",
                "System": {
                    "Provider": {
                        "@Name": "Come on",
                        "@Guid": null
                    },
                    "EventID": {
                        "@Qualifiers": 0,
                        "#text": 785
                    },
                    "Version": 0,
                    "Level": "3",
                    "Source": "Error",
                    "Task": 0,
                    "Opcode": 0,
                    "Keywords": 36028797018963968,
                    "TimeCreated": {
                        "@SystemTime": "2024-08-16T13:20:01.862000Z"
                    },
                    "EventRecordID": "12854",
                    "Correlation": {},
                    "Execution": {
                        "@ProcessID": 0,
                        "@ThreadID": 0
                    },
                    "Channel": "Application",
                    "Computer": "EC2AMAZ-3I4MKBB",
                    "Security": {
                        "@UserID": {
                            "BinaryLength": 28,
                            "AccountDomainSid": "S-1-5-21-3575646855-3131785587-1589816510",
                            "Value": "S-1-5-21-3575646855-3131785587-1589816510-500"
                        }
                    }
                },
                "EventData": {
                    "Data": [
                        "System.Diagnostics.Eventing.Reader.EventProperty"
                    ]
                }
            }
        },
        {
            "Event": {
                "@xmlns": "http://schemas.microsoft.com/win/2004/08/events/event",
                "System": {
                    "Provider": {
                        "@Name": "Come on",
                        "@Guid": null
                    },
                    "EventID": {
                        "@Qualifiers": 0,
                        "#text": 785
                    },
                    "Version": 0,
                    "Level": "3",
                    "Source": "Error",
                    "Task": 0,
                    "Opcode": 0,
                    "Keywords": 36028797018963968,
                    "TimeCreated": {
                        "@SystemTime": "2024-08-16T13:19:45.740000Z"
                    },
                    "EventRecordID": "12853",
                    "Correlation": {},
                    "Execution": {
                        "@ProcessID": 0,
                        "@ThreadID": 0
                    },
                    "Channel": "Application",
                    "Computer": "EC2AMAZ-3I4MKBB",
                    "Security": {
                        "@UserID": {
                            "BinaryLength": 28,
                            "AccountDomainSid": "S-1-5-21-3575646855-3131785587-1589816510",
                            "Value": "S-1-5-21-3575646855-3131785587-1589816510-500"
                        }
                    }
                },
                "EventData": {
                    "Data": [
                        "System.Diagnostics.Eventing.Reader.EventProperty"
                    ]
                }
            }
        },
        {
            "Event": {
                "@xmlns": "http://schemas.microsoft.com/win/2004/08/events/event",
                "System": {
                    "Provider": {
                        "@Name": "Come on",
                        "@Guid": null
                    },
                    "EventID": {
                        "@Qualifiers": 0,
                        "#text": 785
                    },
                    "Version": 0,
                    "Level": "3",
                    "Source": "Verbose",
                    "Task": 0,
                    "Opcode": 0,
                    "Keywords": 36028797018963968,
                    "TimeCreated": {
                        "@SystemTime": "2024-08-16T13:18:29.099000Z"
                    },
                    "EventRecordID": "12852",
                    "Correlation": {},
                    "Execution": {
                        "@ProcessID": 0,
                        "@ThreadID": 0
                    },
                    "Channel": "Application",
                    "Computer": "EC2AMAZ-3I4MKBB",
                    "Security": {
                        "@UserID": {
                            "BinaryLength": 28,
                            "AccountDomainSid": "S-1-5-21-3575646855-3131785587-1589816510",
                            "Value": "S-1-5-21-3575646855-3131785587-1589816510-500"
                        }
                    }
                },
                "EventData": {
                    "Data": [
                        "System.Diagnostics.Eventing.Reader.EventProperty"
                    ]
                }
            }
        },
        {
            "Event": {
                "@xmlns": "http://schemas.microsoft.com/win/2004/08/events/event",
                "System": {
                    "Provider": {
                        "@Name": "Desktop Window Manager",
                        "@Guid": null
                    },
                    "EventID": {
                        "@Qualifiers": 16384,
                        "#text": 9027
                    },
                    "Version": 0,
                    "Level": "4",
                    "Source": "Information",
                    "Task": 0,
                    "Opcode": 0,
                    "Keywords": 36028797018963968,
                    "TimeCreated": {
                        "@SystemTime": "2024-08-16T13:14:53.074000Z"
                    },
                    "EventRecordID": "12851",
                    "Correlation": {},
                    "Execution": {
                        "@ProcessID": 0,
                        "@ThreadID": 0
                    },
                    "Channel": "Application",
                    "Computer": "EC2AMAZ-3I4MKBB",
                    "Security": {
                        "@UserID": null
                    }
                },
                "EventData": {
                    "Data": []
                }
            }
        },
        {
            "Event": {
                "@xmlns": "http://schemas.microsoft.com/win/2004/08/events/event",
                "System": {
                    "Provider": {
                        "@Name": "Microsoft-Windows-Security-SPP",
                        "@Guid": "e23b33b0-c8c9-472c-a5f9-f2bdfea0f156"
                    },
                    "EventID": {
                        "@Qualifiers": 16384,
                        "#text": 16384
                    },
                    "Version": 0,
                    "Level": "4",
                    "Source": "Information",
                    "Task": 0,
                    "Opcode": 0,
                    "Keywords": 36028797018963968,
                    "TimeCreated": {
                        "@SystemTime": "2024-08-16T12:55:05.837000Z"
                    },
                    "EventRecordID": "12850",
                    "Correlation": {},
                    "Execution": {
                        "@ProcessID": 0,
                        "@ThreadID": 0
                    },
                    "Channel": "Application",
                    "Computer": "EC2AMAZ-3I4MKBB",
                    "Security": {
                        "@UserID": null
                    }
                },
                "EventData": {
                    "Data": [
                        "System.Diagnostics.Eventing.Reader.EventProperty",
                        "System.Diagnostics.Eventing.Reader.EventProperty"
                    ]
                }
            }
        },
        {
            "Event": {
                "@xmlns": "http://schemas.microsoft.com/win/2004/08/events/event",
                "System": {
                    "Provider": {
                        "@Name": "Microsoft-Windows-Security-SPP",
                        "@Guid": "e23b33b0-c8c9-472c-a5f9-f2bdfea0f156"
                    },
                    "EventID": {
                        "@Qualifiers": 49152,
                        "#text": 16394
                    },
                    "Version": 0,
                    "Level": "4",
                    "Source": "Information",
                    "Task": 0,
                    "Opcode": 0,
                    "Keywords": 36028797018963968,
                    "TimeCreated": {
                        "@SystemTime": "2024-08-16T12:54:28.870000Z"
                    },
                    "EventRecordID": "12849",
                    "Correlation": {},
                    "Execution": {
                        "@ProcessID": 0,
                        "@ThreadID": 0
                    },
                    "Channel": "Application",
                    "Computer": "EC2AMAZ-3I4MKBB",
                    "Security": {
                        "@UserID": null
                    }
                },
                "EventData": {
                    "Data": []
                }
            }
        },
        {
            "Event": {
                "@xmlns": "http://schemas.microsoft.com/win/2004/08/events/event",
                "System": {
                    "Provider": {
                        "@Name": "Microsoft-Windows-Security-SPP",
                        "@Guid": "e23b33b0-c8c9-472c-a5f9-f2bdfea0f156"
                    },
                    "EventID": {
                        "@Qualifiers": 16384,
                        "#text": 16384
                    },
                    "Version": 0,
                    "Level": "4",
                    "Source": "Information",
                    "Task": 0,
                    "Opcode": 0,
                    "Keywords": 36028797018963968,
                    "TimeCreated": {
                        "@SystemTime": "2024-08-16T12:48:51.695000Z"
                    },
                    "EventRecordID": "12848",
                    "Correlation": {},
                    "Execution": {
                        "@ProcessID": 0,
                        "@ThreadID": 0
                    },
                    "Channel": "Application",
                    "Computer": "EC2AMAZ-3I4MKBB",
                    "Security": {
                        "@UserID": null
                    }
                },
                "EventData": {
                    "Data": [
                        "System.Diagnostics.Eventing.Reader.EventProperty",
                        "System.Diagnostics.Eventing.Reader.EventProperty"
                    ]
                }
            }
        },
        {
            "Event": {
                "@xmlns": "http://schemas.microsoft.com/win/2004/08/events/event",
                "System": {
                    "Provider": {
                        "@Name": "Microsoft-Windows-LoadPerf",
                        "@Guid": "122ee297-bb47-41ae-b265-1ca8d1886d40"
                    },
                    "EventID": {
                        "@Qualifiers": null,
                        "#text": 1000
                    },
                    "Version": 0,
                    "Level": "4",
                    "Source": "Information",
                    "Task": 0,
                    "Opcode": 0,
                    "Keywords": -9223372036854775808,
                    "TimeCreated": {
                        "@SystemTime": "2024-08-16T12:48:29.127000Z"
                    },
                    "EventRecordID": "12847",
                    "Correlation": {},
                    "Execution": {
                        "@ProcessID": 2264,
                        "@ThreadID": 1532
                    },
                    "Channel": "Application",
                    "Computer": "EC2AMAZ-3I4MKBB",
                    "Security": {
                        "@UserID": {
                            "BinaryLength": 12,
                            "AccountDomainSid": null,
                            "Value": "S-1-5-18"
                        }
                    }
                },
                "EventData": {
                    "Data": [
                        "System.Diagnostics.Eventing.Reader.EventProperty",
                        "System.Diagnostics.Eventing.Reader.EventProperty",
                        "System.Diagnostics.Eventing.Reader.EventProperty",
                        "System.Diagnostics.Eventing.Reader.EventProperty"
                    ]
                }
            }
        },
        {
            "Event": {
                "@xmlns": "http://schemas.microsoft.com/win/2004/08/events/event",
                "System": {
                    "Provider": {
                        "@Name": "Microsoft-Windows-LoadPerf",
                        "@Guid": "122ee297-bb47-41ae-b265-1ca8d1886d40"
                    },
                    "EventID": {
                        "@Qualifiers": null,
                        "#text": 1001
                    },
                    "Version": 0,
                    "Level": "4",
                    "Source": "Information",
                    "Task": 0,
                    "Opcode": 0,
                    "Keywords": -9223372036854775808,
                    "TimeCreated": {
                        "@SystemTime": "2024-08-16T12:48:29.051000Z"
                    },
                    "EventRecordID": "12846",
                    "Correlation": {},
                    "Execution": {
                        "@ProcessID": 2264,
                        "@ThreadID": 1532
                    },
                    "Channel": "Application",
                    "Computer": "EC2AMAZ-3I4MKBB",
                    "Security": {
                        "@UserID": {
                            "BinaryLength": 12,
                            "AccountDomainSid": null,
                            "Value": "S-1-5-18"
                        }
                    }
                },
                "EventData": {
                    "Data": [
                        "System.Diagnostics.Eventing.Reader.EventProperty",
                        "System.Diagnostics.Eventing.Reader.EventProperty",
                        "System.Diagnostics.Eventing.Reader.EventProperty",
                        "System.Diagnostics.Eventing.Reader.EventProperty"
                    ]
                }
            }
        },
        {
            "Event": {
                "@xmlns": "http://schemas.microsoft.com/win/2004/08/events/event",
                "System": {
                    "Provider": {
                        "@Name": "Microsoft-Windows-Security-SPP",
                        "@Guid": "e23b33b0-c8c9-472c-a5f9-f2bdfea0f156"
                    },
                    "EventID": {
                        "@Qualifiers": 49152,
                        "#text": 16394
                    },
                    "Version": 0,
                    "Level": "4",
                    "Source": "Information",
                    "Task": 0,
                    "Opcode": 0,
                    "Keywords": 36028797018963968,
                    "TimeCreated": {
                        "@SystemTime": "2024-08-16T12:48:21.507000Z"
                    },
                    "EventRecordID": "12845",
                    "Correlation": {},
                    "Execution": {
                        "@ProcessID": 0,
                        "@ThreadID": 0
                    },
                    "Channel": "Application",
                    "Computer": "EC2AMAZ-3I4MKBB",
                    "Security": {
                        "@UserID": null
                    }
                },
                "EventData": {
                    "Data": []
                }
            }
        },
        {
            "Event": {
                "@xmlns": "http://schemas.microsoft.com/win/2004/08/events/event",
                "System": {
                    "Provider": {
                        "@Name": "Microsoft-Windows-Security-SPP",
                        "@Guid": "e23b33b0-c8c9-472c-a5f9-f2bdfea0f156"
                    },
                    "EventID": {
                        "@Qualifiers": 16384,
                        "#text": 903
                    },
                    "Version": 0,
                    "Level": "0",
                    "Source": "Critical",
                    "Task": 0,
                    "Opcode": 0,
                    "Keywords": 36028797018963968,
                    "TimeCreated": {
                        "@SystemTime": "2024-08-16T12:47:00.113000Z"
                    },
                    "EventRecordID": "12844",
                    "Correlation": {},
                    "Execution": {
                        "@ProcessID": 0,
                        "@ThreadID": 0
                    },
                    "Channel": "Application",
                    "Computer": "EC2AMAZ-3I4MKBB",
                    "Security": {
                        "@UserID": null
                    }
                },
                "EventData": {
                    "Data": []
                }
            }
        },
        {
            "Event": {
                "@xmlns": "http://schemas.microsoft.com/win/2004/08/events/event",
                "System": {
                    "Provider": {
                        "@Name": "Microsoft-Windows-Security-SPP",
                        "@Guid": "e23b33b0-c8c9-472c-a5f9-f2bdfea0f156"
                    },
                    "EventID": {
                        "@Qualifiers": 16384,
                        "#text": 16384
                    },
                    "Version": 0,
                    "Level": "4",
                    "Source": "Information",
                    "Task": 0,
                    "Opcode": 0,
                    "Keywords": 36028797018963968,
                    "TimeCreated": {
                        "@SystemTime": "2024-08-16T12:47:00.082000Z"
                    },
                    "EventRecordID": "12843",
                    "Correlation": {},
                    "Execution": {
                        "@ProcessID": 0,
                        "@ThreadID": 0
                    },
                    "Channel": "Application",
                    "Computer": "EC2AMAZ-3I4MKBB",
                    "Security": {
                        "@UserID": null
                    }
                },
                "EventData": {
                    "Data": [
                        "System.Diagnostics.Eventing.Reader.EventProperty",
                        "System.Diagnostics.Eventing.Reader.EventProperty"
                    ]
                }
            }
        },
        {
            "Event": {
                "@xmlns": "http://schemas.microsoft.com/win/2004/08/events/event",
                "System": {
                    "Provider": {
                        "@Name": "Microsoft-Windows-Security-SPP",
                        "@Guid": "e23b33b0-c8c9-472c-a5f9-f2bdfea0f156"
                    },
                    "EventID": {
                        "@Qualifiers": 16384,
                        "#text": 902
                    },
                    "Version": 0,
                    "Level": "0",
                    "Source": "Critical",
                    "Task": 0,
                    "Opcode": 0,
                    "Keywords": 36028797018963968,
                    "TimeCreated": {
                        "@SystemTime": "2024-08-16T12:46:29.957000Z"
                    },
                    "EventRecordID": "12842",
                    "Correlation": {},
                    "Execution": {
                        "@ProcessID": 0,
                        "@ThreadID": 0
                    },
                    "Channel": "Application",
                    "Computer": "EC2AMAZ-3I4MKBB",
                    "Security": {
                        "@UserID": null
                    }
                },
                "EventData": {
                    "Data": [
                        "System.Diagnostics.Eventing.Reader.EventProperty"
                    ]
                }
            }
        }
    ]
}