        {
            "Event": {
                "@xmlns": "http://schemas.microsoft.com/win/2004/08/events/event",
                "System": {
                    "Provider": {
                        "@Name": "Come on",
                        "@Guid": null
                    },
                    "EventID": {
                        "@Qualifiers": 0,
                        "#text": 165
                    },
                    "Version": 0,
                    "Level": "3",
                    "Source": "Error",
                    "Task": 0,
                    "Opcode": 0,
                    "Keywords": 36028797018963968,
                    "TimeCreated": {
                        "@SystemTime": "2024-08-16T11:32:24.453000Z"
                    },
                    "EventRecordID": "12825",
                    "Correlation": {},
                    "Execution": {
                        "@ProcessID": 0,
                        "@ThreadID": 0
                    },
                    "Channel": "Application",
                    "Computer": "EC2AMAZ-3I4MKBB",
                    "Security": {
                        "@UserID": {
                            "BinaryLength": 28,
                            "AccountDomainSid": "S-1-5-21-3575646855-3131785587-1589816510",
                            "Value": "S-1-5-21-3575646855-3131785587-1589816510-500"
                        }
                    }
                },
                "EventData": {
                    "Data": [
                        "System.Diagnostics.Eventing.Reader.EventProperty"
                    ]
                }
            }
        },
        {
            "Event": {
                "@xmlns": "http://schemas.microsoft.com/win/2004/08/events/event",
                "System": {
                    "Provider": {
                        "@Name": "Come on",
                        "@Guid": null
                    },
                    "EventID": {
                        "@Qualifiers": 0,
                        "#text": 165
                    },
                    "Version": 0,
                    "Level": "4",
                    "Source": "Information",
                    "Task": 0,
                    "Opcode": 0,
                    "Keywords": 36028797018963968,
                    "TimeCreated": {
                        "@SystemTime": "2024-08-16T10:53:08.239000Z"
                    },
                    "EventRecordID": "12824",
                    "Correlation": {},
                    "Execution": {
                        "@ProcessID": 0,
                        "@ThreadID": 0
                    },
                    "Channel": "Application",
                    "Computer": "EC2AMAZ-3I4MKBB",
                    "Security": {
                        "@UserID": {
                            "BinaryLength": 28,
                            "AccountDomainSid": "S-1-5-21-3575646855-3131785587-1589816510",
                            "Value": "S-1-5-21-3575646855-3131785587-1589816510-500"
                        }
                    }
                },
                "EventData": {
                    "Data": [
                        "System.Diagnostics.Eventing.Reader.EventProperty"
                    ]
                }
            }
        },
        {
            "Event": {
                "@xmlns": "http://schemas.microsoft.com/win/2004/08/events/event",
                "System": {
                    "Provider": {
                        "@Name": "Microsoft-Windows-Security-SPP",
                        "@Guid": "e23b33b0-c8c9-472c-a5f9-f2bdfea0f156"
                    },
                    "EventID": {
                        "@Qualifiers": 16384,
                        "#text": 16384
                    },
                    "Version": 0,
                    "Level": "4",
                    "Source": "Information",
                    "Task": 0,
                    "Opcode": 0,
                    "Keywords": 36028797018963968,
                    "TimeCreated": {
                        "@SystemTime": "2024-08-16T10:46:43.095000Z"
                    },
                    "EventRecordID": "12823",
                    "Correlation": {},
                    "Execution": {
                        "@ProcessID": 0,
                        "@ThreadID": 0
                    },
                    "Channel": "Application",
                    "Computer": "EC2AMAZ-3I4MKBB",
                    "Security": {
                        "@UserID": null
                    }
                },
                "EventData": {
                    "Data": [
                        "System.Diagnostics.Eventing.Reader.EventProperty",
                        "System.Diagnostics.Eventing.Reader.EventProperty"
                    ]
                }
            }
        },
        {
            "Event": {
                "@xmlns": "http://schemas.microsoft.com/win/2004/08/events/event",
                "System": {
                    "Provider": {
                        "@Name": "ESENT",
                        "@Guid": null
                    },
                    "EventID": {
                        "@Qualifiers": 0,
                        "#text": 326
                    },
                    "Version": 0,
                    "Level": "4",
                    "Source": "Information",
                    "Task": 1,
                    "Opcode": 0,
                    "Keywords": 36028797018963968,
                    "TimeCreated": {
                        "@SystemTime": "2024-08-16T10:46:23.518000Z"
                    },
                    "EventRecordID": "12822",
                    "Correlation": {},
                    "Execution": {
                        "@ProcessID": 0,
                        "@ThreadID": 0
                    },
                    "Channel": "Application",
                    "Computer": "EC2AMAZ-3I4MKBB",
                    "Security": {
                        "@UserID": null
                    }
                },
                "EventData": {
                    "Data": [
                        "System.Diagnostics.Eventing.Reader.EventProperty",
                        "System.Diagnostics.Eventing.Reader.EventProperty",
                        "System.Diagnostics.Eventing.Reader.EventProperty",
                        "System.Diagnostics.Eventing.Reader.EventProperty",
                        "System.Diagnostics.Eventing.Reader.EventProperty",
                        "System.Diagnostics.Eventing.Reader.EventProperty",
                        "System.Diagnostics.Eventing.Reader.EventProperty",
                        "System.Diagnostics.Eventing.Reader.EventProperty",
                        "System.Diagnostics.Eventing.Reader.EventProperty"
                    ]
                }
            }
        },
        {
            "Event": {
                "@xmlns": "http://schemas.microsoft.com/win/2004/08/events/event",
                "System": {
                    "Provider": {
                        "@Name": "ESENT",
                        "@Guid": null
                    },
                    "EventID": {
                        "@Qualifiers": 0,
                        "#text": 105
                    },
                    "Version": 0,
                    "Level": "4",
                    "Source": "Information",
                    "Task": 1,
                    "Opcode": 0,
                    "Keywords": 36028797018963968,
                    "TimeCreated": {
                        "@SystemTime": "2024-08-16T10:46:23.502000Z"
                    },
                    "EventRecordID": "12821",
                    "Correlation": {},
                    "Execution": {
                        "@ProcessID": 0,
                        "@ThreadID": 0
                    },
                    "Channel": "Application",
                    "Computer": "EC2AMAZ-3I4MKBB",
                    "Security": {
                        "@UserID": null
                    }
                },
                "EventData": {
                    "Data": [
                        "System.Diagnostics.Eventing.Reader.EventProperty",
                        "System.Diagnostics.Eventing.Reader.EventProperty",
                        "System.Diagnostics.Eventing.Reader.EventProperty",
                        "System.Diagnostics.Eventing.Reader.EventProperty",
                        "System.Diagnostics.Eventing.Reader.EventProperty",
                        "System.Diagnostics.Eventing.Reader.EventProperty",
                        "System.Diagnostics.Eventing.Reader.EventProperty"
                    ]
                }
            }
        },
        {
            "Event": {
                "@xmlns": "http://schemas.microsoft.com/win/2004/08/events/event",
                "System": {
                    "Provider": {
                        "@Name": "ESENT",
                        "@Guid": null
                    },
                    "EventID": {
                        "@Qualifiers": 0,
                        "#text": 302
                    },
                    "Version": 0,
                    "Level": "4",
                    "Source": "Information",
                    "Task": 3,
                    "Opcode": 0,
                    "Keywords": 36028797018963968,
                    "TimeCreated": {
                        "@SystemTime": "2024-08-16T10:46:23.487000Z"
                    },
                    "EventRecordID": "12820",
                    "Correlation": {},
                    "Execution": {
                        "@ProcessID": 0,
                        "@ThreadID": 0
                    },
                    "Channel": "Application",
                    "Computer": "EC2AMAZ-3I4MKBB",
                    "Security": {
                        "@UserID": null
                    }
                },
                "EventData": {
                    "Data": [
                        "System.Diagnostics.Eventing.Reader.EventProperty",
                        "System.Diagnostics.Eventing.Reader.EventProperty",
                        "System.Diagnostics.Eventing.Reader.EventProperty"
                    ]
                }
            }
        },
        {
            "Event": {
                "@xmlns": "http://schemas.microsoft.com/win/2004/08/events/event",
                "System": {
                    "Provider": {
                        "@Name": "ESENT",
                        "@Guid": null
                    },
                    "EventID": {
                        "@Qualifiers": 0,
                        "#text": 301
                    },
                    "Version": 0,
                    "Level": "4",
                    "Source": "Information",
                    "Task": 3,
                    "Opcode": 0,
                    "Keywords": 36028797018963968,
                    "TimeCreated": {
                        "@SystemTime": "2024-08-16T10:46:23.440000Z"
                    },
                    "EventRecordID": "12819",
                    "Correlation": {},
                    "Execution": {
                        "@ProcessID": 0,
                        "@ThreadID": 0
                    },
                    "Channel": "Application",
                    "Computer": "EC2AMAZ-3I4MKBB",
                    "Security": {
                        "@UserID": null
                    }
                },
                "EventData": {
                    "Data": [
                        "System.Diagnostics.Eventing.Reader.EventProperty",
                        "System.Diagnostics.Eventing.Reader.EventProperty",
                        "System.Diagnostics.Eventing.Reader.EventProperty",
                        "System.Diagnostics.Eventing.Reader.EventProperty",
                        "System.Diagnostics.Eventing.Reader.EventProperty",
                        "System.Diagnostics.Eventing.Reader.EventProperty",
                        "System.Diagnostics.Eventing.Reader.EventProperty"
                    ]
                }
            }
        },
        {
            "Event": {
                "@xmlns": "http://schemas.microsoft.com/win/2004/08/events/event",
                "System": {
                    "Provider": {
                        "@Name": "ESENT",
                        "@Guid": null
                    },
                    "EventID": {
                        "@Qualifiers": 0,
                        "#text": 301
                    },
                    "Version": 0,
                    "Level": "4",
                    "Source": "Information",
                    "Task": 3,
                    "Opcode": 0,
                    "Keywords": 36028797018963968,
                    "TimeCreated": {
                        "@SystemTime": "2024-08-16T10:46:23.362000Z"
                    },
                    "EventRecordID": "12818",
                    "Correlation": {},
                    "Execution": {
                        "@ProcessID": 0,
                        "@ThreadID": 0
                    },
                    "Channel": "Application",
                    "Computer": "EC2AMAZ-3I4MKBB",
                    "Security": {
                        "@UserID": null
                    }
                },
                "EventData": {
                    "Data": [
                        "System.Diagnostics.Eventing.Reader.EventProperty",
                        "System.Diagnostics.Eventing.Reader.EventProperty",
                        "System.Diagnostics.Eventing.Reader.EventProperty",
                        "System.Diagnostics.Eventing.Reader.EventProperty",
                        "System.Diagnostics.Eventing.Reader.EventProperty",
                        "System.Diagnostics.Eventing.Reader.EventProperty",
                        "System.Diagnostics.Eventing.Reader.EventProperty"
                    ]
                }
            }
        },
        {
            "Event": {
                "@xmlns": "http://schemas.microsoft.com/win/2004/08/events/event",
                "System": {
                    "Provider": {
                        "@Name": "ESENT",
                        "@Guid": null
                    },
                    "EventID": {
                        "@Qualifiers": 0,
                        "#text": 300
                    },
                    "Version": 0,
                    "Level": "4",
                    "Source": "Information",
                    "Task": 3,
                    "Opcode": 0,
                    "Keywords": 36028797018963968,
                    "TimeCreated": {
                        "@SystemTime": "2024-08-16T10:46:23.190000Z"
                    },
                    "EventRecordID": "12817",
                    "Correlation": {},
                    "Execution": {
                        "@ProcessID": 0,
                        "@ThreadID": 0
                    },
                    "Channel": "Application",
                    "Computer": "EC2AMAZ-3I4MKBB",
                    "Security": {
                        "@UserID": null
                    }
                },
                "EventData": {
                    "Data": [
                        "System.Diagnostics.Eventing.Reader.EventProperty",
                        "System.Diagnostics.Eventing.Reader.EventProperty",
                        "System.Diagnostics.Eventing.Reader.EventProperty"
                    ]
                }
            }
        },
        {
            "Event": {
                "@xmlns": "http://schemas.microsoft.com/win/2004/08/events/event",
                "System": {
                    "Provider": {
                        "@Name": "ESENT",
                        "@Guid": null
                    },
                    "EventID": {
                        "@Qualifiers": 0,
                        "#text": 102
                    },
                    "Version": 0,
                    "Level": "4",
                    "Source": "Information",
                    "Task": 1,
                    "Opcode": 0,
                    "Keywords": 36028797018963968,
                    "TimeCreated": {
                        "@SystemTime": "2024-08-16T10:46:23.174000Z"
                    },
                    "EventRecordID": "12816",
                    "Correlation": {},
                    "Execution": {
                        "@ProcessID": 0,
                        "@ThreadID": 0
                    },
                    "Channel": "Application",
                    "Computer": "EC2AMAZ-3I4MKBB",
                    "Security": {
                        "@UserID": null
                    }
                },
                "EventData": {
                    "Data": [
                        "System.Diagnostics.Eventing.Reader.EventProperty",
                        "System.Diagnostics.Eventing.Reader.EventProperty",
                        "System.Diagnostics.Eventing.Reader.EventProperty",
                        "System.Diagnostics.Eventing.Reader.EventProperty",
                        "System.Diagnostics.Eventing.Reader.EventProperty",
                        "System.Diagnostics.Eventing.Reader.EventProperty",
                        "System.Diagnostics.Eventing.Reader.EventProperty",
                        "System.Diagnostics.Eventing.Reader.EventProperty"
                    ]
                }
            }
        },
        {
            "Event": {
                "@xmlns": "http://schemas.microsoft.com/win/2004/08/events/event",
                "System": {
                    "Provider": {
                        "@Name": "Microsoft-Windows-Security-SPP",
                        "@Guid": "e23b33b0-c8c9-472c-a5f9-f2bdfea0f156"
                    },
                    "EventID": {
                        "@Qualifiers": 49152,
                        "#text": 16394
                    },
                    "Version": 0,
                    "Level": "4",
                    "Source": "Information",
                    "Task": 0,
                    "Opcode": 0,
                    "Keywords": 36028797018963968,
                    "TimeCreated": {
                        "@SystemTime": "2024-08-16T10:46:03.112000Z"
                    },
                    "EventRecordID": "12815",
                    "Correlation": {},
                    "Execution": {
                        "@ProcessID": 0,
                        "@ThreadID": 0
                    },
                    "Channel": "Application",
                    "Computer": "EC2AMAZ-3I4MKBB",
                    "Security": {
                        "@UserID": null
                    }
                },
                "EventData": {
                    "Data": []
                }
            }
        },
        {
            "Event": {
                "@xmlns": "http://schemas.microsoft.com/win/2004/08/events/event",
                "System": {
                    "Provider": {
                        "@Name": "Come on",
                        "@Guid": null
                    },
                    "EventID": {
                        "@Qualifiers": 0,
                        "#text": 1
                    },
                    "Version": 0,
                    "Level": "4",
                    "Source": "Information",
                    "Task": 0,
                    "Opcode": 0,
                    "Keywords": 36028797018963968,
                    "TimeCreated": {
                        "@SystemTime": "2024-08-16T10:41:38.416000Z"
                    },
                    "EventRecordID": "12814",
                    "Correlation": {},
                    "Execution": {
                        "@ProcessID": 0,
                        "@ThreadID": 0
                    },
                    "Channel": "Application",
                    "Computer": "EC2AMAZ-3I4MKBB",
                    "Security": {
                        "@UserID": {
                            "BinaryLength": 28,
                            "AccountDomainSid": "S-1-5-21-3575646855-3131785587-1589816510",
                            "Value": "S-1-5-21-3575646855-3131785587-1589816510-500"
                        }
                    }
                },
                "EventData": {
                    "Data": [
                        "System.Diagnostics.Eventing.Reader.EventProperty"
                    ]
                }
            }
        },
        {
            "Event": {
                "@xmlns": "http://schemas.microsoft.com/win/2004/08/events/event",
                "System": {
                    "Provider": {
                        "@Name": "Microsoft-Windows-Security-SPP",
                        "@Guid": "e23b33b0-c8c9-472c-a5f9-f2bdfea0f156"
                    },
                    "EventID": {
                        "@Qualifiers": 16384,
                        "#text": 16384
                    },
                    "Version": 0,
                    "Level": "4",
                    "Source": "Information",
                    "Task": 0,
                    "Opcode": 0,
                    "Keywords": 36028797018963968,
                    "TimeCreated": {
                        "@SystemTime": "2024-08-16T10:40:40.058000Z"
                    },
                    "EventRecordID": "12813",
                    "Correlation": {},
                    "Execution": {
                        "@ProcessID": 0,
                        "@ThreadID": 0
                    },
                    "Channel": "Application",
                    "Computer": "EC2AMAZ-3I4MKBB",
                    "Security": {
                        "@UserID": null
                    }
                },
                "EventData": {
                    "Data": [
                        "System.Diagnostics.Eventing.Reader.EventProperty",
                        "System.Diagnostics.Eventing.Reader.EventProperty"
                    ]
                }
            }
        },
        {
            "Event": {
                "@xmlns": "http://schemas.microsoft.com/win/2004/08/events/event",
                "System": {
                    "Provider": {
                        "@Name": "Microsoft-Windows-LoadPerf",
                        "@Guid": "122ee297-bb47-41ae-b265-1ca8d1886d40"
                    },
                    "EventID": {
                        "@Qualifiers": null,
                        "#text": 1000
                    },
                    "Version": 0,
                    "Level": "4",
                    "Source": "Information",
                    "Task": 0,
                    "Opcode": 0,
                    "Keywords": -9223372036854775808,
                    "TimeCreated": {
                        "@SystemTime": "2024-08-16T10:40:18.648000Z"
                    },
                    "EventRecordID": "12812",
                    "Correlation": {},
                    "Execution": {
                        "@ProcessID": 4624,
                        "@ThreadID": 104
                    },
                    "Channel": "Application",
                    "Computer": "EC2AMAZ-3I4MKBB",
                    "Security": {
                        "@UserID": {
                            "BinaryLength": 12,
                            "AccountDomainSid": null,
                            "Value": "S-1-5-18"
                        }
                    }
                },
                "EventData": {
                    "Data": [
                        "System.Diagnostics.Eventing.Reader.EventProperty",
                        "System.Diagnostics.Eventing.Reader.EventProperty",
                        "System.Diagnostics.Eventing.Reader.EventProperty",
                        "System.Diagnostics.Eventing.Reader.EventProperty"
                    ]
                }
            }
        },
        {
            "Event": {
                "@xmlns": "http://schemas.microsoft.com/win/2004/08/events/event",
                "System": {
                    "Provider": {
                        "@Name": "Microsoft-Windows-LoadPerf",
                        "@Guid": "122ee297-bb47-41ae-b265-1ca8d1886d40"
                    },
                    "EventID": {
                        "@Qualifiers": null,
                        "#text": 1001
                    },
                    "Version": 0,
                    "Level": "4",
                    "Source": "Information",
                    "Task": 0,
                    "Opcode": 0,
                    "Keywords": -9223372036854775808,
                    "TimeCreated": {
                        "@SystemTime": "2024-08-16T10:40:18.559000Z"
                    },
                    "EventRecordID": "12811",
                    "Correlation": {},
                    "Execution": {
                        "@ProcessID": 4624,
                        "@ThreadID": 104
                    },
                    "Channel": "Application",
                    "Computer": "EC2AMAZ-3I4MKBB",
                    "Security": {
                        "@UserID": {
                            "BinaryLength": 12,
                            "AccountDomainSid": null,
                            "Value": "S-1-5-18"
                        }
                    }
                },
                "EventData": {
                    "Data": [
                        "System.Diagnostics.Eventing.Reader.EventProperty",
                        "System.Diagnostics.Eventing.Reader.EventProperty",
                        "System.Diagnostics.Eventing.Reader.EventProperty",
                        "System.Diagnostics.Eventing.Reader.EventProperty"
                    ]
                }
            }
        },
        {
            "Event": {
                "@xmlns": "http://schemas.microsoft.com/win/2004/08/events/event",
                "System": {
                    "Provider": {
                        "@Name": "Microsoft-Windows-Security-SPP",
                        "@Guid": "e23b33b0-c8c9-472c-a5f9-f2bdfea0f156"
                    },
                    "EventID": {
                        "@Qualifiers": 49152,
                        "#text": 16394
                    },
                    "Version": 0,
                    "Level": "4",
                    "Source": "Information",
                    "Task": 0,
                    "Opcode": 0,
                    "Keywords": 36028797018963968,
                    "TimeCreated": {
                        "@SystemTime": "2024-08-16T10:39:50.934000Z"
                    },
                    "EventRecordID": "12810",
                    "Correlation": {},
                    "Execution": {
                        "@ProcessID": 0,
                        "@ThreadID": 0
                    },
                    "Channel": "Application",
                    "Computer": "EC2AMAZ-3I4MKBB",
                    "Security": {
                        "@UserID": null
                    }
                },
                "EventData": {
                    "Data": []
                }
            }
        },
        {
            "Event": {
                "@xmlns": "http://schemas.microsoft.com/win/2004/08/events/event",
                "System": {
                    "Provider": {
                        "@Name": "Microsoft-Windows-Security-SPP",
                        "@Guid": "e23b33b0-c8c9-472c-a5f9-f2bdfea0f156"
                    },
                    "EventID": {
                        "@Qualifiers": 16384,
                        "#text": 903
                    },
                    "Version": 0,
                    "Level": "0",
                    "Source": "Critical",
                    "Task": 0,
                    "Opcode": 0,
                    "Keywords": 36028797018963968,
                    "TimeCreated": {
                        "@SystemTime": "2024-08-16T10:38:32.410000Z"
                    },
                    "EventRecordID": "12809",
                    "Correlation": {},
                    "Execution": {
                        "@ProcessID": 0,
                        "@ThreadID": 0
                    },
                    "Channel": "Application",
                    "Computer": "EC2AMAZ-3I4MKBB",
                    "Security": {
                        "@UserID": null
                    }
                },
                "EventData": {
                    "Data": []
                }
            }
        },
        {
            "Event": {
                "@xmlns": "http://schemas.microsoft.com/win/2004/08/events/event",
                "System": {
                    "Provider": {
                        "@Name": "Microsoft-Windows-Security-SPP",
                        "@Guid": "e23b33b0-c8c9-472c-a5f9-f2bdfea0f156"
                    },
                    "EventID": {
                        "@Qualifiers": 16384,
                        "#text": 16384
                    },
                    "Version": 0,
                    "Level": "4",
                    "Source": "Information",
                    "Task": 0,
                    "Opcode": 0,
                    "Keywords": 36028797018963968,
                    "TimeCreated": {
                        "@SystemTime": "2024-08-16T10:38:32.379000Z"
                    },
                    "EventRecordID": "12808",
                    "Correlation": {},
                    "Execution": {
                        "@ProcessID": 0,
                        "@ThreadID": 0
                    },
                    "Channel": "Application",
                    "Computer": "EC2AMAZ-3I4MKBB",
                    "Security": {
                        "@UserID": null
                    }
                },
                "EventData": {
                    "Data": [
                        "System.Diagnostics.Eventing.Reader.EventProperty",
                        "System.Diagnostics.Eventing.Reader.EventProperty"
                    ]
                }
            }
        },
        {
            "Event": {
                "@xmlns": "http://schemas.microsoft.com/win/2004/08/events/event",
                "System": {
                    "Provider": {
                        "@Name": "edgeupdate",
                        "@Guid": null
                    },
                    "EventID": {
                        "@Qualifiers": 0,
                        "#text": 0
                    },
                    "Version": 0,
                    "Level": "4",
                    "Source": "Information",
                    "Task": 0,
                    "Opcode": 0,
                    "Keywords": 36028797018963968,
                    "TimeCreated": {
                        "@SystemTime": "2024-08-16T10:38:05.681000Z"
                    },
                    "EventRecordID": "12807",
                    "Correlation": {},
                    "Execution": {
                        "@ProcessID": 0,
                        "@ThreadID": 0
                    },
                    "Channel": "Application",
                    "Computer": "EC2AMAZ-3I4MKBB",
                    "Security": {
                        "@UserID": null
                    }
                },
                "EventData": {
                    "Data": [
                        "System.Diagnostics.Eventing.Reader.EventProperty"
                    ]
                }
            }
        }
    ]
}